<?xml version="1.0" encoding="UTF-8"?>
<testng-results skipped="0" failed="1" ignored="657" total="660" passed="2">
  <reporter-output>
    <line>
      <![CDATA[<font color='green'>Open Browser : chrome</font>]]>
    </line>
    <line>
      <![CDATA[<font color='green'>Navigate to : https://qat.xcmsolutions.com/xcmv2/account/login?ReturnUrl=%2Fxcmv2%2F</font>]]>
    </line>
    <line>
      <![CDATA[<font color='blue'>################################DataSet: 1################################</font>]]>
    </line>
    <line>
      <![CDATA[<font color='blue'>Server Details : BLR-QA-FE-1</font>]]>
    </line>
    <line>
      <![CDATA[<font color='green'>Type '117web@xcmsolutions.com' in : Username </font>]]>
    </line>
    <line>
      <![CDATA[<font color='green'>Type '789xcm@#' in : Password </font>]]>
    </line>
    <line>
      <![CDATA[<font color='green'>Click on: Login button </font>]]>
    </line>
    <line>
      <![CDATA[<font color='green'>Home page is displayed</font>]]>
    </line>
    <line>
      <![CDATA[<font color='blue'>################################DataSet: 1################################</font>]]>
    </line>
    <line>
      <![CDATA[<font color='blue'>Reports page is displayed successfully</font>]]>
    </line>
    <line>
      <![CDATA[<font color='green'>Click on: Reports tab </font>]]>
    </line>
    <line>
      <![CDATA[<font color='green'>The page  loaded successfully</font>]]>
    </line>
    <line>
      <![CDATA[<font color='blue'>Detailed Report link is clicked Successfully</font>]]>
    </line>
    <line>
      <![CDATA[<font color='green'>"Run Report" button is clicked Successfully.</font>]]>
    </line>
    <line>
      <![CDATA[<font color='green'>"Run Report" button is present in Reports page.</font>]]>
    </line>
    <line>
      <![CDATA[<font color='green'>The page  loaded successfully</font>]]>
    </line>
    <line>
      <![CDATA[<font color='blue'>Task Details - Large Report not generated .</font>]]>
    </line>
    <line>
      <![CDATA[<a href='Screenshots/TestFailure1.png'><font color='red'>Task Details - LargeReport not generated -Issue in the Report.</font> </a>]]>
    </line>
    <line>
      <![CDATA[<font color='blue'>################################DataSet: 1################################</font>]]>
    </line>
    <line>
      <![CDATA[<font color='green'>Click on: Profile link </font>]]>
    </line>
    <line>
      <![CDATA[<font color='green'>Click on: Log off </font>]]>
    </line>
  </reporter-output>
  <suite name="Suite" duration-ms="296468" started-at="2021-01-06T09:15:15Z" finished-at="2021-01-06T09:20:11Z">
    <groups>
    </groups>
    <test name="Desktop1" duration-ms="296468" started-at="2021-01-06T09:15:15Z" finished-at="2021-01-06T09:20:11Z">
      <class name="TestCases.TestCases">
        <test-method status="PASS" signature="init()[pri:0, instance:TestCases.TestCases@2c9f9fb0]" name="init" is-config="true" duration-ms="723" started-at="2021-01-06T14:45:14Z" finished-at="2021-01-06T14:45:15Z">
          <reporter-output>
          </reporter-output>
        </test-method> <!-- init -->
        <test-method status="PASS" signature="precondition(java.lang.String, java.lang.String, java.lang.String, java.lang.String, java.lang.String, java.lang.String, java.lang.String, java.lang.String)[pri:0, instance:TestCases.TestCases@2c9f9fb0]" name="precondition" is-config="true" duration-ms="12818" started-at="2021-01-06T14:45:15Z" finished-at="2021-01-06T14:45:27Z">
          <params>
            <param index="0">
              <value>
                <![CDATA[Desktop1]]>
              </value>
            </param>
            <param index="1">
              <value>
                <![CDATA[localhost]]>
              </value>
            </param>
            <param index="2">
              <value>
                <![CDATA[7851]]>
              </value>
            </param>
            <param index="3">
              <value>
                <![CDATA[chrome]]>
              </value>
            </param>
            <param index="4">
              <value>
                <![CDATA[Windows]]>
              </value>
            </param>
            <param index="5">
              <value>
                <![CDATA[60]]>
              </value>
            </param>
            <param index="6">
              <value>
                <![CDATA[10]]>
              </value>
            </param>
            <param index="7">
              <value>
                <![CDATA[1]]>
              </value>
            </param>
          </params>
          <reporter-output>
            <line>
              <![CDATA[<font color='green'>Open Browser : chrome</font>]]>
            </line>
            <line>
              <![CDATA[<font color='green'>Navigate to : https://qat.xcmsolutions.com/xcmv2/account/login?ReturnUrl=%2Fxcmv2%2F</font>]]>
            </line>
          </reporter-output>
        </test-method> <!-- precondition -->
        <test-method status="PASS" signature="before()[pri:0, instance:TestCases.TestCases@2c9f9fb0]" name="before" is-config="true" duration-ms="0" started-at="2021-01-06T14:45:28Z" finished-at="2021-01-06T14:45:28Z">
          <reporter-output>
          </reporter-output>
        </test-method> <!-- before -->
        <test-method status="PASS" signature="TC_Login(java.lang.reflect.Method)[pri:0, instance:TestCases.TestCases@2c9f9fb0]" name="TC_Login" duration-ms="22885" started-at="2021-01-06T14:45:28Z" finished-at="2021-01-06T14:45:50Z">
          <params>
            <param index="0">
              <value>
                <![CDATA[public void TestCases.TestCases.TC_Login(java.lang.reflect.Method)]]>
              </value>
            </param>
          </params>
          <reporter-output>
            <line>
              <![CDATA[<font color='blue'>################################DataSet: 1################################</font>]]>
            </line>
            <line>
              <![CDATA[<font color='blue'>Server Details : BLR-QA-FE-1</font>]]>
            </line>
            <line>
              <![CDATA[<font color='green'>Type '117web@xcmsolutions.com' in : Username </font>]]>
            </line>
            <line>
              <![CDATA[<font color='green'>Type '789xcm@#' in : Password </font>]]>
            </line>
            <line>
              <![CDATA[<font color='green'>Click on: Login button </font>]]>
            </line>
            <line>
              <![CDATA[<font color='green'>Home page is displayed</font>]]>
            </line>
          </reporter-output>
        </test-method> <!-- TC_Login -->
        <test-method status="PASS" signature="before()[pri:0, instance:TestCases.TestCases@2c9f9fb0]" name="before" is-config="true" duration-ms="1" started-at="2021-01-06T14:45:50Z" finished-at="2021-01-06T14:45:50Z">
          <reporter-output>
          </reporter-output>
        </test-method> <!-- before -->
        <test-method status="FAIL" signature="TDR_DET_01(java.lang.reflect.Method)[pri:0, instance:TestCases.TestCases@2c9f9fb0]" name="TDR_DET_01" duration-ms="258695" started-at="2021-01-06T14:45:50Z" finished-at="2021-01-06T14:50:09Z">
          <params>
            <param index="0">
              <value>
                <![CDATA[public void TestCases.TestCases.TDR_DET_01(java.lang.reflect.Method)]]>
              </value>
            </param>
          </params>
          <exception class="java.lang.AssertionError">
            <message>
              <![CDATA[null]]>
            </message>
            <full-stacktrace>
              <![CDATA[java.lang.AssertionError: null
	at org.testng.Assert.fail(Assert.java:94)
	at org.testng.Assert.fail(Assert.java:101)
	at utilities.Common.testFailed(Common.java:148)
	at TestCases.TestCases.TestEnd(TestCases.java:10774)
	at TestCases.TestCases.TDR_DET_01(TestCases.java:1877)
	at sun.reflect.NativeMethodAccessorImpl.invoke0(Native Method)
	at sun.reflect.NativeMethodAccessorImpl.invoke(Unknown Source)
	at sun.reflect.DelegatingMethodAccessorImpl.invoke(Unknown Source)
	at java.lang.reflect.Method.invoke(Unknown Source)
	at org.testng.internal.MethodInvocationHelper.invokeMethod(MethodInvocationHelper.java:104)
	at org.testng.internal.Invoker.invokeMethod(Invoker.java:645)
	at org.testng.internal.Invoker.invokeTestMethod(Invoker.java:851)
	at org.testng.internal.Invoker.invokeTestMethods(Invoker.java:1177)
	at org.testng.internal.TestMethodWorker.invokeTestMethods(TestMethodWorker.java:129)
	at org.testng.internal.TestMethodWorker.run(TestMethodWorker.java:112)
	at org.testng.TestRunner.privateRun(TestRunner.java:756)
	at org.testng.TestRunner.run(TestRunner.java:610)
	at org.testng.SuiteRunner.runTest(SuiteRunner.java:387)
	at org.testng.SuiteRunner.access$000(SuiteRunner.java:39)
	at org.testng.SuiteRunner$SuiteWorker.run(SuiteRunner.java:421)
	at org.testng.internal.thread.ThreadUtil$2.call(ThreadUtil.java:64)
	at java.util.concurrent.FutureTask.run(Unknown Source)
	at java.util.concurrent.ThreadPoolExecutor.runWorker(Unknown Source)
	at java.util.concurrent.ThreadPoolExecutor$Worker.run(Unknown Source)
	at java.lang.Thread.run(Unknown Source)
]]>
            </full-stacktrace>
          </exception> <!-- java.lang.AssertionError -->
          <reporter-output>
            <line>
              <![CDATA[<font color='blue'>################################DataSet: 1################################</font>]]>
            </line>
            <line>
              <![CDATA[<font color='blue'>Reports page is displayed successfully</font>]]>
            </line>
            <line>
              <![CDATA[<font color='green'>Click on: Reports tab </font>]]>
            </line>
            <line>
              <![CDATA[<font color='green'>The page  loaded successfully</font>]]>
            </line>
            <line>
              <![CDATA[<font color='blue'>Detailed Report link is clicked Successfully</font>]]>
            </line>
            <line>
              <![CDATA[<font color='green'>"Run Report" button is clicked Successfully.</font>]]>
            </line>
            <line>
              <![CDATA[<font color='green'>"Run Report" button is present in Reports page.</font>]]>
            </line>
            <line>
              <![CDATA[<font color='green'>The page  loaded successfully</font>]]>
            </line>
            <line>
              <![CDATA[<font color='blue'>Task Details - Large Report not generated .</font>]]>
            </line>
            <line>
              <![CDATA[<a href='Screenshots/TestFailure1.png'><font color='red'>Task Details - LargeReport not generated -Issue in the Report.</font> </a>]]>
            </line>
          </reporter-output>
        </test-method> <!-- TDR_DET_01 -->
        <test-method status="PASS" signature="TC_Logout(java.lang.reflect.Method)[pri:0, instance:TestCases.TestCases@2c9f9fb0]" name="TC_Logout" duration-ms="1863" started-at="2021-01-06T14:50:09Z" finished-at="2021-01-06T14:50:11Z">
          <params>
            <param index="0">
              <value>
                <![CDATA[public void TestCases.TestCases.TC_Logout(java.lang.reflect.Method)]]>
              </value>
            </param>
          </params>
          <reporter-output>
            <line>
              <![CDATA[<font color='blue'>################################DataSet: 1################################</font>]]>
            </line>
            <line>
              <![CDATA[<font color='green'>Click on: Profile link </font>]]>
            </line>
            <line>
              <![CDATA[<font color='green'>Click on: Log off </font>]]>
            </line>
          </reporter-output>
        </test-method> <!-- TC_Logout -->
        <test-method status="PASS" signature="before()[pri:0, instance:TestCases.TestCases@2c9f9fb0]" name="before" is-config="true" duration-ms="0" started-at="2021-01-06T14:50:09Z" finished-at="2021-01-06T14:50:09Z">
          <reporter-output>
          </reporter-output>
        </test-method> <!-- before -->
        <test-method status="PASS" signature="closeSessions()[pri:0, instance:TestCases.TestCases@2c9f9fb0]" name="closeSessions" is-config="true" duration-ms="155" started-at="2021-01-06T14:50:11Z" finished-at="2021-01-06T14:50:11Z">
          <reporter-output>
          </reporter-output>
        </test-method> <!-- closeSessions -->
      </class> <!-- TestCases.TestCases -->
    </test> <!-- Desktop1 -->
  </suite> <!-- Suite -->
</testng-results>
