-------------------------------------------------------------------------------
Test set: TestSuite
-------------------------------------------------------------------------------
Tests run: 3, Failures: 1, Errors: 0, Skipped: 0, Time elapsed: 299.555 s <<< FAILURE! - in TestSuite
TDR_DET_01(TestCases.TestCases)  Time elapsed: 258.709 s  <<< FAILURE!
java.lang.AssertionError: null
	at TestCases.TestCases.TestEnd(TestCases.java:10774)
	at TestCases.TestCases.TDR_DET_01(TestCases.java:1877)

