<?xml version="1.0" encoding="UTF-8"?>
<testsuite xmlns:xsi="http://www.w3.org/2001/XMLSchema-instance" xsi:noNamespaceSchemaLocation="https://maven.apache.org/surefire/maven-surefire-plugin/xsd/surefire-test-report-3.0.xsd" version="3.0" name="TestSuite" time="13.1" tests="1266" errors="0" skipped="1265" failures="1">
  <properties>
[...]
</properties>
  <testcase name="precondition" classname="TestCases.TestCases" time="10.642">
    <failure type="java.lang.NullPointerException">java.lang.NullPointerException
	at TestCases.TestCases.precondition(TestCases.java:112)
</failure>
    <system-out><![CDATA[[TestNGContentHandler] [WARN] It is strongly recommended to add "<!DOCTYPE suite SYSTEM "http://testng.org/testng-1.0.dtd" >" at the top of your file, otherwise TestNG may fail or not work as expected.
4059 [TestNG] ERROR ./TestResults/2020_11_18_11_34_33_PM/LogFile.log  - Browser: Open Failure/Navigation cancelled, please check the application window. Error: org.openqa.selenium.remote.UnreachableBrowserException: Could not start a new session. Possible causes are invalid address of the remote server or browser start-up failure.
Build info: version: '3.6.0', revision: '6fbf3ec767', time: '2017-09-27T15:28:36.4Z'
System info: host: 'XPITAX-11568', ip: '192.168.0.105', os.name: 'Windows 10', os.arch: 'amd64', os.version: '10.0', java.version: '1.8.0_191'
Driver info: driver.version: RemoteWebDriver
Screenshot path: E:\Naveenkumar-11568\REPORTSautomation\ScriptVersions\Script6/SureFireReports/20201118-180424/Screenshots/
]]></system-out>
  </testcase>
  <testcase name="before" classname="TestCases.TestCases" time="0">
    <skipped/>
  </testcase>
  <testcase name="before" classname="TestCases.TestCases" time="0">
    <skipped/>
  </testcase>
  <testcase name="before" classname="TestCases.TestCases" time="0">
    <skipped/>
  </testcase>
  <testcase name="before" classname="TestCases.TestCases" time="0">
    <skipped/>
  </testcase>
  <testcase name="before" classname="TestCases.TestCases" time="0">
    <skipped/>
  </testcase>
  <testcase name="before" classname="TestCases.TestCases" time="0">
    <skipped/>
  </testcase>
  <testcase name="before" classname="TestCases.TestCases" time="0">
    <skipped/>
  </testcase>
  <testcase name="before" classname="TestCases.TestCases" time="0">
    <skipped/>
  </testcase>
  <testcase name="before" classname="TestCases.TestCases" time="0">
    <skipped/>
  </testcase>
  <testcase name="before" classname="TestCases.TestCases" time="0">
    <skipped/>
  </testcase>
  <testcase name="before" classname="TestCases.TestCases" time="0">
    <skipped/>
  </testcase>
  <testcase name="before" classname="TestCases.TestCases" time="0">
    <skipped/>
  </testcase>
  <testcase name="before" classname="TestCases.TestCases" time="0">
    <skipped/>
  </testcase>
  <testcase name="before" classname="TestCases.TestCases" time="0">
    <skipped/>
  </testcase>
  <testcase name="before" classname="TestCases.TestCases" time="0">
    <skipped/>
  </testcase>
  <testcase name="before" classname="TestCases.TestCases" time="0">
    <skipped/>
  </testcase>
  <testcase name="before" classname="TestCases.TestCases" time="0">
    <skipped/>
  </testcase>
  <testcase name="before" classname="TestCases.TestCases" time="0">
    <skipped/>
  </testcase>
  <testcase name="before" classname="TestCases.TestCases" time="0">
    <skipped/>
  </testcase>
  <testcase name="before" classname="TestCases.TestCases" time="0">
    <skipped/>
  </testcase>
  <testcase name="before" classname="TestCases.TestCases" time="0">
    <skipped/>
  </testcase>
  <testcase name="before" classname="TestCases.TestCases" time="0">
    <skipped/>
  </testcase>
  <testcase name="before" classname="TestCases.TestCases" time="0">
    <skipped/>
  </testcase>
  <testcase name="before" classname="TestCases.TestCases" time="0">
    <skipped/>
  </testcase>
  <testcase name="before" classname="TestCases.TestCases" time="0">
    <skipped/>
  </testcase>
  <testcase name="before" classname="TestCases.TestCases" time="0">
    <skipped/>
  </testcase>
  <testcase name="before" classname="TestCases.TestCases" time="0">
    <skipped/>
  </testcase>
  <testcase name="before" classname="TestCases.TestCases" time="0">
    <skipped/>
  </testcase>
  <testcase name="before" classname="TestCases.TestCases" time="0">
    <skipped/>
  </testcase>
  <testcase name="before" classname="TestCases.TestCases" time="0">
    <skipped/>
  </testcase>
  <testcase name="before" classname="TestCases.TestCases" time="0">
    <skipped/>
  </testcase>
  <testcase name="before" classname="TestCases.TestCases" time="0">
    <skipped/>
  </testcase>
  <testcase name="before" classname="TestCases.TestCases" time="0">
    <skipped/>
  </testcase>
  <testcase name="before" classname="TestCases.TestCases" time="0">
    <skipped/>
  </testcase>
  <testcase name="before" classname="TestCases.TestCases" time="0">
    <skipped/>
  </testcase>
  <testcase name="before" classname="TestCases.TestCases" time="0">
    <skipped/>
  </testcase>
  <testcase name="before" classname="TestCases.TestCases" time="0">
    <skipped/>
  </testcase>
  <testcase name="before" classname="TestCases.TestCases" time="0">
    <skipped/>
  </testcase>
  <testcase name="before" classname="TestCases.TestCases" time="0">
    <skipped/>
  </testcase>
  <testcase name="before" classname="TestCases.TestCases" time="0">
    <skipped/>
  </testcase>
  <testcase name="before" classname="TestCases.TestCases" time="0">
    <skipped/>
  </testcase>
  <testcase name="before" classname="TestCases.TestCases" time="0">
    <skipped/>
  </testcase>
  <testcase name="before" classname="TestCases.TestCases" time="0">
    <skipped/>
  </testcase>
  <testcase name="before" classname="TestCases.TestCases" time="0">
    <skipped/>
  </testcase>
  <testcase name="before" classname="TestCases.TestCases" time="0">
    <skipped/>
  </testcase>
  <testcase name="before" classname="TestCases.TestCases" time="0">
    <skipped/>
  </testcase>
  <testcase name="before" classname="TestCases.TestCases" time="0">
    <skipped/>
  </testcase>
  <testcase name="before" classname="TestCases.TestCases" time="0">
    <skipped/>
  </testcase>
  <testcase name="before" classname="TestCases.TestCases" time="0">
    <skipped/>
  </testcase>
  <testcase name="before" classname="TestCases.TestCases" time="0">
    <skipped/>
  </testcase>
  <testcase name="before" classname="TestCases.TestCases" time="0">
    <skipped/>
  </testcase>
  <testcase name="before" classname="TestCases.TestCases" time="0">
    <skipped/>
  </testcase>
  <testcase name="before" classname="TestCases.TestCases" time="0">
    <skipped/>
  </testcase>
  <testcase name="before" classname="TestCases.TestCases" time="0">
    <skipped/>
  </testcase>
  <testcase name="before" classname="TestCases.TestCases" time="0">
    <skipped/>
  </testcase>
  <testcase name="before" classname="TestCases.TestCases" time="0">
    <skipped/>
  </testcase>
  <testcase name="before" classname="TestCases.TestCases" time="0">
    <skipped/>
  </testcase>
  <testcase name="before" classname="TestCases.TestCases" time="0">
    <skipped/>
  </testcase>
  <testcase name="before" classname="TestCases.TestCases" time="0">
    <skipped/>
  </testcase>
  <testcase name="before" classname="TestCases.TestCases" time="0">
    <skipped/>
  </testcase>
  <testcase name="before" classname="TestCases.TestCases" time="0">
    <skipped/>
  </testcase>
  <testcase name="before" classname="TestCases.TestCases" time="0">
    <skipped/>
  </testcase>
  <testcase name="before" classname="TestCases.TestCases" time="0">
    <skipped/>
  </testcase>
  <testcase name="before" classname="TestCases.TestCases" time="0">
    <skipped/>
  </testcase>
  <testcase name="before" classname="TestCases.TestCases" time="0">
    <skipped/>
  </testcase>
  <testcase name="before" classname="TestCases.TestCases" time="0">
    <skipped/>
  </testcase>
  <testcase name="before" classname="TestCases.TestCases" time="0">
    <skipped/>
  </testcase>
  <testcase name="before" classname="TestCases.TestCases" time="0">
    <skipped/>
  </testcase>
  <testcase name="before" classname="TestCases.TestCases" time="0">
    <skipped/>
  </testcase>
  <testcase name="before" classname="TestCases.TestCases" time="0">
    <skipped/>
  </testcase>
  <testcase name="before" classname="TestCases.TestCases" time="0">
    <skipped/>
  </testcase>
  <testcase name="before" classname="TestCases.TestCases" time="0">
    <skipped/>
  </testcase>
  <testcase name="before" classname="TestCases.TestCases" time="0">
    <skipped/>
  </testcase>
  <testcase name="before" classname="TestCases.TestCases" time="0">
    <skipped/>
  </testcase>
  <testcase name="before" classname="TestCases.TestCases" time="0">
    <skipped/>
  </testcase>
  <testcase name="before" classname="TestCases.TestCases" time="0">
    <skipped/>
  </testcase>
  <testcase name="before" classname="TestCases.TestCases" time="0">
    <skipped/>
  </testcase>
  <testcase name="before" classname="TestCases.TestCases" time="0">
    <skipped/>
  </testcase>
  <testcase name="before" classname="TestCases.TestCases" time="0">
    <skipped/>
  </testcase>
  <testcase name="before" classname="TestCases.TestCases" time="0">
    <skipped/>
  </testcase>
  <testcase name="before" classname="TestCases.TestCases" time="0">
    <skipped/>
  </testcase>
  <testcase name="before" classname="TestCases.TestCases" time="0">
    <skipped/>
  </testcase>
  <testcase name="before" classname="TestCases.TestCases" time="0">
    <skipped/>
  </testcase>
  <testcase name="before" classname="TestCases.TestCases" time="0">
    <skipped/>
  </testcase>
  <testcase name="before" classname="TestCases.TestCases" time="0">
    <skipped/>
  </testcase>
  <testcase name="before" classname="TestCases.TestCases" time="0">
    <skipped/>
  </testcase>
  <testcase name="before" classname="TestCases.TestCases" time="0">
    <skipped/>
  </testcase>
  <testcase name="before" classname="TestCases.TestCases" time="0">
    <skipped/>
  </testcase>
  <testcase name="before" classname="TestCases.TestCases" time="0">
    <skipped/>
  </testcase>
  <testcase name="before" classname="TestCases.TestCases" time="0">
    <skipped/>
  </testcase>
  <testcase name="before" classname="TestCases.TestCases" time="0">
    <skipped/>
  </testcase>
  <testcase name="before" classname="TestCases.TestCases" time="0">
    <skipped/>
  </testcase>
  <testcase name="before" classname="TestCases.TestCases" time="0">
    <skipped/>
  </testcase>
  <testcase name="before" classname="TestCases.TestCases" time="0">
    <skipped/>
  </testcase>
  <testcase name="before" classname="TestCases.TestCases" time="0">
    <skipped/>
  </testcase>
  <testcase name="before" classname="TestCases.TestCases" time="0">
    <skipped/>
  </testcase>
  <testcase name="before" classname="TestCases.TestCases" time="0">
    <skipped/>
  </testcase>
  <testcase name="before" classname="TestCases.TestCases" time="0">
    <skipped/>
  </testcase>
  <testcase name="before" classname="TestCases.TestCases" time="0">
    <skipped/>
  </testcase>
  <testcase name="before" classname="TestCases.TestCases" time="0">
    <skipped/>
  </testcase>
  <testcase name="before" classname="TestCases.TestCases" time="0">
    <skipped/>
  </testcase>
  <testcase name="before" classname="TestCases.TestCases" time="0">
    <skipped/>
  </testcase>
  <testcase name="before" classname="TestCases.TestCases" time="0">
    <skipped/>
  </testcase>
  <testcase name="before" classname="TestCases.TestCases" time="0">
    <skipped/>
  </testcase>
  <testcase name="before" classname="TestCases.TestCases" time="0">
    <skipped/>
  </testcase>
  <testcase name="before" classname="TestCases.TestCases" time="0">
    <skipped/>
  </testcase>
  <testcase name="before" classname="TestCases.TestCases" time="0">
    <skipped/>
  </testcase>
  <testcase name="before" classname="TestCases.TestCases" time="0">
    <skipped/>
  </testcase>
  <testcase name="before" classname="TestCases.TestCases" time="0">
    <skipped/>
  </testcase>
  <testcase name="before" classname="TestCases.TestCases" time="0">
    <skipped/>
  </testcase>
  <testcase name="before" classname="TestCases.TestCases" time="0">
    <skipped/>
  </testcase>
  <testcase name="before" classname="TestCases.TestCases" time="0">
    <skipped/>
  </testcase>
  <testcase name="before" classname="TestCases.TestCases" time="0">
    <skipped/>
  </testcase>
  <testcase name="before" classname="TestCases.TestCases" time="0">
    <skipped/>
  </testcase>
  <testcase name="before" classname="TestCases.TestCases" time="0">
    <skipped/>
  </testcase>
  <testcase name="before" classname="TestCases.TestCases" time="0">
    <skipped/>
  </testcase>
  <testcase name="before" classname="TestCases.TestCases" time="0">
    <skipped/>
  </testcase>
  <testcase name="before" classname="TestCases.TestCases" time="0">
    <skipped/>
  </testcase>
  <testcase name="before" classname="TestCases.TestCases" time="0">
    <skipped/>
  </testcase>
  <testcase name="before" classname="TestCases.TestCases" time="0">
    <skipped/>
  </testcase>
  <testcase name="before" classname="TestCases.TestCases" time="0">
    <skipped/>
  </testcase>
  <testcase name="before" classname="TestCases.TestCases" time="0">
    <skipped/>
  </testcase>
  <testcase name="before" classname="TestCases.TestCases" time="0">
    <skipped/>
  </testcase>
  <testcase name="before" classname="TestCases.TestCases" time="0">
    <skipped/>
  </testcase>
  <testcase name="before" classname="TestCases.TestCases" time="0">
    <skipped/>
  </testcase>
  <testcase name="before" classname="TestCases.TestCases" time="0">
    <skipped/>
  </testcase>
  <testcase name="before" classname="TestCases.TestCases" time="0">
    <skipped/>
  </testcase>
  <testcase name="before" classname="TestCases.TestCases" time="0">
    <skipped/>
  </testcase>
  <testcase name="before" classname="TestCases.TestCases" time="0">
    <skipped/>
  </testcase>
  <testcase name="before" classname="TestCases.TestCases" time="0">
    <skipped/>
  </testcase>
  <testcase name="before" classname="TestCases.TestCases" time="0">
    <skipped/>
  </testcase>
  <testcase name="before" classname="TestCases.TestCases" time="0">
    <skipped/>
  </testcase>
  <testcase name="before" classname="TestCases.TestCases" time="0">
    <skipped/>
  </testcase>
  <testcase name="before" classname="TestCases.TestCases" time="0">
    <skipped/>
  </testcase>
  <testcase name="before" classname="TestCases.TestCases" time="0">
    <skipped/>
  </testcase>
  <testcase name="before" classname="TestCases.TestCases" time="0">
    <skipped/>
  </testcase>
  <testcase name="before" classname="TestCases.TestCases" time="0">
    <skipped/>
  </testcase>
  <testcase name="before" classname="TestCases.TestCases" time="0">
    <skipped/>
  </testcase>
  <testcase name="before" classname="TestCases.TestCases" time="0">
    <skipped/>
  </testcase>
  <testcase name="before" classname="TestCases.TestCases" time="0">
    <skipped/>
  </testcase>
  <testcase name="before" classname="TestCases.TestCases" time="0">
    <skipped/>
  </testcase>
  <testcase name="before" classname="TestCases.TestCases" time="0">
    <skipped/>
  </testcase>
  <testcase name="before" classname="TestCases.TestCases" time="0">
    <skipped/>
  </testcase>
  <testcase name="before" classname="TestCases.TestCases" time="0">
    <skipped/>
  </testcase>
  <testcase name="before" classname="TestCases.TestCases" time="0">
    <skipped/>
  </testcase>
  <testcase name="before" classname="TestCases.TestCases" time="0">
    <skipped/>
  </testcase>
  <testcase name="before" classname="TestCases.TestCases" time="0">
    <skipped/>
  </testcase>
  <testcase name="before" classname="TestCases.TestCases" time="0">
    <skipped/>
  </testcase>
  <testcase name="before" classname="TestCases.TestCases" time="0">
    <skipped/>
  </testcase>
  <testcase name="before" classname="TestCases.TestCases" time="0">
    <skipped/>
  </testcase>
  <testcase name="before" classname="TestCases.TestCases" time="0">
    <skipped/>
  </testcase>
  <testcase name="before" classname="TestCases.TestCases" time="0">
    <skipped/>
  </testcase>
  <testcase name="before" classname="TestCases.TestCases" time="0">
    <skipped/>
  </testcase>
  <testcase name="before" classname="TestCases.TestCases" time="0">
    <skipped/>
  </testcase>
  <testcase name="before" classname="TestCases.TestCases" time="0">
    <skipped/>
  </testcase>
  <testcase name="before" classname="TestCases.TestCases" time="0">
    <skipped/>
  </testcase>
  <testcase name="before" classname="TestCases.TestCases" time="0">
    <skipped/>
  </testcase>
  <testcase name="before" classname="TestCases.TestCases" time="0">
    <skipped/>
  </testcase>
  <testcase name="before" classname="TestCases.TestCases" time="0">
    <skipped/>
  </testcase>
  <testcase name="before" classname="TestCases.TestCases" time="0">
    <skipped/>
  </testcase>
  <testcase name="before" classname="TestCases.TestCases" time="0">
    <skipped/>
  </testcase>
  <testcase name="before" classname="TestCases.TestCases" time="0">
    <skipped/>
  </testcase>
  <testcase name="before" classname="TestCases.TestCases" time="0">
    <skipped/>
  </testcase>
  <testcase name="before" classname="TestCases.TestCases" time="0">
    <skipped/>
  </testcase>
  <testcase name="before" classname="TestCases.TestCases" time="0">
    <skipped/>
  </testcase>
  <testcase name="before" classname="TestCases.TestCases" time="0">
    <skipped/>
  </testcase>
  <testcase name="before" classname="TestCases.TestCases" time="0">
    <skipped/>
  </testcase>
  <testcase name="before" classname="TestCases.TestCases" time="0">
    <skipped/>
  </testcase>
  <testcase name="before" classname="TestCases.TestCases" time="0">
    <skipped/>
  </testcase>
  <testcase name="before" classname="TestCases.TestCases" time="0">
    <skipped/>
  </testcase>
  <testcase name="before" classname="TestCases.TestCases" time="0">
    <skipped/>
  </testcase>
  <testcase name="before" classname="TestCases.TestCases" time="0">
    <skipped/>
  </testcase>
  <testcase name="before" classname="TestCases.TestCases" time="0">
    <skipped/>
  </testcase>
  <testcase name="before" classname="TestCases.TestCases" time="0">
    <skipped/>
  </testcase>
  <testcase name="before" classname="TestCases.TestCases" time="0">
    <skipped/>
  </testcase>
  <testcase name="before" classname="TestCases.TestCases" time="0">
    <skipped/>
  </testcase>
  <testcase name="before" classname="TestCases.TestCases" time="0">
    <skipped/>
  </testcase>
  <testcase name="before" classname="TestCases.TestCases" time="0">
    <skipped/>
  </testcase>
  <testcase name="before" classname="TestCases.TestCases" time="0">
    <skipped/>
  </testcase>
  <testcase name="before" classname="TestCases.TestCases" time="0">
    <skipped/>
  </testcase>
  <testcase name="before" classname="TestCases.TestCases" time="0">
    <skipped/>
  </testcase>
  <testcase name="before" classname="TestCases.TestCases" time="0">
    <skipped/>
  </testcase>
  <testcase name="before" classname="TestCases.TestCases" time="0">
    <skipped/>
  </testcase>
  <testcase name="before" classname="TestCases.TestCases" time="0">
    <skipped/>
  </testcase>
  <testcase name="before" classname="TestCases.TestCases" time="0">
    <skipped/>
  </testcase>
  <testcase name="before" classname="TestCases.TestCases" time="0">
    <skipped/>
  </testcase>
  <testcase name="before" classname="TestCases.TestCases" time="0">
    <skipped/>
  </testcase>
  <testcase name="before" classname="TestCases.TestCases" time="0">
    <skipped/>
  </testcase>
  <testcase name="before" classname="TestCases.TestCases" time="0">
    <skipped/>
  </testcase>
  <testcase name="before" classname="TestCases.TestCases" time="0">
    <skipped/>
  </testcase>
  <testcase name="before" classname="TestCases.TestCases" time="0">
    <skipped/>
  </testcase>
  <testcase name="before" classname="TestCases.TestCases" time="0">
    <skipped/>
  </testcase>
  <testcase name="before" classname="TestCases.TestCases" time="0">
    <skipped/>
  </testcase>
  <testcase name="before" classname="TestCases.TestCases" time="0">
    <skipped/>
  </testcase>
  <testcase name="before" classname="TestCases.TestCases" time="0">
    <skipped/>
  </testcase>
  <testcase name="before" classname="TestCases.TestCases" time="0">
    <skipped/>
  </testcase>
  <testcase name="before" classname="TestCases.TestCases" time="0">
    <skipped/>
  </testcase>
  <testcase name="before" classname="TestCases.TestCases" time="0">
    <skipped/>
  </testcase>
  <testcase name="before" classname="TestCases.TestCases" time="0">
    <skipped/>
  </testcase>
  <testcase name="before" classname="TestCases.TestCases" time="0">
    <skipped/>
  </testcase>
  <testcase name="before" classname="TestCases.TestCases" time="0">
    <skipped/>
  </testcase>
  <testcase name="before" classname="TestCases.TestCases" time="0">
    <skipped/>
  </testcase>
  <testcase name="before" classname="TestCases.TestCases" time="0">
    <skipped/>
  </testcase>
  <testcase name="before" classname="TestCases.TestCases" time="0">
    <skipped/>
  </testcase>
  <testcase name="before" classname="TestCases.TestCases" time="0">
    <skipped/>
  </testcase>
  <testcase name="before" classname="TestCases.TestCases" time="0">
    <skipped/>
  </testcase>
  <testcase name="before" classname="TestCases.TestCases" time="0">
    <skipped/>
  </testcase>
  <testcase name="before" classname="TestCases.TestCases" time="0">
    <skipped/>
  </testcase>
  <testcase name="before" classname="TestCases.TestCases" time="0">
    <skipped/>
  </testcase>
  <testcase name="before" classname="TestCases.TestCases" time="0">
    <skipped/>
  </testcase>
  <testcase name="before" classname="TestCases.TestCases" time="0">
    <skipped/>
  </testcase>
  <testcase name="before" classname="TestCases.TestCases" time="0">
    <skipped/>
  </testcase>
  <testcase name="before" classname="TestCases.TestCases" time="0">
    <skipped/>
  </testcase>
  <testcase name="before" classname="TestCases.TestCases" time="0">
    <skipped/>
  </testcase>
  <testcase name="before" classname="TestCases.TestCases" time="0">
    <skipped/>
  </testcase>
  <testcase name="before" classname="TestCases.TestCases" time="0">
    <skipped/>
  </testcase>
  <testcase name="before" classname="TestCases.TestCases" time="0">
    <skipped/>
  </testcase>
  <testcase name="before" classname="TestCases.TestCases" time="0">
    <skipped/>
  </testcase>
  <testcase name="before" classname="TestCases.TestCases" time="0">
    <skipped/>
  </testcase>
  <testcase name="before" classname="TestCases.TestCases" time="0">
    <skipped/>
  </testcase>
  <testcase name="before" classname="TestCases.TestCases" time="0">
    <skipped/>
  </testcase>
  <testcase name="before" classname="TestCases.TestCases" time="0">
    <skipped/>
  </testcase>
  <testcase name="before" classname="TestCases.TestCases" time="0">
    <skipped/>
  </testcase>
  <testcase name="before" classname="TestCases.TestCases" time="0">
    <skipped/>
  </testcase>
  <testcase name="before" classname="TestCases.TestCases" time="0">
    <skipped/>
  </testcase>
  <testcase name="before" classname="TestCases.TestCases" time="0">
    <skipped/>
  </testcase>
  <testcase name="before" classname="TestCases.TestCases" time="0">
    <skipped/>
  </testcase>
  <testcase name="before" classname="TestCases.TestCases" time="0">
    <skipped/>
  </testcase>
  <testcase name="before" classname="TestCases.TestCases" time="0">
    <skipped/>
  </testcase>
  <testcase name="before" classname="TestCases.TestCases" time="0">
    <skipped/>
  </testcase>
  <testcase name="before" classname="TestCases.TestCases" time="0">
    <skipped/>
  </testcase>
  <testcase name="before" classname="TestCases.TestCases" time="0">
    <skipped/>
  </testcase>
  <testcase name="before" classname="TestCases.TestCases" time="0">
    <skipped/>
  </testcase>
  <testcase name="before" classname="TestCases.TestCases" time="0">
    <skipped/>
  </testcase>
  <testcase name="before" classname="TestCases.TestCases" time="0">
    <skipped/>
  </testcase>
  <testcase name="before" classname="TestCases.TestCases" time="0">
    <skipped/>
  </testcase>
  <testcase name="before" classname="TestCases.TestCases" time="0">
    <skipped/>
  </testcase>
  <testcase name="before" classname="TestCases.TestCases" time="0">
    <skipped/>
  </testcase>
  <testcase name="before" classname="TestCases.TestCases" time="0">
    <skipped/>
  </testcase>
  <testcase name="before" classname="TestCases.TestCases" time="0">
    <skipped/>
  </testcase>
  <testcase name="before" classname="TestCases.TestCases" time="0">
    <skipped/>
  </testcase>
  <testcase name="before" classname="TestCases.TestCases" time="0">
    <skipped/>
  </testcase>
  <testcase name="before" classname="TestCases.TestCases" time="0">
    <skipped/>
  </testcase>
  <testcase name="before" classname="TestCases.TestCases" time="0">
    <skipped/>
  </testcase>
  <testcase name="before" classname="TestCases.TestCases" time="0">
    <skipped/>
  </testcase>
  <testcase name="before" classname="TestCases.TestCases" time="0">
    <skipped/>
  </testcase>
  <testcase name="before" classname="TestCases.TestCases" time="0">
    <skipped/>
  </testcase>
  <testcase name="before" classname="TestCases.TestCases" time="0">
    <skipped/>
  </testcase>
  <testcase name="before" classname="TestCases.TestCases" time="0">
    <skipped/>
  </testcase>
  <testcase name="before" classname="TestCases.TestCases" time="0">
    <skipped/>
  </testcase>
  <testcase name="before" classname="TestCases.TestCases" time="0">
    <skipped/>
  </testcase>
  <testcase name="before" classname="TestCases.TestCases" time="0">
    <skipped/>
  </testcase>
  <testcase name="before" classname="TestCases.TestCases" time="0">
    <skipped/>
  </testcase>
  <testcase name="before" classname="TestCases.TestCases" time="0">
    <skipped/>
  </testcase>
  <testcase name="before" classname="TestCases.TestCases" time="0">
    <skipped/>
  </testcase>
  <testcase name="before" classname="TestCases.TestCases" time="0">
    <skipped/>
  </testcase>
  <testcase name="before" classname="TestCases.TestCases" time="0">
    <skipped/>
  </testcase>
  <testcase name="before" classname="TestCases.TestCases" time="0">
    <skipped/>
  </testcase>
  <testcase name="before" classname="TestCases.TestCases" time="0">
    <skipped/>
  </testcase>
  <testcase name="before" classname="TestCases.TestCases" time="0">
    <skipped/>
  </testcase>
  <testcase name="before" classname="TestCases.TestCases" time="0">
    <skipped/>
  </testcase>
  <testcase name="before" classname="TestCases.TestCases" time="0">
    <skipped/>
  </testcase>
  <testcase name="before" classname="TestCases.TestCases" time="0">
    <skipped/>
  </testcase>
  <testcase name="before" classname="TestCases.TestCases" time="0">
    <skipped/>
  </testcase>
  <testcase name="before" classname="TestCases.TestCases" time="0">
    <skipped/>
  </testcase>
  <testcase name="before" classname="TestCases.TestCases" time="0">
    <skipped/>
  </testcase>
  <testcase name="before" classname="TestCases.TestCases" time="0">
    <skipped/>
  </testcase>
  <testcase name="before" classname="TestCases.TestCases" time="0">
    <skipped/>
  </testcase>
  <testcase name="before" classname="TestCases.TestCases" time="0">
    <skipped/>
  </testcase>
  <testcase name="before" classname="TestCases.TestCases" time="0">
    <skipped/>
  </testcase>
  <testcase name="before" classname="TestCases.TestCases" time="0">
    <skipped/>
  </testcase>
  <testcase name="before" classname="TestCases.TestCases" time="0">
    <skipped/>
  </testcase>
  <testcase name="before" classname="TestCases.TestCases" time="0">
    <skipped/>
  </testcase>
  <testcase name="before" classname="TestCases.TestCases" time="0">
    <skipped/>
  </testcase>
  <testcase name="before" classname="TestCases.TestCases" time="0">
    <skipped/>
  </testcase>
  <testcase name="before" classname="TestCases.TestCases" time="0">
    <skipped/>
  </testcase>
  <testcase name="before" classname="TestCases.TestCases" time="0">
    <skipped/>
  </testcase>
  <testcase name="before" classname="TestCases.TestCases" time="0">
    <skipped/>
  </testcase>
  <testcase name="before" classname="TestCases.TestCases" time="0">
    <skipped/>
  </testcase>
  <testcase name="before" classname="TestCases.TestCases" time="0">
    <skipped/>
  </testcase>
  <testcase name="before" classname="TestCases.TestCases" time="0">
    <skipped/>
  </testcase>
  <testcase name="before" classname="TestCases.TestCases" time="0">
    <skipped/>
  </testcase>
  <testcase name="before" classname="TestCases.TestCases" time="0">
    <skipped/>
  </testcase>
  <testcase name="before" classname="TestCases.TestCases" time="0">
    <skipped/>
  </testcase>
  <testcase name="before" classname="TestCases.TestCases" time="0">
    <skipped/>
  </testcase>
  <testcase name="before" classname="TestCases.TestCases" time="0">
    <skipped/>
  </testcase>
  <testcase name="before" classname="TestCases.TestCases" time="0">
    <skipped/>
  </testcase>
  <testcase name="before" classname="TestCases.TestCases" time="0">
    <skipped/>
  </testcase>
  <testcase name="before" classname="TestCases.TestCases" time="0">
    <skipped/>
  </testcase>
  <testcase name="before" classname="TestCases.TestCases" time="0">
    <skipped/>
  </testcase>
  <testcase name="before" classname="TestCases.TestCases" time="0">
    <skipped/>
  </testcase>
  <testcase name="before" classname="TestCases.TestCases" time="0">
    <skipped/>
  </testcase>
  <testcase name="before" classname="TestCases.TestCases" time="0">
    <skipped/>
  </testcase>
  <testcase name="before" classname="TestCases.TestCases" time="0">
    <skipped/>
  </testcase>
  <testcase name="before" classname="TestCases.TestCases" time="0">
    <skipped/>
  </testcase>
  <testcase name="before" classname="TestCases.TestCases" time="0">
    <skipped/>
  </testcase>
  <testcase name="before" classname="TestCases.TestCases" time="0">
    <skipped/>
  </testcase>
  <testcase name="before" classname="TestCases.TestCases" time="0">
    <skipped/>
  </testcase>
  <testcase name="before" classname="TestCases.TestCases" time="0">
    <skipped/>
  </testcase>
  <testcase name="before" classname="TestCases.TestCases" time="0">
    <skipped/>
  </testcase>
  <testcase name="before" classname="TestCases.TestCases" time="0">
    <skipped/>
  </testcase>
  <testcase name="before" classname="TestCases.TestCases" time="0">
    <skipped/>
  </testcase>
  <testcase name="before" classname="TestCases.TestCases" time="0">
    <skipped/>
  </testcase>
  <testcase name="before" classname="TestCases.TestCases" time="0">
    <skipped/>
  </testcase>
  <testcase name="before" classname="TestCases.TestCases" time="0">
    <skipped/>
  </testcase>
  <testcase name="before" classname="TestCases.TestCases" time="0">
    <skipped/>
  </testcase>
  <testcase name="before" classname="TestCases.TestCases" time="0">
    <skipped/>
  </testcase>
  <testcase name="before" classname="TestCases.TestCases" time="0">
    <skipped/>
  </testcase>
  <testcase name="before" classname="TestCases.TestCases" time="0">
    <skipped/>
  </testcase>
  <testcase name="before" classname="TestCases.TestCases" time="0">
    <skipped/>
  </testcase>
  <testcase name="before" classname="TestCases.TestCases" time="0">
    <skipped/>
  </testcase>
  <testcase name="before" classname="TestCases.TestCases" time="0">
    <skipped/>
  </testcase>
  <testcase name="before" classname="TestCases.TestCases" time="0">
    <skipped/>
  </testcase>
  <testcase name="before" classname="TestCases.TestCases" time="0">
    <skipped/>
  </testcase>
  <testcase name="before" classname="TestCases.TestCases" time="0">
    <skipped/>
  </testcase>
  <testcase name="before" classname="TestCases.TestCases" time="0">
    <skipped/>
  </testcase>
  <testcase name="before" classname="TestCases.TestCases" time="0">
    <skipped/>
  </testcase>
  <testcase name="before" classname="TestCases.TestCases" time="0">
    <skipped/>
  </testcase>
  <testcase name="before" classname="TestCases.TestCases" time="0">
    <skipped/>
  </testcase>
  <testcase name="before" classname="TestCases.TestCases" time="0">
    <skipped/>
  </testcase>
  <testcase name="before" classname="TestCases.TestCases" time="0">
    <skipped/>
  </testcase>
  <testcase name="before" classname="TestCases.TestCases" time="0">
    <skipped/>
  </testcase>
  <testcase name="before" classname="TestCases.TestCases" time="0">
    <skipped/>
  </testcase>
  <testcase name="before" classname="TestCases.TestCases" time="0">
    <skipped/>
  </testcase>
  <testcase name="before" classname="TestCases.TestCases" time="0">
    <skipped/>
  </testcase>
  <testcase name="before" classname="TestCases.TestCases" time="0">
    <skipped/>
  </testcase>
  <testcase name="before" classname="TestCases.TestCases" time="0">
    <skipped/>
  </testcase>
  <testcase name="before" classname="TestCases.TestCases" time="0">
    <skipped/>
  </testcase>
  <testcase name="before" classname="TestCases.TestCases" time="0">
    <skipped/>
  </testcase>
  <testcase name="before" classname="TestCases.TestCases" time="0">
    <skipped/>
  </testcase>
  <testcase name="before" classname="TestCases.TestCases" time="0">
    <skipped/>
  </testcase>
  <testcase name="before" classname="TestCases.TestCases" time="0">
    <skipped/>
  </testcase>
  <testcase name="before" classname="TestCases.TestCases" time="0">
    <skipped/>
  </testcase>
  <testcase name="before" classname="TestCases.TestCases" time="0">
    <skipped/>
  </testcase>
  <testcase name="before" classname="TestCases.TestCases" time="0">
    <skipped/>
  </testcase>
  <testcase name="before" classname="TestCases.TestCases" time="0">
    <skipped/>
  </testcase>
  <testcase name="before" classname="TestCases.TestCases" time="0">
    <skipped/>
  </testcase>
  <testcase name="before" classname="TestCases.TestCases" time="0">
    <skipped/>
  </testcase>
  <testcase name="before" classname="TestCases.TestCases" time="0">
    <skipped/>
  </testcase>
  <testcase name="before" classname="TestCases.TestCases" time="0">
    <skipped/>
  </testcase>
  <testcase name="before" classname="TestCases.TestCases" time="0">
    <skipped/>
  </testcase>
  <testcase name="before" classname="TestCases.TestCases" time="0">
    <skipped/>
  </testcase>
  <testcase name="before" classname="TestCases.TestCases" time="0">
    <skipped/>
  </testcase>
  <testcase name="before" classname="TestCases.TestCases" time="0">
    <skipped/>
  </testcase>
  <testcase name="before" classname="TestCases.TestCases" time="0">
    <skipped/>
  </testcase>
  <testcase name="before" classname="TestCases.TestCases" time="0">
    <skipped/>
  </testcase>
  <testcase name="before" classname="TestCases.TestCases" time="0">
    <skipped/>
  </testcase>
  <testcase name="before" classname="TestCases.TestCases" time="0">
    <skipped/>
  </testcase>
  <testcase name="before" classname="TestCases.TestCases" time="0">
    <skipped/>
  </testcase>
  <testcase name="before" classname="TestCases.TestCases" time="0">
    <skipped/>
  </testcase>
  <testcase name="before" classname="TestCases.TestCases" time="0">
    <skipped/>
  </testcase>
  <testcase name="before" classname="TestCases.TestCases" time="0">
    <skipped/>
  </testcase>
  <testcase name="before" classname="TestCases.TestCases" time="0">
    <skipped/>
  </testcase>
  <testcase name="before" classname="TestCases.TestCases" time="0">
    <skipped/>
  </testcase>
  <testcase name="before" classname="TestCases.TestCases" time="0">
    <skipped/>
  </testcase>
  <testcase name="before" classname="TestCases.TestCases" time="0">
    <skipped/>
  </testcase>
  <testcase name="before" classname="TestCases.TestCases" time="0">
    <skipped/>
  </testcase>
  <testcase name="before" classname="TestCases.TestCases" time="0">
    <skipped/>
  </testcase>
  <testcase name="before" classname="TestCases.TestCases" time="0">
    <skipped/>
  </testcase>
  <testcase name="before" classname="TestCases.TestCases" time="0">
    <skipped/>
  </testcase>
  <testcase name="before" classname="TestCases.TestCases" time="0">
    <skipped/>
  </testcase>
  <testcase name="before" classname="TestCases.TestCases" time="0">
    <skipped/>
  </testcase>
  <testcase name="before" classname="TestCases.TestCases" time="0">
    <skipped/>
  </testcase>
  <testcase name="before" classname="TestCases.TestCases" time="0">
    <skipped/>
  </testcase>
  <testcase name="before" classname="TestCases.TestCases" time="0">
    <skipped/>
  </testcase>
  <testcase name="before" classname="TestCases.TestCases" time="0">
    <skipped/>
  </testcase>
  <testcase name="before" classname="TestCases.TestCases" time="0">
    <skipped/>
  </testcase>
  <testcase name="before" classname="TestCases.TestCases" time="0">
    <skipped/>
  </testcase>
  <testcase name="before" classname="TestCases.TestCases" time="0">
    <skipped/>
  </testcase>
  <testcase name="before" classname="TestCases.TestCases" time="0">
    <skipped/>
  </testcase>
  <testcase name="before" classname="TestCases.TestCases" time="0">
    <skipped/>
  </testcase>
  <testcase name="before" classname="TestCases.TestCases" time="0">
    <skipped/>
  </testcase>
  <testcase name="before" classname="TestCases.TestCases" time="0">
    <skipped/>
  </testcase>
  <testcase name="before" classname="TestCases.TestCases" time="0">
    <skipped/>
  </testcase>
  <testcase name="before" classname="TestCases.TestCases" time="0">
    <skipped/>
  </testcase>
  <testcase name="before" classname="TestCases.TestCases" time="0">
    <skipped/>
  </testcase>
  <testcase name="before" classname="TestCases.TestCases" time="0">
    <skipped/>
  </testcase>
  <testcase name="before" classname="TestCases.TestCases" time="0">
    <skipped/>
  </testcase>
  <testcase name="before" classname="TestCases.TestCases" time="0">
    <skipped/>
  </testcase>
  <testcase name="before" classname="TestCases.TestCases" time="0">
    <skipped/>
  </testcase>
  <testcase name="before" classname="TestCases.TestCases" time="0">
    <skipped/>
  </testcase>
  <testcase name="before" classname="TestCases.TestCases" time="0">
    <skipped/>
  </testcase>
  <testcase name="before" classname="TestCases.TestCases" time="0">
    <skipped/>
  </testcase>
  <testcase name="before" classname="TestCases.TestCases" time="0">
    <skipped/>
  </testcase>
  <testcase name="before" classname="TestCases.TestCases" time="0">
    <skipped/>
  </testcase>
  <testcase name="before" classname="TestCases.TestCases" time="0">
    <skipped/>
  </testcase>
  <testcase name="before" classname="TestCases.TestCases" time="0">
    <skipped/>
  </testcase>
  <testcase name="before" classname="TestCases.TestCases" time="0">
    <skipped/>
  </testcase>
  <testcase name="before" classname="TestCases.TestCases" time="0">
    <skipped/>
  </testcase>
  <testcase name="before" classname="TestCases.TestCases" time="0">
    <skipped/>
  </testcase>
  <testcase name="before" classname="TestCases.TestCases" time="0">
    <skipped/>
  </testcase>
  <testcase name="before" classname="TestCases.TestCases" time="0">
    <skipped/>
  </testcase>
  <testcase name="before" classname="TestCases.TestCases" time="0">
    <skipped/>
  </testcase>
  <testcase name="before" classname="TestCases.TestCases" time="0">
    <skipped/>
  </testcase>
  <testcase name="before" classname="TestCases.TestCases" time="0">
    <skipped/>
  </testcase>
  <testcase name="before" classname="TestCases.TestCases" time="0">
    <skipped/>
  </testcase>
  <testcase name="before" classname="TestCases.TestCases" time="0">
    <skipped/>
  </testcase>
  <testcase name="before" classname="TestCases.TestCases" time="0">
    <skipped/>
  </testcase>
  <testcase name="before" classname="TestCases.TestCases" time="0">
    <skipped/>
  </testcase>
  <testcase name="before" classname="TestCases.TestCases" time="0">
    <skipped/>
  </testcase>
  <testcase name="before" classname="TestCases.TestCases" time="0">
    <skipped/>
  </testcase>
  <testcase name="before" classname="TestCases.TestCases" time="0">
    <skipped/>
  </testcase>
  <testcase name="before" classname="TestCases.TestCases" time="0">
    <skipped/>
  </testcase>
  <testcase name="before" classname="TestCases.TestCases" time="0">
    <skipped/>
  </testcase>
  <testcase name="before" classname="TestCases.TestCases" time="0">
    <skipped/>
  </testcase>
  <testcase name="before" classname="TestCases.TestCases" time="0">
    <skipped/>
  </testcase>
  <testcase name="before" classname="TestCases.TestCases" time="0">
    <skipped/>
  </testcase>
  <testcase name="before" classname="TestCases.TestCases" time="0">
    <skipped/>
  </testcase>
  <testcase name="before" classname="TestCases.TestCases" time="0">
    <skipped/>
  </testcase>
  <testcase name="before" classname="TestCases.TestCases" time="0">
    <skipped/>
  </testcase>
  <testcase name="before" classname="TestCases.TestCases" time="0">
    <skipped/>
  </testcase>
  <testcase name="before" classname="TestCases.TestCases" time="0">
    <skipped/>
  </testcase>
  <testcase name="before" classname="TestCases.TestCases" time="0">
    <skipped/>
  </testcase>
  <testcase name="before" classname="TestCases.TestCases" time="0">
    <skipped/>
  </testcase>
  <testcase name="before" classname="TestCases.TestCases" time="0">
    <skipped/>
  </testcase>
  <testcase name="before" classname="TestCases.TestCases" time="0">
    <skipped/>
  </testcase>
  <testcase name="before" classname="TestCases.TestCases" time="0">
    <skipped/>
  </testcase>
  <testcase name="before" classname="TestCases.TestCases" time="0">
    <skipped/>
  </testcase>
  <testcase name="before" classname="TestCases.TestCases" time="0">
    <skipped/>
  </testcase>
  <testcase name="before" classname="TestCases.TestCases" time="0">
    <skipped/>
  </testcase>
  <testcase name="before" classname="TestCases.TestCases" time="0">
    <skipped/>
  </testcase>
  <testcase name="before" classname="TestCases.TestCases" time="0">
    <skipped/>
  </testcase>
  <testcase name="before" classname="TestCases.TestCases" time="0">
    <skipped/>
  </testcase>
  <testcase name="before" classname="TestCases.TestCases" time="0">
    <skipped/>
  </testcase>
  <testcase name="before" classname="TestCases.TestCases" time="0">
    <skipped/>
  </testcase>
  <testcase name="before" classname="TestCases.TestCases" time="0">
    <skipped/>
  </testcase>
  <testcase name="before" classname="TestCases.TestCases" time="0">
    <skipped/>
  </testcase>
  <testcase name="before" classname="TestCases.TestCases" time="0">
    <skipped/>
  </testcase>
  <testcase name="before" classname="TestCases.TestCases" time="0">
    <skipped/>
  </testcase>
  <testcase name="before" classname="TestCases.TestCases" time="0">
    <skipped/>
  </testcase>
  <testcase name="before" classname="TestCases.TestCases" time="0">
    <skipped/>
  </testcase>
  <testcase name="before" classname="TestCases.TestCases" time="0">
    <skipped/>
  </testcase>
  <testcase name="before" classname="TestCases.TestCases" time="0">
    <skipped/>
  </testcase>
  <testcase name="before" classname="TestCases.TestCases" time="0">
    <skipped/>
  </testcase>
  <testcase name="before" classname="TestCases.TestCases" time="0">
    <skipped/>
  </testcase>
  <testcase name="before" classname="TestCases.TestCases" time="0">
    <skipped/>
  </testcase>
  <testcase name="before" classname="TestCases.TestCases" time="0">
    <skipped/>
  </testcase>
  <testcase name="before" classname="TestCases.TestCases" time="0">
    <skipped/>
  </testcase>
  <testcase name="before" classname="TestCases.TestCases" time="0">
    <skipped/>
  </testcase>
  <testcase name="before" classname="TestCases.TestCases" time="0">
    <skipped/>
  </testcase>
  <testcase name="before" classname="TestCases.TestCases" time="0">
    <skipped/>
  </testcase>
  <testcase name="before" classname="TestCases.TestCases" time="0">
    <skipped/>
  </testcase>
  <testcase name="before" classname="TestCases.TestCases" time="0">
    <skipped/>
  </testcase>
  <testcase name="before" classname="TestCases.TestCases" time="0">
    <skipped/>
  </testcase>
  <testcase name="before" classname="TestCases.TestCases" time="0">
    <skipped/>
  </testcase>
  <testcase name="before" classname="TestCases.TestCases" time="0">
    <skipped/>
  </testcase>
  <testcase name="before" classname="TestCases.TestCases" time="0">
    <skipped/>
  </testcase>
  <testcase name="before" classname="TestCases.TestCases" time="0">
    <skipped/>
  </testcase>
  <testcase name="before" classname="TestCases.TestCases" time="0">
    <skipped/>
  </testcase>
  <testcase name="before" classname="TestCases.TestCases" time="0">
    <skipped/>
  </testcase>
  <testcase name="before" classname="TestCases.TestCases" time="0">
    <skipped/>
  </testcase>
  <testcase name="before" classname="TestCases.TestCases" time="0">
    <skipped/>
  </testcase>
  <testcase name="before" classname="TestCases.TestCases" time="0">
    <skipped/>
  </testcase>
  <testcase name="before" classname="TestCases.TestCases" time="0">
    <skipped/>
  </testcase>
  <testcase name="before" classname="TestCases.TestCases" time="0">
    <skipped/>
  </testcase>
  <testcase name="before" classname="TestCases.TestCases" time="0">
    <skipped/>
  </testcase>
  <testcase name="before" classname="TestCases.TestCases" time="0">
    <skipped/>
  </testcase>
  <testcase name="before" classname="TestCases.TestCases" time="0">
    <skipped/>
  </testcase>
  <testcase name="before" classname="TestCases.TestCases" time="0">
    <skipped/>
  </testcase>
  <testcase name="before" classname="TestCases.TestCases" time="0">
    <skipped/>
  </testcase>
  <testcase name="before" classname="TestCases.TestCases" time="0">
    <skipped/>
  </testcase>
  <testcase name="before" classname="TestCases.TestCases" time="0">
    <skipped/>
  </testcase>
  <testcase name="before" classname="TestCases.TestCases" time="0">
    <skipped/>
  </testcase>
  <testcase name="before" classname="TestCases.TestCases" time="0">
    <skipped/>
  </testcase>
  <testcase name="before" classname="TestCases.TestCases" time="0">
    <skipped/>
  </testcase>
  <testcase name="before" classname="TestCases.TestCases" time="0">
    <skipped/>
  </testcase>
  <testcase name="before" classname="TestCases.TestCases" time="0">
    <skipped/>
  </testcase>
  <testcase name="before" classname="TestCases.TestCases" time="0">
    <skipped/>
  </testcase>
  <testcase name="before" classname="TestCases.TestCases" time="0">
    <skipped/>
  </testcase>
  <testcase name="before" classname="TestCases.TestCases" time="0">
    <skipped/>
  </testcase>
  <testcase name="before" classname="TestCases.TestCases" time="0">
    <skipped/>
  </testcase>
  <testcase name="before" classname="TestCases.TestCases" time="0">
    <skipped/>
  </testcase>
  <testcase name="before" classname="TestCases.TestCases" time="0">
    <skipped/>
  </testcase>
  <testcase name="before" classname="TestCases.TestCases" time="0">
    <skipped/>
  </testcase>
  <testcase name="before" classname="TestCases.TestCases" time="0">
    <skipped/>
  </testcase>
  <testcase name="before" classname="TestCases.TestCases" time="0">
    <skipped/>
  </testcase>
  <testcase name="before" classname="TestCases.TestCases" time="0">
    <skipped/>
  </testcase>
  <testcase name="before" classname="TestCases.TestCases" time="0">
    <skipped/>
  </testcase>
  <testcase name="before" classname="TestCases.TestCases" time="0">
    <skipped/>
  </testcase>
  <testcase name="before" classname="TestCases.TestCases" time="0">
    <skipped/>
  </testcase>
  <testcase name="before" classname="TestCases.TestCases" time="0">
    <skipped/>
  </testcase>
  <testcase name="before" classname="TestCases.TestCases" time="0">
    <skipped/>
  </testcase>
  <testcase name="before" classname="TestCases.TestCases" time="0">
    <skipped/>
  </testcase>
  <testcase name="before" classname="TestCases.TestCases" time="0">
    <skipped/>
  </testcase>
  <testcase name="before" classname="TestCases.TestCases" time="0">
    <skipped/>
  </testcase>
  <testcase name="before" classname="TestCases.TestCases" time="0">
    <skipped/>
  </testcase>
  <testcase name="before" classname="TestCases.TestCases" time="0">
    <skipped/>
  </testcase>
  <testcase name="before" classname="TestCases.TestCases" time="0">
    <skipped/>
  </testcase>
  <testcase name="before" classname="TestCases.TestCases" time="0">
    <skipped/>
  </testcase>
  <testcase name="before" classname="TestCases.TestCases" time="0">
    <skipped/>
  </testcase>
  <testcase name="before" classname="TestCases.TestCases" time="0">
    <skipped/>
  </testcase>
  <testcase name="before" classname="TestCases.TestCases" time="0">
    <skipped/>
  </testcase>
  <testcase name="before" classname="TestCases.TestCases" time="0">
    <skipped/>
  </testcase>
  <testcase name="before" classname="TestCases.TestCases" time="0">
    <skipped/>
  </testcase>
  <testcase name="before" classname="TestCases.TestCases" time="0">
    <skipped/>
  </testcase>
  <testcase name="before" classname="TestCases.TestCases" time="0">
    <skipped/>
  </testcase>
  <testcase name="before" classname="TestCases.TestCases" time="0">
    <skipped/>
  </testcase>
  <testcase name="before" classname="TestCases.TestCases" time="0">
    <skipped/>
  </testcase>
  <testcase name="before" classname="TestCases.TestCases" time="0">
    <skipped/>
  </testcase>
  <testcase name="before" classname="TestCases.TestCases" time="0">
    <skipped/>
  </testcase>
  <testcase name="before" classname="TestCases.TestCases" time="0">
    <skipped/>
  </testcase>
  <testcase name="before" classname="TestCases.TestCases" time="0">
    <skipped/>
  </testcase>
  <testcase name="before" classname="TestCases.TestCases" time="0">
    <skipped/>
  </testcase>
  <testcase name="before" classname="TestCases.TestCases" time="0">
    <skipped/>
  </testcase>
  <testcase name="before" classname="TestCases.TestCases" time="0">
    <skipped/>
  </testcase>
  <testcase name="before" classname="TestCases.TestCases" time="0">
    <skipped/>
  </testcase>
  <testcase name="before" classname="TestCases.TestCases" time="0">
    <skipped/>
  </testcase>
  <testcase name="before" classname="TestCases.TestCases" time="0">
    <skipped/>
  </testcase>
  <testcase name="before" classname="TestCases.TestCases" time="0">
    <skipped/>
  </testcase>
  <testcase name="before" classname="TestCases.TestCases" time="0">
    <skipped/>
  </testcase>
  <testcase name="before" classname="TestCases.TestCases" time="0">
    <skipped/>
  </testcase>
  <testcase name="before" classname="TestCases.TestCases" time="0">
    <skipped/>
  </testcase>
  <testcase name="before" classname="TestCases.TestCases" time="0">
    <skipped/>
  </testcase>
  <testcase name="before" classname="TestCases.TestCases" time="0">
    <skipped/>
  </testcase>
  <testcase name="before" classname="TestCases.TestCases" time="0">
    <skipped/>
  </testcase>
  <testcase name="before" classname="TestCases.TestCases" time="0">
    <skipped/>
  </testcase>
  <testcase name="before" classname="TestCases.TestCases" time="0">
    <skipped/>
  </testcase>
  <testcase name="before" classname="TestCases.TestCases" time="0">
    <skipped/>
  </testcase>
  <testcase name="before" classname="TestCases.TestCases" time="0">
    <skipped/>
  </testcase>
  <testcase name="before" classname="TestCases.TestCases" time="0">
    <skipped/>
  </testcase>
  <testcase name="before" classname="TestCases.TestCases" time="0">
    <skipped/>
  </testcase>
  <testcase name="before" classname="TestCases.TestCases" time="0">
    <skipped/>
  </testcase>
  <testcase name="before" classname="TestCases.TestCases" time="0">
    <skipped/>
  </testcase>
  <testcase name="before" classname="TestCases.TestCases" time="0">
    <skipped/>
  </testcase>
  <testcase name="before" classname="TestCases.TestCases" time="0">
    <skipped/>
  </testcase>
  <testcase name="before" classname="TestCases.TestCases" time="0">
    <skipped/>
  </testcase>
  <testcase name="before" classname="TestCases.TestCases" time="0">
    <skipped/>
  </testcase>
  <testcase name="before" classname="TestCases.TestCases" time="0">
    <skipped/>
  </testcase>
  <testcase name="before" classname="TestCases.TestCases" time="0">
    <skipped/>
  </testcase>
  <testcase name="before" classname="TestCases.TestCases" time="0">
    <skipped/>
  </testcase>
  <testcase name="before" classname="TestCases.TestCases" time="0">
    <skipped/>
  </testcase>
  <testcase name="before" classname="TestCases.TestCases" time="0">
    <skipped/>
  </testcase>
  <testcase name="before" classname="TestCases.TestCases" time="0">
    <skipped/>
  </testcase>
  <testcase name="before" classname="TestCases.TestCases" time="0">
    <skipped/>
  </testcase>
  <testcase name="before" classname="TestCases.TestCases" time="0">
    <skipped/>
  </testcase>
  <testcase name="before" classname="TestCases.TestCases" time="0">
    <skipped/>
  </testcase>
  <testcase name="before" classname="TestCases.TestCases" time="0">
    <skipped/>
  </testcase>
  <testcase name="before" classname="TestCases.TestCases" time="0">
    <skipped/>
  </testcase>
  <testcase name="before" classname="TestCases.TestCases" time="0">
    <skipped/>
  </testcase>
  <testcase name="before" classname="TestCases.TestCases" time="0">
    <skipped/>
  </testcase>
  <testcase name="before" classname="TestCases.TestCases" time="0">
    <skipped/>
  </testcase>
  <testcase name="before" classname="TestCases.TestCases" time="0">
    <skipped/>
  </testcase>
  <testcase name="before" classname="TestCases.TestCases" time="0">
    <skipped/>
  </testcase>
  <testcase name="before" classname="TestCases.TestCases" time="0">
    <skipped/>
  </testcase>
  <testcase name="before" classname="TestCases.TestCases" time="0">
    <skipped/>
  </testcase>
  <testcase name="before" classname="TestCases.TestCases" time="0">
    <skipped/>
  </testcase>
  <testcase name="before" classname="TestCases.TestCases" time="0">
    <skipped/>
  </testcase>
  <testcase name="before" classname="TestCases.TestCases" time="0">
    <skipped/>
  </testcase>
  <testcase name="before" classname="TestCases.TestCases" time="0">
    <skipped/>
  </testcase>
  <testcase name="before" classname="TestCases.TestCases" time="0">
    <skipped/>
  </testcase>
  <testcase name="before" classname="TestCases.TestCases" time="0">
    <skipped/>
  </testcase>
  <testcase name="before" classname="TestCases.TestCases" time="0">
    <skipped/>
  </testcase>
  <testcase name="before" classname="TestCases.TestCases" time="0">
    <skipped/>
  </testcase>
  <testcase name="before" classname="TestCases.TestCases" time="0">
    <skipped/>
  </testcase>
  <testcase name="before" classname="TestCases.TestCases" time="0">
    <skipped/>
  </testcase>
  <testcase name="before" classname="TestCases.TestCases" time="0">
    <skipped/>
  </testcase>
  <testcase name="before" classname="TestCases.TestCases" time="0">
    <skipped/>
  </testcase>
  <testcase name="before" classname="TestCases.TestCases" time="0">
    <skipped/>
  </testcase>
  <testcase name="before" classname="TestCases.TestCases" time="0">
    <skipped/>
  </testcase>
  <testcase name="before" classname="TestCases.TestCases" time="0">
    <skipped/>
  </testcase>
  <testcase name="before" classname="TestCases.TestCases" time="0">
    <skipped/>
  </testcase>
  <testcase name="before" classname="TestCases.TestCases" time="0">
    <skipped/>
  </testcase>
  <testcase name="before" classname="TestCases.TestCases" time="0">
    <skipped/>
  </testcase>
  <testcase name="before" classname="TestCases.TestCases" time="0">
    <skipped/>
  </testcase>
  <testcase name="before" classname="TestCases.TestCases" time="0">
    <skipped/>
  </testcase>
  <testcase name="before" classname="TestCases.TestCases" time="0">
    <skipped/>
  </testcase>
  <testcase name="before" classname="TestCases.TestCases" time="0">
    <skipped/>
  </testcase>
  <testcase name="before" classname="TestCases.TestCases" time="0">
    <skipped/>
  </testcase>
  <testcase name="before" classname="TestCases.TestCases" time="0">
    <skipped/>
  </testcase>
  <testcase name="before" classname="TestCases.TestCases" time="0">
    <skipped/>
  </testcase>
  <testcase name="before" classname="TestCases.TestCases" time="0">
    <skipped/>
  </testcase>
  <testcase name="before" classname="TestCases.TestCases" time="0">
    <skipped/>
  </testcase>
  <testcase name="before" classname="TestCases.TestCases" time="0">
    <skipped/>
  </testcase>
  <testcase name="before" classname="TestCases.TestCases" time="0">
    <skipped/>
  </testcase>
  <testcase name="before" classname="TestCases.TestCases" time="0">
    <skipped/>
  </testcase>
  <testcase name="before" classname="TestCases.TestCases" time="0">
    <skipped/>
  </testcase>
  <testcase name="before" classname="TestCases.TestCases" time="0">
    <skipped/>
  </testcase>
  <testcase name="before" classname="TestCases.TestCases" time="0">
    <skipped/>
  </testcase>
  <testcase name="before" classname="TestCases.TestCases" time="0">
    <skipped/>
  </testcase>
  <testcase name="before" classname="TestCases.TestCases" time="0">
    <skipped/>
  </testcase>
  <testcase name="before" classname="TestCases.TestCases" time="0">
    <skipped/>
  </testcase>
  <testcase name="before" classname="TestCases.TestCases" time="0">
    <skipped/>
  </testcase>
  <testcase name="before" classname="TestCases.TestCases" time="0">
    <skipped/>
  </testcase>
  <testcase name="before" classname="TestCases.TestCases" time="0">
    <skipped/>
  </testcase>
  <testcase name="before" classname="TestCases.TestCases" time="0">
    <skipped/>
  </testcase>
  <testcase name="before" classname="TestCases.TestCases" time="0">
    <skipped/>
  </testcase>
  <testcase name="before" classname="TestCases.TestCases" time="0">
    <skipped/>
  </testcase>
  <testcase name="before" classname="TestCases.TestCases" time="0">
    <skipped/>
  </testcase>
  <testcase name="before" classname="TestCases.TestCases" time="0">
    <skipped/>
  </testcase>
  <testcase name="before" classname="TestCases.TestCases" time="0">
    <skipped/>
  </testcase>
  <testcase name="before" classname="TestCases.TestCases" time="0">
    <skipped/>
  </testcase>
  <testcase name="before" classname="TestCases.TestCases" time="0">
    <skipped/>
  </testcase>
  <testcase name="before" classname="TestCases.TestCases" time="0">
    <skipped/>
  </testcase>
  <testcase name="before" classname="TestCases.TestCases" time="0">
    <skipped/>
  </testcase>
  <testcase name="before" classname="TestCases.TestCases" time="0">
    <skipped/>
  </testcase>
  <testcase name="before" classname="TestCases.TestCases" time="0">
    <skipped/>
  </testcase>
  <testcase name="before" classname="TestCases.TestCases" time="0">
    <skipped/>
  </testcase>
  <testcase name="before" classname="TestCases.TestCases" time="0">
    <skipped/>
  </testcase>
  <testcase name="before" classname="TestCases.TestCases" time="0">
    <skipped/>
  </testcase>
  <testcase name="before" classname="TestCases.TestCases" time="0">
    <skipped/>
  </testcase>
  <testcase name="before" classname="TestCases.TestCases" time="0">
    <skipped/>
  </testcase>
  <testcase name="before" classname="TestCases.TestCases" time="0">
    <skipped/>
  </testcase>
  <testcase name="before" classname="TestCases.TestCases" time="0">
    <skipped/>
  </testcase>
  <testcase name="before" classname="TestCases.TestCases" time="0">
    <skipped/>
  </testcase>
  <testcase name="before" classname="TestCases.TestCases" time="0">
    <skipped/>
  </testcase>
  <testcase name="before" classname="TestCases.TestCases" time="0">
    <skipped/>
  </testcase>
  <testcase name="before" classname="TestCases.TestCases" time="0">
    <skipped/>
  </testcase>
  <testcase name="before" classname="TestCases.TestCases" time="0">
    <skipped/>
  </testcase>
  <testcase name="before" classname="TestCases.TestCases" time="0">
    <skipped/>
  </testcase>
  <testcase name="before" classname="TestCases.TestCases" time="0">
    <skipped/>
  </testcase>
  <testcase name="before" classname="TestCases.TestCases" time="0">
    <skipped/>
  </testcase>
  <testcase name="before" classname="TestCases.TestCases" time="0">
    <skipped/>
  </testcase>
  <testcase name="before" classname="TestCases.TestCases" time="0">
    <skipped/>
  </testcase>
  <testcase name="before" classname="TestCases.TestCases" time="0">
    <skipped/>
  </testcase>
  <testcase name="before" classname="TestCases.TestCases" time="0">
    <skipped/>
  </testcase>
  <testcase name="before" classname="TestCases.TestCases" time="0">
    <skipped/>
  </testcase>
  <testcase name="before" classname="TestCases.TestCases" time="0">
    <skipped/>
  </testcase>
  <testcase name="before" classname="TestCases.TestCases" time="0">
    <skipped/>
  </testcase>
  <testcase name="before" classname="TestCases.TestCases" time="0">
    <skipped/>
  </testcase>
  <testcase name="before" classname="TestCases.TestCases" time="0">
    <skipped/>
  </testcase>
  <testcase name="before" classname="TestCases.TestCases" time="0">
    <skipped/>
  </testcase>
  <testcase name="before" classname="TestCases.TestCases" time="0">
    <skipped/>
  </testcase>
  <testcase name="before" classname="TestCases.TestCases" time="0">
    <skipped/>
  </testcase>
  <testcase name="before" classname="TestCases.TestCases" time="0">
    <skipped/>
  </testcase>
  <testcase name="before" classname="TestCases.TestCases" time="0">
    <skipped/>
  </testcase>
  <testcase name="before" classname="TestCases.TestCases" time="0">
    <skipped/>
  </testcase>
  <testcase name="before" classname="TestCases.TestCases" time="0">
    <skipped/>
  </testcase>
  <testcase name="before" classname="TestCases.TestCases" time="0">
    <skipped/>
  </testcase>
  <testcase name="before" classname="TestCases.TestCases" time="0">
    <skipped/>
  </testcase>
  <testcase name="before" classname="TestCases.TestCases" time="0">
    <skipped/>
  </testcase>
  <testcase name="before" classname="TestCases.TestCases" time="0">
    <skipped/>
  </testcase>
  <testcase name="before" classname="TestCases.TestCases" time="0">
    <skipped/>
  </testcase>
  <testcase name="TC_Login" classname="TestCases.TestCases" time="0">
    <skipped/>
  </testcase>
  <testcase name="TDR_EFS_01" classname="TestCases.TestCases" time="0">
    <skipped/>
  </testcase>
  <testcase name="TDR_EFS_02" classname="TestCases.TestCases" time="0">
    <skipped/>
  </testcase>
  <testcase name="TDR_EFS_03" classname="TestCases.TestCases" time="0">
    <skipped/>
  </testcase>
  <testcase name="TDR_EFS_04" classname="TestCases.TestCases" time="0">
    <skipped/>
  </testcase>
  <testcase name="TDR_EFS_05" classname="TestCases.TestCases" time="0">
    <skipped/>
  </testcase>
  <testcase name="TDR_EFS_06" classname="TestCases.TestCases" time="0">
    <skipped/>
  </testcase>
  <testcase name="TDR_EFS_07" classname="TestCases.TestCases" time="0">
    <skipped/>
  </testcase>
  <testcase name="TDR_EFS_08" classname="TestCases.TestCases" time="0">
    <skipped/>
  </testcase>
  <testcase name="TDR_EFS_09" classname="TestCases.TestCases" time="0">
    <skipped/>
  </testcase>
  <testcase name="TDR_EFS_10" classname="TestCases.TestCases" time="0">
    <skipped/>
  </testcase>
  <testcase name="TDR_EFS_11" classname="TestCases.TestCases" time="0">
    <skipped/>
  </testcase>
  <testcase name="TDR_EFS_12" classname="TestCases.TestCases" time="0">
    <skipped/>
  </testcase>
  <testcase name="TDR_EFS_13" classname="TestCases.TestCases" time="0">
    <skipped/>
  </testcase>
  <testcase name="TDR_EFS_14" classname="TestCases.TestCases" time="0">
    <skipped/>
  </testcase>
  <testcase name="TDR_EFS_15" classname="TestCases.TestCases" time="0">
    <skipped/>
  </testcase>
  <testcase name="TDR_EFS_16" classname="TestCases.TestCases" time="0">
    <skipped/>
  </testcase>
  <testcase name="TDR_EFS_17" classname="TestCases.TestCases" time="0">
    <skipped/>
  </testcase>
  <testcase name="TDR_DET_01" classname="TestCases.TestCases" time="0">
    <skipped/>
  </testcase>
  <testcase name="TDR_DET_02" classname="TestCases.TestCases" time="0">
    <skipped/>
  </testcase>
  <testcase name="TDR_DET_03" classname="TestCases.TestCases" time="0">
    <skipped/>
  </testcase>
  <testcase name="TDR_DET_04" classname="TestCases.TestCases" time="0">
    <skipped/>
  </testcase>
  <testcase name="TDR_DET_05" classname="TestCases.TestCases" time="0">
    <skipped/>
  </testcase>
  <testcase name="TDR_DET_06" classname="TestCases.TestCases" time="0">
    <skipped/>
  </testcase>
  <testcase name="TDR_DET_07" classname="TestCases.TestCases" time="0">
    <skipped/>
  </testcase>
  <testcase name="TDR_DET_08" classname="TestCases.TestCases" time="0">
    <skipped/>
  </testcase>
  <testcase name="TDR_DET_09" classname="TestCases.TestCases" time="0">
    <skipped/>
  </testcase>
  <testcase name="TDR_DET_10" classname="TestCases.TestCases" time="0">
    <skipped/>
  </testcase>
  <testcase name="TDR_DET_11" classname="TestCases.TestCases" time="0">
    <skipped/>
  </testcase>
  <testcase name="TDR_DET_12" classname="TestCases.TestCases" time="0">
    <skipped/>
  </testcase>
  <testcase name="TDR_DET_13" classname="TestCases.TestCases" time="0">
    <skipped/>
  </testcase>
  <testcase name="TDR_DET_14" classname="TestCases.TestCases" time="0">
    <skipped/>
  </testcase>
  <testcase name="TDR_DET_15" classname="TestCases.TestCases" time="0">
    <skipped/>
  </testcase>
  <testcase name="TDR_DET_16" classname="TestCases.TestCases" time="0">
    <skipped/>
  </testcase>
  <testcase name="TDR_DET_17" classname="TestCases.TestCases" time="0">
    <skipped/>
  </testcase>
  <testcase name="TDR_SBS_001" classname="TestCases.TestCases" time="0">
    <skipped/>
  </testcase>
  <testcase name="TDR_SBS_002" classname="TestCases.TestCases" time="0">
    <skipped/>
  </testcase>
  <testcase name="TDR_SBS_003" classname="TestCases.TestCases" time="0">
    <skipped/>
  </testcase>
  <testcase name="TDR_SBS_004" classname="TestCases.TestCases" time="0">
    <skipped/>
  </testcase>
  <testcase name="TDR_SBS_005" classname="TestCases.TestCases" time="0">
    <skipped/>
  </testcase>
  <testcase name="TDR_SBS_006" classname="TestCases.TestCases" time="0">
    <skipped/>
  </testcase>
  <testcase name="TDR_SBS_007" classname="TestCases.TestCases" time="0">
    <skipped/>
  </testcase>
  <testcase name="TDR_SBS_008" classname="TestCases.TestCases" time="0">
    <skipped/>
  </testcase>
  <testcase name="TDR_SBS_009" classname="TestCases.TestCases" time="0">
    <skipped/>
  </testcase>
  <testcase name="TDR_SBS_010" classname="TestCases.TestCases" time="0">
    <skipped/>
  </testcase>
  <testcase name="TDR_SBS_011" classname="TestCases.TestCases" time="0">
    <skipped/>
  </testcase>
  <testcase name="TDR_SBS_012" classname="TestCases.TestCases" time="0">
    <skipped/>
  </testcase>
  <testcase name="TDR_SBS_013" classname="TestCases.TestCases" time="0">
    <skipped/>
  </testcase>
  <testcase name="TDR_SBS_014" classname="TestCases.TestCases" time="0">
    <skipped/>
  </testcase>
  <testcase name="TDR_SBS_015" classname="TestCases.TestCases" time="0">
    <skipped/>
  </testcase>
  <testcase name="TDR_SBS_016" classname="TestCases.TestCases" time="0">
    <skipped/>
  </testcase>
  <testcase name="TDR_SBCE_001" classname="TestCases.TestCases" time="0">
    <skipped/>
  </testcase>
  <testcase name="TDR_SBCE_002" classname="TestCases.TestCases" time="0">
    <skipped/>
  </testcase>
  <testcase name="TDR_SBCE_003" classname="TestCases.TestCases" time="0">
    <skipped/>
  </testcase>
  <testcase name="TDR_SBCE_004" classname="TestCases.TestCases" time="0">
    <skipped/>
  </testcase>
  <testcase name="TDR_SBCE_005" classname="TestCases.TestCases" time="0">
    <skipped/>
  </testcase>
  <testcase name="TDR_SBCE_006" classname="TestCases.TestCases" time="0">
    <skipped/>
  </testcase>
  <testcase name="TDR_SBCE_007" classname="TestCases.TestCases" time="0">
    <skipped/>
  </testcase>
  <testcase name="TDR_SBCE_008" classname="TestCases.TestCases" time="0">
    <skipped/>
  </testcase>
  <testcase name="TDR_SBCE_009" classname="TestCases.TestCases" time="0">
    <skipped/>
  </testcase>
  <testcase name="TDR_SBCE_010" classname="TestCases.TestCases" time="0">
    <skipped/>
  </testcase>
  <testcase name="TDR_SBCE_011" classname="TestCases.TestCases" time="0">
    <skipped/>
  </testcase>
  <testcase name="TDR_SBCE_012" classname="TestCases.TestCases" time="0">
    <skipped/>
  </testcase>
  <testcase name="TDR_SBCE_013" classname="TestCases.TestCases" time="0">
    <skipped/>
  </testcase>
  <testcase name="TDR_SBCE_014" classname="TestCases.TestCases" time="0">
    <skipped/>
  </testcase>
  <testcase name="TDR_SBCE_015" classname="TestCases.TestCases" time="0">
    <skipped/>
  </testcase>
  <testcase name="TDR_SBCE_016" classname="TestCases.TestCases" time="0">
    <skipped/>
  </testcase>
  <testcase name="TDR_SBD_01" classname="TestCases.TestCases" time="0">
    <skipped/>
  </testcase>
  <testcase name="TDR_SBD_02" classname="TestCases.TestCases" time="0">
    <skipped/>
  </testcase>
  <testcase name="TDR_SBD_03" classname="TestCases.TestCases" time="0">
    <skipped/>
  </testcase>
  <testcase name="TDR_SBD_04" classname="TestCases.TestCases" time="0">
    <skipped/>
  </testcase>
  <testcase name="TDR_SBD_05" classname="TestCases.TestCases" time="0">
    <skipped/>
  </testcase>
  <testcase name="TDR_SBD_06" classname="TestCases.TestCases" time="0">
    <skipped/>
  </testcase>
  <testcase name="TDR_SBD_07" classname="TestCases.TestCases" time="0">
    <skipped/>
  </testcase>
  <testcase name="TDR_SBD_08" classname="TestCases.TestCases" time="0">
    <skipped/>
  </testcase>
  <testcase name="TDR_SBD_09" classname="TestCases.TestCases" time="0">
    <skipped/>
  </testcase>
  <testcase name="TDR_SBD_10" classname="TestCases.TestCases" time="0">
    <skipped/>
  </testcase>
  <testcase name="TDR_SBD_11" classname="TestCases.TestCases" time="0">
    <skipped/>
  </testcase>
  <testcase name="TDR_SBD_12" classname="TestCases.TestCases" time="0">
    <skipped/>
  </testcase>
  <testcase name="TDR_SBD_13" classname="TestCases.TestCases" time="0">
    <skipped/>
  </testcase>
  <testcase name="TDR_SBD_14" classname="TestCases.TestCases" time="0">
    <skipped/>
  </testcase>
  <testcase name="TDR_SBD_15" classname="TestCases.TestCases" time="0">
    <skipped/>
  </testcase>
  <testcase name="TDR_SBD_16" classname="TestCases.TestCases" time="0">
    <skipped/>
  </testcase>
  <testcase name="UR_IPO_01" classname="TestCases.TestCases" time="0">
    <skipped/>
  </testcase>
  <testcase name="UR_IPO_02" classname="TestCases.TestCases" time="0">
    <skipped/>
  </testcase>
  <testcase name="UR_IPO_03" classname="TestCases.TestCases" time="0">
    <skipped/>
  </testcase>
  <testcase name="UR_IPO_04" classname="TestCases.TestCases" time="0">
    <skipped/>
  </testcase>
  <testcase name="UR_IPO_05" classname="TestCases.TestCases" time="0">
    <skipped/>
  </testcase>
  <testcase name="UR_IPO_06" classname="TestCases.TestCases" time="0">
    <skipped/>
  </testcase>
  <testcase name="UR_IPO_07" classname="TestCases.TestCases" time="0">
    <skipped/>
  </testcase>
  <testcase name="UR_IPO_08" classname="TestCases.TestCases" time="0">
    <skipped/>
  </testcase>
  <testcase name="UR_IPO_09" classname="TestCases.TestCases" time="0">
    <skipped/>
  </testcase>
  <testcase name="UR_IPO_10" classname="TestCases.TestCases" time="0">
    <skipped/>
  </testcase>
  <testcase name="UR_IPO_11" classname="TestCases.TestCases" time="0">
    <skipped/>
  </testcase>
  <testcase name="UR_IPO_12" classname="TestCases.TestCases" time="0">
    <skipped/>
  </testcase>
  <testcase name="UR_IPO_13" classname="TestCases.TestCases" time="0">
    <skipped/>
  </testcase>
  <testcase name="UR_IPO_14" classname="TestCases.TestCases" time="0">
    <skipped/>
  </testcase>
  <testcase name="UR_IPO_15" classname="TestCases.TestCases" time="0">
    <skipped/>
  </testcase>
  <testcase name="UR_IPO_16" classname="TestCases.TestCases" time="0">
    <skipped/>
  </testcase>
  <testcase name="UR_IPO_17" classname="TestCases.TestCases" time="0">
    <skipped/>
  </testcase>
  <testcase name="UR_IPA_01" classname="TestCases.TestCases" time="0">
    <skipped/>
  </testcase>
  <testcase name="UR_IPA_02" classname="TestCases.TestCases" time="0">
    <skipped/>
  </testcase>
  <testcase name="UR_IPA_03" classname="TestCases.TestCases" time="0">
    <skipped/>
  </testcase>
  <testcase name="UR_IPA_04" classname="TestCases.TestCases" time="0">
    <skipped/>
  </testcase>
  <testcase name="UR_IPA_05" classname="TestCases.TestCases" time="0">
    <skipped/>
  </testcase>
  <testcase name="UR_IPA_06" classname="TestCases.TestCases" time="0">
    <skipped/>
  </testcase>
  <testcase name="UR_IPA_07" classname="TestCases.TestCases" time="0">
    <skipped/>
  </testcase>
  <testcase name="UR_IPA_08" classname="TestCases.TestCases" time="0">
    <skipped/>
  </testcase>
  <testcase name="UR_IPA_09" classname="TestCases.TestCases" time="0">
    <skipped/>
  </testcase>
  <testcase name="UR_IPA_10" classname="TestCases.TestCases" time="0">
    <skipped/>
  </testcase>
  <testcase name="UR_IPA_11" classname="TestCases.TestCases" time="0">
    <skipped/>
  </testcase>
  <testcase name="UR_IPA_12" classname="TestCases.TestCases" time="0">
    <skipped/>
  </testcase>
  <testcase name="UR_IPA_13" classname="TestCases.TestCases" time="0">
    <skipped/>
  </testcase>
  <testcase name="UR_IPA_14" classname="TestCases.TestCases" time="0">
    <skipped/>
  </testcase>
  <testcase name="UR_IPA_15" classname="TestCases.TestCases" time="0">
    <skipped/>
  </testcase>
  <testcase name="UR_IPA_16" classname="TestCases.TestCases" time="0">
    <skipped/>
  </testcase>
  <testcase name="UR_IPA_17" classname="TestCases.TestCases" time="0">
    <skipped/>
  </testcase>
  <testcase name="UR_CLS_01" classname="TestCases.TestCases" time="0">
    <skipped/>
  </testcase>
  <testcase name="UR_CLS_02" classname="TestCases.TestCases" time="0">
    <skipped/>
  </testcase>
  <testcase name="UR_CLS_03" classname="TestCases.TestCases" time="0">
    <skipped/>
  </testcase>
  <testcase name="UR_CLS_04" classname="TestCases.TestCases" time="0">
    <skipped/>
  </testcase>
  <testcase name="UR_CLS_05" classname="TestCases.TestCases" time="0">
    <skipped/>
  </testcase>
  <testcase name="UR_CLS_06" classname="TestCases.TestCases" time="0">
    <skipped/>
  </testcase>
  <testcase name="UR_CLS_07" classname="TestCases.TestCases" time="0">
    <skipped/>
  </testcase>
  <testcase name="UR_CLS_08" classname="TestCases.TestCases" time="0">
    <skipped/>
  </testcase>
  <testcase name="UR_CLS_09" classname="TestCases.TestCases" time="0">
    <skipped/>
  </testcase>
  <testcase name="UR_CLS_10" classname="TestCases.TestCases" time="0">
    <skipped/>
  </testcase>
  <testcase name="UR_CLS_11" classname="TestCases.TestCases" time="0">
    <skipped/>
  </testcase>
  <testcase name="UR_CLS_12" classname="TestCases.TestCases" time="0">
    <skipped/>
  </testcase>
  <testcase name="UR_CLS_13" classname="TestCases.TestCases" time="0">
    <skipped/>
  </testcase>
  <testcase name="UR_CLS_14" classname="TestCases.TestCases" time="0">
    <skipped/>
  </testcase>
  <testcase name="UR_CLS_15" classname="TestCases.TestCases" time="0">
    <skipped/>
  </testcase>
  <testcase name="UR_CLS_16" classname="TestCases.TestCases" time="0">
    <skipped/>
  </testcase>
  <testcase name="UR_CLS_17" classname="TestCases.TestCases" time="0">
    <skipped/>
  </testcase>
  <testcase name="UR_CLD_01" classname="TestCases.TestCases" time="0">
    <skipped/>
  </testcase>
  <testcase name="UR_CLD_02" classname="TestCases.TestCases" time="0">
    <skipped/>
  </testcase>
  <testcase name="UR_CLD_03" classname="TestCases.TestCases" time="0">
    <skipped/>
  </testcase>
  <testcase name="UR_CLD_04" classname="TestCases.TestCases" time="0">
    <skipped/>
  </testcase>
  <testcase name="UR_CLD_05" classname="TestCases.TestCases" time="0">
    <skipped/>
  </testcase>
  <testcase name="UR_CLD_06" classname="TestCases.TestCases" time="0">
    <skipped/>
  </testcase>
  <testcase name="UR_CLD_07" classname="TestCases.TestCases" time="0">
    <skipped/>
  </testcase>
  <testcase name="UR_CLD_08" classname="TestCases.TestCases" time="0">
    <skipped/>
  </testcase>
  <testcase name="UR_CLD_09" classname="TestCases.TestCases" time="0">
    <skipped/>
  </testcase>
  <testcase name="UR_CLD_10" classname="TestCases.TestCases" time="0">
    <skipped/>
  </testcase>
  <testcase name="UR_CLD_11" classname="TestCases.TestCases" time="0">
    <skipped/>
  </testcase>
  <testcase name="UR_CLD_12" classname="TestCases.TestCases" time="0">
    <skipped/>
  </testcase>
[...]
    <skipped/>
  </testcase>
  <testcase name="CR_SOD_19" classname="TestCases.TestCases" time="0">
    <skipped/>
  </testcase>
  <testcase name="CR_SOD_20" classname="TestCases.TestCases" time="0">
    <skipped/>
  </testcase>
  <testcase name="SR_UW_01" classname="TestCases.TestCases" time="0">
    <skipped/>
  </testcase>
  <testcase name="SR_UW_02" classname="TestCases.TestCases" time="0">
    <skipped/>
  </testcase>
  <testcase name="SR_UW_03" classname="TestCases.TestCases" time="0">
    <skipped/>
  </testcase>
  <testcase name="SR_UW_04" classname="TestCases.TestCases" time="0">
    <skipped/>
  </testcase>
  <testcase name="SR_UW_05" classname="TestCases.TestCases" time="0">
    <skipped/>
  </testcase>
  <testcase name="SR_UW_06" classname="TestCases.TestCases" time="0">
    <skipped/>
  </testcase>
  <testcase name="SR_UW_07" classname="TestCases.TestCases" time="0">
    <skipped/>
  </testcase>
  <testcase name="SR_UW_08" classname="TestCases.TestCases" time="0">
    <skipped/>
  </testcase>
  <testcase name="SR_UW_09" classname="TestCases.TestCases" time="0">
    <skipped/>
  </testcase>
  <testcase name="SR_UW_10" classname="TestCases.TestCases" time="0">
    <skipped/>
  </testcase>
  <testcase name="SR_UW_13" classname="TestCases.TestCases" time="0">
    <skipped/>
  </testcase>
  <testcase name="SR_UW_14" classname="TestCases.TestCases" time="0">
    <skipped/>
  </testcase>
  <testcase name="SR_UW_15" classname="TestCases.TestCases" time="0">
    <skipped/>
  </testcase>
  <testcase name="SR_UW_16" classname="TestCases.TestCases" time="0">
    <skipped/>
  </testcase>
  <testcase name="SR_UW_19" classname="TestCases.TestCases" time="0">
    <skipped/>
  </testcase>
  <testcase name="SR_UW_20" classname="TestCases.TestCases" time="0">
    <skipped/>
  </testcase>
  <testcase name="SR_BUD_01" classname="TestCases.TestCases" time="0">
    <skipped/>
  </testcase>
  <testcase name="SR_BUD_02" classname="TestCases.TestCases" time="0">
    <skipped/>
  </testcase>
  <testcase name="SR_BUD_03" classname="TestCases.TestCases" time="0">
    <skipped/>
  </testcase>
  <testcase name="SR_BUD_04" classname="TestCases.TestCases" time="0">
    <skipped/>
  </testcase>
  <testcase name="SR_BUD_05" classname="TestCases.TestCases" time="0">
    <skipped/>
  </testcase>
  <testcase name="SR_BUD_06" classname="TestCases.TestCases" time="0">
    <skipped/>
  </testcase>
  <testcase name="SR_BUD_07" classname="TestCases.TestCases" time="0">
    <skipped/>
  </testcase>
  <testcase name="SR_BUD_08" classname="TestCases.TestCases" time="0">
    <skipped/>
  </testcase>
  <testcase name="SR_BUD_09" classname="TestCases.TestCases" time="0">
    <skipped/>
  </testcase>
  <testcase name="SR_BUD_10" classname="TestCases.TestCases" time="0">
    <skipped/>
  </testcase>
  <testcase name="SR_BUD_13" classname="TestCases.TestCases" time="0">
    <skipped/>
  </testcase>
  <testcase name="SR_BUD_14" classname="TestCases.TestCases" time="0">
    <skipped/>
  </testcase>
  <testcase name="SR_BUD_15" classname="TestCases.TestCases" time="0">
    <skipped/>
  </testcase>
  <testcase name="SR_BUD_16" classname="TestCases.TestCases" time="0">
    <skipped/>
  </testcase>
  <testcase name="SR_TTT_01" classname="TestCases.TestCases" time="0">
    <skipped/>
  </testcase>
  <testcase name="SR_TTT_02" classname="TestCases.TestCases" time="0">
    <skipped/>
  </testcase>
  <testcase name="SR_TTT_03" classname="TestCases.TestCases" time="0">
    <skipped/>
  </testcase>
  <testcase name="SR_TTT_04" classname="TestCases.TestCases" time="0">
    <skipped/>
  </testcase>
  <testcase name="SR_TTT_05" classname="TestCases.TestCases" time="0">
    <skipped/>
  </testcase>
  <testcase name="SR_TTT_06" classname="TestCases.TestCases" time="0">
    <skipped/>
  </testcase>
  <testcase name="SR_TTT_07" classname="TestCases.TestCases" time="0">
    <skipped/>
  </testcase>
  <testcase name="SR_TTT_08" classname="TestCases.TestCases" time="0">
    <skipped/>
  </testcase>
  <testcase name="SR_TTT_09" classname="TestCases.TestCases" time="0">
    <skipped/>
  </testcase>
  <testcase name="SR_TTT_10" classname="TestCases.TestCases" time="0">
    <skipped/>
  </testcase>
  <testcase name="SR_TTT_11" classname="TestCases.TestCases" time="0">
    <skipped/>
  </testcase>
  <testcase name="SR_TTT_12" classname="TestCases.TestCases" time="0">
    <skipped/>
  </testcase>
  <testcase name="SR_TTT_13" classname="TestCases.TestCases" time="0">
    <skipped/>
  </testcase>
  <testcase name="SR_TTT_14" classname="TestCases.TestCases" time="0">
    <skipped/>
  </testcase>
  <testcase name="SR_TTT_15" classname="TestCases.TestCases" time="0">
    <skipped/>
  </testcase>
  <testcase name="SR_TTT_16" classname="TestCases.TestCases" time="0">
    <skipped/>
  </testcase>
  <testcase name="SR_TTT_17" classname="TestCases.TestCases" time="0">
    <skipped/>
  </testcase>
  <testcase name="SR_TBS_01" classname="TestCases.TestCases" time="0">
    <skipped/>
  </testcase>
  <testcase name="SR_TBS_02" classname="TestCases.TestCases" time="0">
    <skipped/>
  </testcase>
  <testcase name="SR_TBS_03" classname="TestCases.TestCases" time="0">
    <skipped/>
  </testcase>
  <testcase name="SR_TBS_04" classname="TestCases.TestCases" time="0">
    <skipped/>
  </testcase>
  <testcase name="SR_TBS_05" classname="TestCases.TestCases" time="0">
    <skipped/>
  </testcase>
  <testcase name="SR_TBS_06" classname="TestCases.TestCases" time="0">
    <skipped/>
  </testcase>
  <testcase name="SR_TBS_07" classname="TestCases.TestCases" time="0">
    <skipped/>
  </testcase>
  <testcase name="SR_TBS_08" classname="TestCases.TestCases" time="0">
    <skipped/>
  </testcase>
  <testcase name="SR_TBS_09" classname="TestCases.TestCases" time="0">
    <skipped/>
  </testcase>
  <testcase name="SR_TBS_10" classname="TestCases.TestCases" time="0">
    <skipped/>
  </testcase>
  <testcase name="SR_TBS_11" classname="TestCases.TestCases" time="0">
    <skipped/>
  </testcase>
  <testcase name="SR_TBS_12" classname="TestCases.TestCases" time="0">
    <skipped/>
  </testcase>
  <testcase name="SR_TBS_13" classname="TestCases.TestCases" time="0">
    <skipped/>
  </testcase>
  <testcase name="SR_TBS_14" classname="TestCases.TestCases" time="0">
    <skipped/>
  </testcase>
  <testcase name="SR_TBS_15" classname="TestCases.TestCases" time="0">
    <skipped/>
  </testcase>
  <testcase name="SR_TBS_16" classname="TestCases.TestCases" time="0">
    <skipped/>
  </testcase>
  <testcase name="SR_TBS_17" classname="TestCases.TestCases" time="0">
    <skipped/>
  </testcase>
  <testcase name="AR_RT_01" classname="TestCases.TestCases" time="0">
    <skipped/>
  </testcase>
  <testcase name="AR_RT_02" classname="TestCases.TestCases" time="0">
    <skipped/>
  </testcase>
  <testcase name="AR_RT_03" classname="TestCases.TestCases" time="0">
    <skipped/>
  </testcase>
  <testcase name="AR_RT_04" classname="TestCases.TestCases" time="0">
    <skipped/>
  </testcase>
  <testcase name="AR_RT_05" classname="TestCases.TestCases" time="0">
    <skipped/>
  </testcase>
  <testcase name="AR_RT_06" classname="TestCases.TestCases" time="0">
    <skipped/>
  </testcase>
  <testcase name="AR_RT_07" classname="TestCases.TestCases" time="0">
    <skipped/>
  </testcase>
  <testcase name="AR_RT_08" classname="TestCases.TestCases" time="0">
    <skipped/>
  </testcase>
  <testcase name="AR_RT_09" classname="TestCases.TestCases" time="0">
    <skipped/>
  </testcase>
  <testcase name="AR_RT_10" classname="TestCases.TestCases" time="0">
    <skipped/>
  </testcase>
  <testcase name="AR_RT_11" classname="TestCases.TestCases" time="0">
    <skipped/>
  </testcase>
  <testcase name="AR_RT_12" classname="TestCases.TestCases" time="0">
    <skipped/>
  </testcase>
  <testcase name="AR_RT_13" classname="TestCases.TestCases" time="0">
    <skipped/>
  </testcase>
  <testcase name="AR_RT_14" classname="TestCases.TestCases" time="0">
    <skipped/>
  </testcase>
  <testcase name="AR_RT_15" classname="TestCases.TestCases" time="0">
    <skipped/>
  </testcase>
  <testcase name="AR_RT_16" classname="TestCases.TestCases" time="0">
    <skipped/>
  </testcase>
  <testcase name="AR_UD_01" classname="TestCases.TestCases" time="0">
    <skipped/>
  </testcase>
  <testcase name="AR_UD_02" classname="TestCases.TestCases" time="0">
    <skipped/>
  </testcase>
  <testcase name="AR_UD_03" classname="TestCases.TestCases" time="0">
    <skipped/>
  </testcase>
  <testcase name="AR_UD_04" classname="TestCases.TestCases" time="0">
    <skipped/>
  </testcase>
  <testcase name="AR_UD_05" classname="TestCases.TestCases" time="0">
    <skipped/>
  </testcase>
  <testcase name="AR_UD_06" classname="TestCases.TestCases" time="0">
    <skipped/>
  </testcase>
  <testcase name="AR_UD_07" classname="TestCases.TestCases" time="0">
    <skipped/>
  </testcase>
  <testcase name="AR_UD_08" classname="TestCases.TestCases" time="0">
    <skipped/>
  </testcase>
  <testcase name="AR_UD_09" classname="TestCases.TestCases" time="0">
    <skipped/>
  </testcase>
  <testcase name="AR_UD_10" classname="TestCases.TestCases" time="0">
    <skipped/>
  </testcase>
  <testcase name="AR_UD_13" classname="TestCases.TestCases" time="0">
    <skipped/>
  </testcase>
  <testcase name="AR_UD_14" classname="TestCases.TestCases" time="0">
    <skipped/>
  </testcase>
  <testcase name="AR_UD_15" classname="TestCases.TestCases" time="0">
    <skipped/>
  </testcase>
  <testcase name="AR_UD_16" classname="TestCases.TestCases" time="0">
    <skipped/>
  </testcase>
  <testcase name="AR_SA_01" classname="TestCases.TestCases" time="0">
    <skipped/>
  </testcase>
  <testcase name="AR_SA_02" classname="TestCases.TestCases" time="0">
    <skipped/>
  </testcase>
  <testcase name="AR_SA_03" classname="TestCases.TestCases" time="0">
    <skipped/>
  </testcase>
  <testcase name="AR_SA_04" classname="TestCases.TestCases" time="0">
    <skipped/>
  </testcase>
  <testcase name="AR_SA_05" classname="TestCases.TestCases" time="0">
    <skipped/>
  </testcase>
  <testcase name="AR_SA_06" classname="TestCases.TestCases" time="0">
    <skipped/>
  </testcase>
  <testcase name="AR_SA_07" classname="TestCases.TestCases" time="0">
    <skipped/>
  </testcase>
  <testcase name="AR_SA_08" classname="TestCases.TestCases" time="0">
    <skipped/>
  </testcase>
  <testcase name="AR_SA_09" classname="TestCases.TestCases" time="0">
    <skipped/>
  </testcase>
  <testcase name="AR_SA_10" classname="TestCases.TestCases" time="0">
    <skipped/>
  </testcase>
  <testcase name="AR_SA_11" classname="TestCases.TestCases" time="0">
    <skipped/>
  </testcase>
  <testcase name="AR_SA_12" classname="TestCases.TestCases" time="0">
    <skipped/>
  </testcase>
  <testcase name="AR_SA_13" classname="TestCases.TestCases" time="0">
    <skipped/>
  </testcase>
  <testcase name="AR_SA_14" classname="TestCases.TestCases" time="0">
    <skipped/>
  </testcase>
  <testcase name="AR_SA_15" classname="TestCases.TestCases" time="0">
    <skipped/>
  </testcase>
  <testcase name="AR_SA_16" classname="TestCases.TestCases" time="0">
    <skipped/>
  </testcase>
  <testcase name="AR_SA_19" classname="TestCases.TestCases" time="0">
    <skipped/>
  </testcase>
  <testcase name="AR_SA_20" classname="TestCases.TestCases" time="0">
    <skipped/>
  </testcase>
  <testcase name="AR_SA_21" classname="TestCases.TestCases" time="0">
    <skipped/>
  </testcase>
  <testcase name="AR_CED_01" classname="TestCases.TestCases" time="0">
    <skipped/>
  </testcase>
  <testcase name="AR_CED_02" classname="TestCases.TestCases" time="0">
    <skipped/>
  </testcase>
  <testcase name="AR_CED_03" classname="TestCases.TestCases" time="0">
    <skipped/>
  </testcase>
  <testcase name="AR_CED_04" classname="TestCases.TestCases" time="0">
    <skipped/>
  </testcase>
  <testcase name="AR_CED_05" classname="TestCases.TestCases" time="0">
    <skipped/>
  </testcase>
  <testcase name="AR_CED_06" classname="TestCases.TestCases" time="0">
    <skipped/>
  </testcase>
  <testcase name="AR_CED_07" classname="TestCases.TestCases" time="0">
    <skipped/>
  </testcase>
  <testcase name="AR_CED_08" classname="TestCases.TestCases" time="0">
    <skipped/>
  </testcase>
  <testcase name="AR_CED_09" classname="TestCases.TestCases" time="0">
    <skipped/>
  </testcase>
  <testcase name="AR_CED_10" classname="TestCases.TestCases" time="0">
    <skipped/>
  </testcase>
  <testcase name="AR_CED_11" classname="TestCases.TestCases" time="0">
    <skipped/>
  </testcase>
  <testcase name="AR_CED_12" classname="TestCases.TestCases" time="0">
    <skipped/>
  </testcase>
  <testcase name="AR_CED_13" classname="TestCases.TestCases" time="0">
    <skipped/>
  </testcase>
  <testcase name="AR_CED_14" classname="TestCases.TestCases" time="0">
    <skipped/>
  </testcase>
  <testcase name="AR_CED_15" classname="TestCases.TestCases" time="0">
    <skipped/>
  </testcase>
  <testcase name="AR_CED_16" classname="TestCases.TestCases" time="0">
    <skipped/>
  </testcase>
  <testcase name="AR_GD_01" classname="TestCases.TestCases" time="0">
    <skipped/>
  </testcase>
  <testcase name="AR_GD_02" classname="TestCases.TestCases" time="0">
    <skipped/>
  </testcase>
  <testcase name="AR_GD_03" classname="TestCases.TestCases" time="0">
    <skipped/>
  </testcase>
  <testcase name="AR_GD_04" classname="TestCases.TestCases" time="0">
    <skipped/>
  </testcase>
  <testcase name="AR_GD_05" classname="TestCases.TestCases" time="0">
    <skipped/>
  </testcase>
  <testcase name="AR_GD_06" classname="TestCases.TestCases" time="0">
    <skipped/>
  </testcase>
  <testcase name="AR_GD_07" classname="TestCases.TestCases" time="0">
    <skipped/>
  </testcase>
  <testcase name="AR_GD_08" classname="TestCases.TestCases" time="0">
    <skipped/>
  </testcase>
  <testcase name="AR_GD_09" classname="TestCases.TestCases" time="0">
    <skipped/>
  </testcase>
  <testcase name="AR_GD_10" classname="TestCases.TestCases" time="0">
    <skipped/>
  </testcase>
  <testcase name="AR_GD_11" classname="TestCases.TestCases" time="0">
    <skipped/>
  </testcase>
  <testcase name="AR_GD_12" classname="TestCases.TestCases" time="0">
    <skipped/>
  </testcase>
  <testcase name="AR_GD_13" classname="TestCases.TestCases" time="0">
    <skipped/>
  </testcase>
  <testcase name="AR_GD_14" classname="TestCases.TestCases" time="0">
    <skipped/>
  </testcase>
  <testcase name="AR_GD_15" classname="TestCases.TestCases" time="0">
    <skipped/>
  </testcase>
  <testcase name="AR_GD_16" classname="TestCases.TestCases" time="0">
    <skipped/>
  </testcase>
  <testcase name="AR_OB_01" classname="TestCases.TestCases" time="0">
    <skipped/>
  </testcase>
  <testcase name="AR_OB_02" classname="TestCases.TestCases" time="0">
    <skipped/>
  </testcase>
  <testcase name="AR_OB_03" classname="TestCases.TestCases" time="0">
    <skipped/>
  </testcase>
  <testcase name="AR_OB_04" classname="TestCases.TestCases" time="0">
    <skipped/>
  </testcase>
  <testcase name="AR_OB_05" classname="TestCases.TestCases" time="0">
    <skipped/>
  </testcase>
  <testcase name="AR_OB_06" classname="TestCases.TestCases" time="0">
    <skipped/>
  </testcase>
  <testcase name="AR_OB_07" classname="TestCases.TestCases" time="0">
    <skipped/>
  </testcase>
  <testcase name="AR_OB_08" classname="TestCases.TestCases" time="0">
    <skipped/>
  </testcase>
  <testcase name="AR_OB_09" classname="TestCases.TestCases" time="0">
    <skipped/>
  </testcase>
  <testcase name="AR_OB_10" classname="TestCases.TestCases" time="0">
    <skipped/>
  </testcase>
  <testcase name="AR_OB_11" classname="TestCases.TestCases" time="0">
    <skipped/>
  </testcase>
  <testcase name="AR_OB_12" classname="TestCases.TestCases" time="0">
    <skipped/>
  </testcase>
  <testcase name="AR_OB_13" classname="TestCases.TestCases" time="0">
    <skipped/>
  </testcase>
  <testcase name="AR_OB_14" classname="TestCases.TestCases" time="0">
    <skipped/>
  </testcase>
  <testcase name="AR_OB_15" classname="TestCases.TestCases" time="0">
    <skipped/>
  </testcase>
  <testcase name="AR_OB_16" classname="TestCases.TestCases" time="0">
    <skipped/>
  </testcase>
  <testcase name="AR_YTCR_01" classname="TestCases.TestCases" time="0">
    <skipped/>
  </testcase>
  <testcase name="AR_YTCR_02" classname="TestCases.TestCases" time="0">
    <skipped/>
  </testcase>
  <testcase name="AR_YTCR_03" classname="TestCases.TestCases" time="0">
    <skipped/>
  </testcase>
  <testcase name="AR_YTCR_04" classname="TestCases.TestCases" time="0">
    <skipped/>
  </testcase>
  <testcase name="AR_YTCR_05" classname="TestCases.TestCases" time="0">
    <skipped/>
  </testcase>
  <testcase name="AR_YTCR_06" classname="TestCases.TestCases" time="0">
    <skipped/>
  </testcase>
  <testcase name="AR_YTCR_07" classname="TestCases.TestCases" time="0">
    <skipped/>
  </testcase>
  <testcase name="AR_YTCR_08" classname="TestCases.TestCases" time="0">
    <skipped/>
  </testcase>
  <testcase name="AR_YTCR_09" classname="TestCases.TestCases" time="0">
    <skipped/>
  </testcase>
  <testcase name="AR_YTCR_10" classname="TestCases.TestCases" time="0">
    <skipped/>
  </testcase>
  <testcase name="AR_YTCR_13" classname="TestCases.TestCases" time="0">
    <skipped/>
  </testcase>
  <testcase name="AR_YTCR_14" classname="TestCases.TestCases" time="0">
    <skipped/>
  </testcase>
  <testcase name="AR_YTCR_15" classname="TestCases.TestCases" time="0">
    <skipped/>
  </testcase>
  <testcase name="AR_YTCR_16" classname="TestCases.TestCases" time="0">
    <skipped/>
  </testcase>
  <testcase name="AR_YTCR_17" classname="TestCases.TestCases" time="0">
    <skipped/>
  </testcase>
  <testcase name="AR_WSM_01" classname="TestCases.TestCases" time="0">
    <skipped/>
  </testcase>
  <testcase name="AR_WSM_02" classname="TestCases.TestCases" time="0">
    <skipped/>
  </testcase>
  <testcase name="AR_WSM_03" classname="TestCases.TestCases" time="0">
    <skipped/>
  </testcase>
  <testcase name="AR_WSM_04" classname="TestCases.TestCases" time="0">
    <skipped/>
  </testcase>
  <testcase name="AR_WSM_05" classname="TestCases.TestCases" time="0">
    <skipped/>
  </testcase>
  <testcase name="AR_WSM_06" classname="TestCases.TestCases" time="0">
    <skipped/>
  </testcase>
  <testcase name="AR_WSM_07" classname="TestCases.TestCases" time="0">
    <skipped/>
  </testcase>
  <testcase name="AR_WSM_08" classname="TestCases.TestCases" time="0">
    <skipped/>
  </testcase>
  <testcase name="AR_WSM_09" classname="TestCases.TestCases" time="0">
    <skipped/>
  </testcase>
  <testcase name="AR_WSM_10" classname="TestCases.TestCases" time="0">
    <skipped/>
  </testcase>
  <testcase name="AR_WSM_13" classname="TestCases.TestCases" time="0">
    <skipped/>
  </testcase>
  <testcase name="AR_WSM_14" classname="TestCases.TestCases" time="0">
    <skipped/>
  </testcase>
  <testcase name="AR_WSM_15" classname="TestCases.TestCases" time="0">
    <skipped/>
  </testcase>
  <testcase name="AR_WSM_16" classname="TestCases.TestCases" time="0">
    <skipped/>
  </testcase>
  <testcase name="TC_Logout" classname="TestCases.TestCases" time="0">
    <skipped/>
  </testcase>
  <testcase name="closeSessions" classname="TestCases.TestCases" time="0">
    <skipped/>
  </testcase>
</testsuite>