<?xml version="1.0" encoding="UTF-8"?>
<testsuite xmlns:xsi="http://www.w3.org/2001/XMLSchema-instance" xsi:noNamespaceSchemaLocation="https://maven.apache.org/surefire/maven-surefire-plugin/xsd/surefire-test-report-3.0.xsd" version="3.0" name="TestSuite" time="35,783.239" tests="152" errors="0" skipped="0" failures="31">
  <properties>
[...]
</properties>
  <testcase name="TC_Login" classname="TestCases.TestCases" time="9.362"/>
  <testcase name="TDR_EFS_01" classname="TestCases.TestCases" time="87.053"/>
  <testcase name="TDR_EFS_02" classname="TestCases.TestCases" time="162.785"/>
  <testcase name="TDR_EFS_03" classname="TestCases.TestCases" time="167.87"/>
  <testcase name="TDR_EFS_04" classname="TestCases.TestCases" time="148.354"/>
  <testcase name="TDR_EFS_05" classname="TestCases.TestCases" time="73.153"/>
  <testcase name="TDR_EFS_06" classname="TestCases.TestCases" time="519.538"/>
  <testcase name="TDR_EFS_07" classname="TestCases.TestCases" time="185.34"/>
  <testcase name="TDR_EFS_08" classname="TestCases.TestCases" time="163.191"/>
  <testcase name="TDR_EFS_09" classname="TestCases.TestCases" time="158.238"/>
  <testcase name="TDR_EFS_10" classname="TestCases.TestCases" time="82.109"/>
  <testcase name="TDR_EFS_11" classname="TestCases.TestCases" time="204.243"/>
  <testcase name="TDR_EFS_12" classname="TestCases.TestCases" time="262.475"/>
  <testcase name="TDR_EFS_13" classname="TestCases.TestCases" time="390.404">
    <failure type="java.lang.AssertionError:">java.lang.AssertionError: null
	at TestCases.TestCases.TestEnd(TestCases.java:10774)
	at TestCases.TestCases.TDR_EFS_13(TestCases.java:1256)
</failure>
    <system-out><![CDATA[TDR_EFS_13 Started...
Screenshot path: E:\Naveenkumar-11568\REPORTSautomation\ScriptVersions\Script6/SureFireReports/20201119-164031/Screenshots/
2540254 [TestNG] ERROR ./TestResults/2020_11_19_10_10_48_PM/LogFile.log  - Task Details - eFile StatusReport not generated -Issue in the Report.
{} doesn't contain key name -TDR_EFS_13
]]></system-out>
  </testcase>
  <testcase name="TDR_EFS_14" classname="TestCases.TestCases" time="160.22"/>
  <testcase name="TDR_EFS_15" classname="TestCases.TestCases" time="167.336"/>
  <testcase name="TDR_EFS_16" classname="TestCases.TestCases" time="173.121"/>
  <testcase name="TDR_EFS_17" classname="TestCases.TestCases" time="123.651">
    <failure type="java.lang.AssertionError:">java.lang.AssertionError: null
	at TestCases.TestCases.TestEnd(TestCases.java:10774)
	at TestCases.TestCases.TDR_EFS_17(TestCases.java:1320)
</failure>
    <system-out><![CDATA[TDR_EFS_17 Started...
Screenshot path: E:\Naveenkumar-11568\REPORTSautomation\ScriptVersions\Script6/SureFireReports/20201119-164031/Screenshots/
3213397 [TestNG] ERROR ./TestResults/2020_11_19_10_10_48_PM/LogFile.log  - Exception:Cannot locate option with index: 1
For documentation on this error, please visit: http://seleniumhq.org/exceptions/no_such_element.html
Build info: version: '3.6.0', revision: '6fbf3ec767', time: '2017-09-27T15:28:36.4Z'
System info: host: 'XPITAX-11568', ip: '192.168.0.105', os.name: 'Windows 10', os.arch: 'amd64', os.version: '10.0', java.version: '1.8.0_191'
Driver info: driver.version: unknown
Screenshot path: E:\Naveenkumar-11568\REPORTSautomation\ScriptVersions\Script6/SureFireReports/20201119-164031/Screenshots/
3216522 [TestNG] ERROR ./TestResults/2020_11_19_10_10_48_PM/LogFile.log  - Exception:Cannot locate option with index: 1
For documentation on this error, please visit: http://seleniumhq.org/exceptions/no_such_element.html
Build info: version: '3.6.0', revision: '6fbf3ec767', time: '2017-09-27T15:28:36.4Z'
System info: host: 'XPITAX-11568', ip: '192.168.0.105', os.name: 'Windows 10', os.arch: 'amd64', os.version: '10.0', java.version: '1.8.0_191'
Driver info: driver.version: unknown
Screenshot path: E:\Naveenkumar-11568\REPORTSautomation\ScriptVersions\Script6/SureFireReports/20201119-164031/Screenshots/
3219462 [TestNG] ERROR ./TestResults/2020_11_19_10_10_48_PM/LogFile.log  - Exception:Cannot locate option with index: 1
For documentation on this error, please visit: http://seleniumhq.org/exceptions/no_such_element.html
Build info: version: '3.6.0', revision: '6fbf3ec767', time: '2017-09-27T15:28:36.4Z'
System info: host: 'XPITAX-11568', ip: '192.168.0.105', os.name: 'Windows 10', os.arch: 'amd64', os.version: '10.0', java.version: '1.8.0_191'
Driver info: driver.version: unknown
{} doesn't contain key name -TDR_EFS_17
]]></system-out>
  </testcase>
  <testcase name="TDR_DET_01" classname="TestCases.TestCases" time="162.29"/>
  <testcase name="TDR_DET_02" classname="TestCases.TestCases" time="171.585"/>
  <testcase name="TDR_DET_03" classname="TestCases.TestCases" time="174.761"/>
  <testcase name="TDR_DET_04" classname="TestCases.TestCases" time="157.601"/>
  <testcase name="TDR_DET_05" classname="TestCases.TestCases" time="80.911"/>
  <testcase name="TDR_DET_06" classname="TestCases.TestCases" time="823.949"/>
  <testcase name="TDR_DET_07" classname="TestCases.TestCases" time="195.129"/>
  <testcase name="TDR_DET_08" classname="TestCases.TestCases" time="173.154"/>
  <testcase name="TDR_DET_09" classname="TestCases.TestCases" time="158.935"/>
  <testcase name="TDR_DET_10" classname="TestCases.TestCases" time="83.426"/>
  <testcase name="TDR_DET_11" classname="TestCases.TestCases" time="289.52"/>
  <testcase name="TDR_DET_12" classname="TestCases.TestCases" time="267.878"/>
  <testcase name="TDR_DET_13" classname="TestCases.TestCases" time="262.619"/>
  <testcase name="TDR_DET_14" classname="TestCases.TestCases" time="162.22"/>
  <testcase name="TDR_DET_15" classname="TestCases.TestCases" time="171.448"/>
  <testcase name="TDR_DET_16" classname="TestCases.TestCases" time="177.314"/>
  <testcase name="TDR_DET_17" classname="TestCases.TestCases" time="107.447"/>
  <testcase name="TDR_SBS_001" classname="TestCases.TestCases" time="323.592">
    <failure type="java.lang.AssertionError:">java.lang.AssertionError: null
	at TestCases.TestCases.TestEnd(TestCases.java:10774)
	at TestCases.TestCases.TDR_SBS_001(TestCases.java:2147)
</failure>
    <system-out><![CDATA[TDR_SBS_001 Started...
Screenshot path: E:\Naveenkumar-11568\REPORTSautomation\ScriptVersions\Script6/SureFireReports/20201119-164031/Screenshots/
7056744 [TestNG] ERROR ./TestResults/2020_11_19_10_10_48_PM/LogFile.log  - The given window "2" is failed to open
{} doesn't contain key name -TDR_SBS_001
]]></system-out>
  </testcase>
  <testcase name="TDR_SBS_002" classname="TestCases.TestCases" time="287.307">
    <failure type="java.lang.AssertionError:">java.lang.AssertionError: null
	at TestCases.TestCases.TestEnd(TestCases.java:10774)
	at TestCases.TestCases.TDR_SBS_002(TestCases.java:2162)
</failure>
    <system-out><![CDATA[TDR_SBS_002 Started...
Screenshot path: E:\Naveenkumar-11568\REPORTSautomation\ScriptVersions\Script6/SureFireReports/20201119-164031/Screenshots/
7330584 [TestNG] ERROR ./TestResults/2020_11_19_10_10_48_PM/LogFile.log  - Failed to  enter the Who has Task
Screenshot path: E:\Naveenkumar-11568\REPORTSautomation\ScriptVersions\Script6/SureFireReports/20201119-164031/Screenshots/
7333078 [TestNG] ERROR ./TestResults/2020_11_19_10_10_48_PM/LogFile.log  - Failed to  enter the Select Category
Screenshot path: E:\Naveenkumar-11568\REPORTSautomation\ScriptVersions\Script6/SureFireReports/20201119-164031/Screenshots/
7335602 [TestNG] ERROR ./TestResults/2020_11_19_10_10_48_PM/LogFile.log  - Failed to  enter the Fiscal Year
Screenshot path: E:\Naveenkumar-11568\REPORTSautomation\ScriptVersions\Script6/SureFireReports/20201119-164031/Screenshots/
7344011 [TestNG] ERROR ./TestResults/2020_11_19_10_10_48_PM/LogFile.log  - The given window "2" is failed to open
{} doesn't contain key name -TDR_SBS_002
]]></system-out>
  </testcase>
  <testcase name="TDR_SBS_003" classname="TestCases.TestCases" time="298.225">
    <failure type="java.lang.AssertionError:">java.lang.AssertionError: null
	at TestCases.TestCases.TestEnd(TestCases.java:10774)
	at TestCases.TestCases.TDR_SBS_003(TestCases.java:2177)
</failure>
    <system-out><![CDATA[TDR_SBS_003 Started...
Screenshot path: E:\Naveenkumar-11568\REPORTSautomation\ScriptVersions\Script6/SureFireReports/20201119-164031/Screenshots/
7619638 [TestNG] ERROR ./TestResults/2020_11_19_10_10_48_PM/LogFile.log  - Failed to Select the drop down Value
Screenshot path: E:\Naveenkumar-11568\REPORTSautomation\ScriptVersions\Script6/SureFireReports/20201119-164031/Screenshots/
7622121 [TestNG] ERROR ./TestResults/2020_11_19_10_10_48_PM/LogFile.log  - Failed to  enter the Select Category
Screenshot path: E:\Naveenkumar-11568\REPORTSautomation\ScriptVersions\Script6/SureFireReports/20201119-164031/Screenshots/
7624483 [TestNG] ERROR ./TestResults/2020_11_19_10_10_48_PM/LogFile.log  - Failed to  enter the Type of Task
Screenshot path: E:\Naveenkumar-11568\REPORTSautomation\ScriptVersions\Script6/SureFireReports/20201119-164031/Screenshots/
7642279 [TestNG] ERROR ./TestResults/2020_11_19_10_10_48_PM/LogFile.log  - The given window "2" is failed to open
{} doesn't contain key name -TDR_SBS_003
]]></system-out>
  </testcase>
  <testcase name="TDR_SBS_004" classname="TestCases.TestCases" time="172.741">
    <failure type="java.lang.AssertionError:">java.lang.AssertionError: null
	at TestCases.TestCases.TestEnd(TestCases.java:10774)
	at TestCases.TestCases.TDR_SBS_004(TestCases.java:2192)
</failure>
    <system-out><![CDATA[TDR_SBS_004 Started...
Screenshot path: E:\Naveenkumar-11568\REPORTSautomation\ScriptVersions\Script6/SureFireReports/20201119-164031/Screenshots/
7917307 [TestNG] ERROR ./TestResults/2020_11_19_10_10_48_PM/LogFile.log  - Failed to  enter the Select Category
Screenshot path: E:\Naveenkumar-11568\REPORTSautomation\ScriptVersions\Script6/SureFireReports/20201119-164031/Screenshots/
7919786 [TestNG] ERROR ./TestResults/2020_11_19_10_10_48_PM/LogFile.log  - Failed to  enter the Type of Task
Screenshot path: E:\Naveenkumar-11568\REPORTSautomation\ScriptVersions\Script6/SureFireReports/20201119-164031/Screenshots/
7931506 [TestNG] ERROR ./TestResults/2020_11_19_10_10_48_PM/LogFile.log  - Unable to find the System Wide radio button label.
{} doesn't contain key name -TDR_SBS_004
]]></system-out>
  </testcase>
  <testcase name="TDR_SBS_005" classname="TestCases.TestCases" time="53.61">
    <failure type="java.lang.AssertionError:">java.lang.AssertionError: null
	at TestCases.TestCases.TestEnd(TestCases.java:10774)
	at TestCases.TestCases.TDR_SBS_005(TestCases.java:2207)
</failure>
    <system-out><![CDATA[TDR_SBS_005 Started...
Screenshot path: E:\Naveenkumar-11568\REPORTSautomation\ScriptVersions\Script6/SureFireReports/20201119-164031/Screenshots/
7970903 [TestNG] ERROR ./TestResults/2020_11_19_10_10_48_PM/LogFile.log  - Failed to  enter the Select Category
Screenshot path: E:\Naveenkumar-11568\REPORTSautomation\ScriptVersions\Script6/SureFireReports/20201119-164031/Screenshots/
7973307 [TestNG] ERROR ./TestResults/2020_11_19_10_10_48_PM/LogFile.log  - Failed to  enter the Type of Task
Screenshot path: E:\Naveenkumar-11568\REPORTSautomation\ScriptVersions\Script6/SureFireReports/20201119-164031/Screenshots/
7985000 [TestNG] ERROR ./TestResults/2020_11_19_10_10_48_PM/LogFile.log  - Unable to find the My Reports radio button label.
{} doesn't contain key name -TDR_SBS_005
]]></system-out>
  </testcase>
  <testcase name="TDR_SBS_006" classname="TestCases.TestCases" time="112.511">
    <failure type="java.lang.AssertionError:">java.lang.AssertionError: null
	at TestCases.TestCases.TestEnd(TestCases.java:10774)
	at TestCases.TestCases.TDR_SBS_006(TestCases.java:2222)
</failure>
    <system-out><![CDATA[TDR_SBS_006 Started...
Screenshot path: E:\Naveenkumar-11568\REPORTSautomation\ScriptVersions\Script6/SureFireReports/20201119-164031/Screenshots/
8069908 [TestNG] ERROR ./TestResults/2020_11_19_10_10_48_PM/LogFile.log  - Unable to find the System Wide radio button label.
Screenshot path: E:\Naveenkumar-11568\REPORTSautomation\ScriptVersions\Script6/SureFireReports/20201119-164031/Screenshots/
8095127 [TestNG] ERROR ./TestResults/2020_11_19_10_10_48_PM/LogFile.log  - Exception:no such element: Unable to locate element: {"method":"xpath","selector":"//input[@type='reset' or @value='Reset']"}
  (Session info: chrome=86.0.4240.198)
  (Driver info: chromedriver=72.0.3626.69 (3c16f8a135abc0d4da2dff33804db79b849a7c38),platform=Windows NT 10.0.18362 x86_64) (WARNING: The server did not provide any stacktrace information)
Command duration or timeout: 0 milliseconds
For documentation on this error, please visit: http://seleniumhq.org/exceptions/no_such_element.html
Build info: version: '3.6.0', revision: '6fbf3ec767', time: '2017-09-27T15:28:36.4Z'
System info: host: 'XPITAX-11568', ip: '192.168.0.105', os.name: 'Windows 10', os.arch: 'amd64', os.version: '10.0', java.version: '1.8.0_191'
Driver info: org.openqa.selenium.remote.RemoteWebDriver
Capabilities [{mobileEmulationEnabled=false, timeouts={implicit=0, pageLoad=300000, script=30000}, hasTouchScreen=false, platform=XP, acceptSslCerts=false, goog:chromeOptions={debuggerAddress=localhost:51619}, acceptInsecureCerts=false, webStorageEnabled=true, browserName=chrome, takesScreenshot=true, javascriptEnabled=true, platformName=XP, setWindowRect=true, unexpectedAlertBehaviour=ignore, applicationCacheEnabled=false, rotatable=false, networkConnectionEnabled=false, chrome={chromedriverVersion=72.0.3626.69 (3c16f8a135abc0d4da2dff33804db79b849a7c38), userDataDir=C:\Users\NTHIMM~1\AppData\Local\Temp\scoped_dir4512_872}, takesHeapSnapshot=true, unhandledPromptBehavior=ignore, pageLoadStrategy=normal, databaseEnabled=false, handlesAlerts=true, version=86.0.4240.198, browserConnectionEnabled=false, proxy=Proxy(), nativeEvents=true, locationContextEnabled=true, cssSelectorsEnabled=true}]
Session ID: d7c8b9d42c2b4657e2f3c2e6a1199df7
*** Element info: {Using=xpath, value=//input[@type='reset' or @value='Reset']}
Screenshot path: E:\Naveenkumar-11568\REPORTSautomation\ScriptVersions\Script6/SureFireReports/20201119-164031/Screenshots/
8097572 [TestNG] ERROR ./TestResults/2020_11_19_10_10_48_PM/LogFile.log  - Unable to find the My Reports radio button label.
{} doesn't contain key name -TDR_SBS_006
]]></system-out>
  </testcase>
  <testcase name="TDR_SBS_007" classname="TestCases.TestCases" time="125.923">
    <failure type="java.lang.AssertionError:">java.lang.AssertionError: null
	at TestCases.TestCases.TestEnd(TestCases.java:10774)
	at TestCases.TestCases.TDR_SBS_007(TestCases.java:2237)
</failure>
    <system-out><![CDATA[TDR_SBS_007 Started...
Screenshot path: E:\Naveenkumar-11568\REPORTSautomation\ScriptVersions\Script6/SureFireReports/20201119-164031/Screenshots/
8138513 [TestNG] ERROR ./TestResults/2020_11_19_10_10_48_PM/LogFile.log  - Unable to find the System Wide radio button label.
Screenshot path: E:\Naveenkumar-11568\REPORTSautomation\ScriptVersions\Script6/SureFireReports/20201119-164031/Screenshots/
8163686 [TestNG] ERROR ./TestResults/2020_11_19_10_10_48_PM/LogFile.log  - Exception:no such element: Unable to locate element: {"method":"css selector","selector":"table[id*='GridViewreportsfirm'] tr:nth-child(0)>td:nth-child(0) input"}
  (Session info: chrome=86.0.4240.198)
  (Driver info: chromedriver=72.0.3626.69 (3c16f8a135abc0d4da2dff33804db79b849a7c38),platform=Windows NT 10.0.18362 x86_64) (WARNING: The server did not provide any stacktrace information)
Command duration or timeout: 0 milliseconds
For documentation on this error, please visit: http://seleniumhq.org/exceptions/no_such_element.html
Build info: version: '3.6.0', revision: '6fbf3ec767', time: '2017-09-27T15:28:36.4Z'
System info: host: 'XPITAX-11568', ip: '192.168.0.105', os.name: 'Windows 10', os.arch: 'amd64', os.version: '10.0', java.version: '1.8.0_191'
Driver info: org.openqa.selenium.remote.RemoteWebDriver
Capabilities [{mobileEmulationEnabled=false, timeouts={implicit=0, pageLoad=300000, script=30000}, hasTouchScreen=false, platform=XP, acceptSslCerts=false, goog:chromeOptions={debuggerAddress=localhost:51619}, acceptInsecureCerts=false, webStorageEnabled=true, browserName=chrome, takesScreenshot=true, javascriptEnabled=true, platformName=XP, setWindowRect=true, unexpectedAlertBehaviour=ignore, applicationCacheEnabled=false, rotatable=false, networkConnectionEnabled=false, chrome={chromedriverVersion=72.0.3626.69 (3c16f8a135abc0d4da2dff33804db79b849a7c38), userDataDir=C:\Users\NTHIMM~1\AppData\Local\Temp\scoped_dir4512_872}, takesHeapSnapshot=true, unhandledPromptBehavior=ignore, pageLoadStrategy=normal, databaseEnabled=false, handlesAlerts=true, version=86.0.4240.198, browserConnectionEnabled=false, proxy=Proxy(), nativeEvents=true, locationContextEnabled=true, cssSelectorsEnabled=true}]
Session ID: d7c8b9d42c2b4657e2f3c2e6a1199df7
*** Element info: {Using=css selector, value=table[id*='GridViewreportsfirm'] tr:nth-child(0)>td:nth-child(0) input}
Screenshot path: E:\Naveenkumar-11568\REPORTSautomation\ScriptVersions\Script6/SureFireReports/20201119-164031/Screenshots/
8166126 [TestNG] ERROR ./TestResults/2020_11_19_10_10_48_PM/LogFile.log  - Failed to  enter the Fiscal Year
Screenshot path: E:\Naveenkumar-11568\REPORTSautomation\ScriptVersions\Script6/SureFireReports/20201119-164031/Screenshots/
8184958 [TestNG] ERROR ./TestResults/2020_11_19_10_10_48_PM/LogFile.log  - Exception:no such element: Unable to locate element: {"method":"css selector","selector":"table[id*='GridViewreportsfirm'] tr:nth-child(0)>td:nth-child(0) input"}
  (Session info: chrome=86.0.4240.198)
  (Driver info: chromedriver=72.0.3626.69 (3c16f8a135abc0d4da2dff33804db79b849a7c38),platform=Windows NT 10.0.18362 x86_64) (WARNING: The server did not provide any stacktrace information)
Command duration or timeout: 0 milliseconds
For documentation on this error, please visit: http://seleniumhq.org/exceptions/no_such_element.html
Build info: version: '3.6.0', revision: '6fbf3ec767', time: '2017-09-27T15:28:36.4Z'
System info: host: 'XPITAX-11568', ip: '192.168.0.105', os.name: 'Windows 10', os.arch: 'amd64', os.version: '10.0', java.version: '1.8.0_191'
Driver info: org.openqa.selenium.remote.RemoteWebDriver
Capabilities [{mobileEmulationEnabled=false, timeouts={implicit=0, pageLoad=300000, script=30000}, hasTouchScreen=false, platform=XP, acceptSslCerts=false, goog:chromeOptions={debuggerAddress=localhost:51619}, acceptInsecureCerts=false, webStorageEnabled=true, browserName=chrome, takesScreenshot=true, javascriptEnabled=true, platformName=XP, setWindowRect=true, unexpectedAlertBehaviour=ignore, applicationCacheEnabled=false, rotatable=false, networkConnectionEnabled=false, chrome={chromedriverVersion=72.0.3626.69 (3c16f8a135abc0d4da2dff33804db79b849a7c38), userDataDir=C:\Users\NTHIMM~1\AppData\Local\Temp\scoped_dir4512_872}, takesHeapSnapshot=true, unhandledPromptBehavior=ignore, pageLoadStrategy=normal, databaseEnabled=false, handlesAlerts=true, version=86.0.4240.198, browserConnectionEnabled=false, proxy=Proxy(), nativeEvents=true, locationContextEnabled=true, cssSelectorsEnabled=true}]
Session ID: d7c8b9d42c2b4657e2f3c2e6a1199df7
*** Element info: {Using=css selector, value=table[id*='GridViewreportsfirm'] tr:nth-child(0)>td:nth-child(0) input}
Screenshot path: E:\Naveenkumar-11568\REPORTSautomation\ScriptVersions\Script6/SureFireReports/20201119-164031/Screenshots/
8187337 [TestNG] ERROR ./TestResults/2020_11_19_10_10_48_PM/LogFile.log  - Failed to  saved the Fiscal Year
Screenshot path: E:\Naveenkumar-11568\REPORTSautomation\ScriptVersions\Script6/SureFireReports/20201119-164031/Screenshots/
8190765 [TestNG] ERROR ./TestResults/2020_11_19_10_10_48_PM/LogFile.log  - Exception:no such element: Unable to locate element: {"method":"xpath","selector":"//input[@type='reset' or @value='Reset']"}
  (Session info: chrome=86.0.4240.198)
  (Driver info: chromedriver=72.0.3626.69 (3c16f8a135abc0d4da2dff33804db79b849a7c38),platform=Windows NT 10.0.18362 x86_64) (WARNING: The server did not provide any stacktrace information)
Command duration or timeout: 0 milliseconds
For documentation on this error, please visit: http://seleniumhq.org/exceptions/no_such_element.html
Build info: version: '3.6.0', revision: '6fbf3ec767', time: '2017-09-27T15:28:36.4Z'
System info: host: 'XPITAX-11568', ip: '192.168.0.105', os.name: 'Windows 10', os.arch: 'amd64', os.version: '10.0', java.version: '1.8.0_191'
Driver info: org.openqa.selenium.remote.RemoteWebDriver
Capabilities [{mobileEmulationEnabled=false, timeouts={implicit=0, pageLoad=300000, script=30000}, hasTouchScreen=false, platform=XP, acceptSslCerts=false, goog:chromeOptions={debuggerAddress=localhost:51619}, acceptInsecureCerts=false, webStorageEnabled=true, browserName=chrome, takesScreenshot=true, javascriptEnabled=true, platformName=XP, setWindowRect=true, unexpectedAlertBehaviour=ignore, applicationCacheEnabled=false, rotatable=false, networkConnectionEnabled=false, chrome={chromedriverVersion=72.0.3626.69 (3c16f8a135abc0d4da2dff33804db79b849a7c38), userDataDir=C:\Users\NTHIMM~1\AppData\Local\Temp\scoped_dir4512_872}, takesHeapSnapshot=true, unhandledPromptBehavior=ignore, pageLoadStrategy=normal, databaseEnabled=false, handlesAlerts=true, version=86.0.4240.198, browserConnectionEnabled=false, proxy=Proxy(), nativeEvents=true, locationContextEnabled=true, cssSelectorsEnabled=true}]
Session ID: d7c8b9d42c2b4657e2f3c2e6a1199df7
*** Element info: {Using=xpath, value=//input[@type='reset' or @value='Reset']}
Screenshot path: E:\Naveenkumar-11568\REPORTSautomation\ScriptVersions\Script6/SureFireReports/20201119-164031/Screenshots/
8193235 [TestNG] ERROR ./TestResults/2020_11_19_10_10_48_PM/LogFile.log  - Unable to find the My Reports radio button label.
Screenshot path: E:\Naveenkumar-11568\REPORTSautomation\ScriptVersions\Script6/SureFireReports/20201119-164031/Screenshots/
8218338 [TestNG] ERROR ./TestResults/2020_11_19_10_10_48_PM/LogFile.log  - Exception:no such element: Unable to locate element: {"method":"css selector","selector":"table[id$='GridViewreports'] tr:nth-child(0)>td:nth-child(0) input"}
  (Session info: chrome=86.0.4240.198)
  (Driver info: chromedriver=72.0.3626.69 (3c16f8a135abc0d4da2dff33804db79b849a7c38),platform=Windows NT 10.0.18362 x86_64) (WARNING: The server did not provide any stacktrace information)
Command duration or timeout: 0 milliseconds
For documentation on this error, please visit: http://seleniumhq.org/exceptions/no_such_element.html
Build info: version: '3.6.0', revision: '6fbf3ec767', time: '2017-09-27T15:28:36.4Z'
System info: host: 'XPITAX-11568', ip: '192.168.0.105', os.name: 'Windows 10', os.arch: 'amd64', os.version: '10.0', java.version: '1.8.0_191'
Driver info: org.openqa.selenium.remote.RemoteWebDriver
Capabilities [{mobileEmulationEnabled=false, timeouts={implicit=0, pageLoad=300000, script=30000}, hasTouchScreen=false, platform=XP, acceptSslCerts=false, goog:chromeOptions={debuggerAddress=localhost:51619}, acceptInsecureCerts=false, webStorageEnabled=true, browserName=chrome, takesScreenshot=true, javascriptEnabled=true, platformName=XP, setWindowRect=true, unexpectedAlertBehaviour=ignore, applicationCacheEnabled=false, rotatable=false, networkConnectionEnabled=false, chrome={chromedriverVersion=72.0.3626.69 (3c16f8a135abc0d4da2dff33804db79b849a7c38), userDataDir=C:\Users\NTHIMM~1\AppData\Local\Temp\scoped_dir4512_872}, takesHeapSnapshot=true, unhandledPromptBehavior=ignore, pageLoadStrategy=normal, databaseEnabled=false, handlesAlerts=true, version=86.0.4240.198, browserConnectionEnabled=false, proxy=Proxy(), nativeEvents=true, locationContextEnabled=true, cssSelectorsEnabled=true}]
Session ID: d7c8b9d42c2b4657e2f3c2e6a1199df7
*** Element info: {Using=css selector, value=table[id$='GridViewreports'] tr:nth-child(0)>td:nth-child(0) input}
Screenshot path: E:\Naveenkumar-11568\REPORTSautomation\ScriptVersions\Script6/SureFireReports/20201119-164031/Screenshots/
8220707 [TestNG] ERROR ./TestResults/2020_11_19_10_10_48_PM/LogFile.log  - Failed to  enter the Fiscal Year
Screenshot path: E:\Naveenkumar-11568\REPORTSautomation\ScriptVersions\Script6/SureFireReports/20201119-164031/Screenshots/
8239701 [TestNG] ERROR ./TestResults/2020_11_19_10_10_48_PM/LogFile.log  - Exception:no such element: Unable to locate element: {"method":"css selector","selector":"table[id$='GridViewreports'] tr:nth-child(0)>td:nth-child(0) input"}
  (Session info: chrome=86.0.4240.198)
  (Driver info: chromedriver=72.0.3626.69 (3c16f8a135abc0d4da2dff33804db79b849a7c38),platform=Windows NT 10.0.18362 x86_64) (WARNING: The server did not provide any stacktrace information)
Command duration or timeout: 0 milliseconds
For documentation on this error, please visit: http://seleniumhq.org/exceptions/no_such_element.html
Build info: version: '3.6.0', revision: '6fbf3ec767', time: '2017-09-27T15:28:36.4Z'
System info: host: 'XPITAX-11568', ip: '192.168.0.105', os.name: 'Windows 10', os.arch: 'amd64', os.version: '10.0', java.version: '1.8.0_191'
Driver info: org.openqa.selenium.remote.RemoteWebDriver
Capabilities [{mobileEmulationEnabled=false, timeouts={implicit=0, pageLoad=300000, script=30000}, hasTouchScreen=false, platform=XP, acceptSslCerts=false, goog:chromeOptions={debuggerAddress=localhost:51619}, acceptInsecureCerts=false, webStorageEnabled=true, browserName=chrome, takesScreenshot=true, javascriptEnabled=true, platformName=XP, setWindowRect=true, unexpectedAlertBehaviour=ignore, applicationCacheEnabled=false, rotatable=false, networkConnectionEnabled=false, chrome={chromedriverVersion=72.0.3626.69 (3c16f8a135abc0d4da2dff33804db79b849a7c38), userDataDir=C:\Users\NTHIMM~1\AppData\Local\Temp\scoped_dir4512_872}, takesHeapSnapshot=true, unhandledPromptBehavior=ignore, pageLoadStrategy=normal, databaseEnabled=false, handlesAlerts=true, version=86.0.4240.198, browserConnectionEnabled=false, proxy=Proxy(), nativeEvents=true, locationContextEnabled=true, cssSelectorsEnabled=true}]
Session ID: d7c8b9d42c2b4657e2f3c2e6a1199df7
*** Element info: {Using=css selector, value=table[id$='GridViewreports'] tr:nth-child(0)>td:nth-child(0) input}
Screenshot path: E:\Naveenkumar-11568\REPORTSautomation\ScriptVersions\Script6/SureFireReports/20201119-164031/Screenshots/
8242129 [TestNG] ERROR ./TestResults/2020_11_19_10_10_48_PM/LogFile.log  - Failed to  saved the Fiscal Year
{} doesn't contain key name -TDR_SBS_007
]]></system-out>
  </testcase>
  <testcase name="TDR_SBS_008" classname="TestCases.TestCases" time="433.426">
    <failure type="java.lang.AssertionError:">java.lang.AssertionError: null
	at TestCases.TestCases.TestEnd(TestCases.java:10774)
	at TestCases.TestCases.TDR_SBS_008(TestCases.java:2252)
</failure>
    <system-out><![CDATA[TDR_SBS_008 Started...
Screenshot path: E:\Naveenkumar-11568\REPORTSautomation\ScriptVersions\Script6/SureFireReports/20201119-164031/Screenshots/
8265177 [TestNG] ERROR ./TestResults/2020_11_19_10_10_48_PM/LogFile.log  - Unable to find the System Wide radio button label.
Screenshot path: E:\Naveenkumar-11568\REPORTSautomation\ScriptVersions\Script6/SureFireReports/20201119-164031/Screenshots/
8290301 [TestNG] ERROR ./TestResults/2020_11_19_10_10_48_PM/LogFile.log  - Exception:no such element: Unable to locate element: {"method":"css selector","selector":"table[id*='GridViewreportsfirm'] tr:nth-child(0)>td:nth-child(0) input"}
  (Session info: chrome=86.0.4240.198)
  (Driver info: chromedriver=72.0.3626.69 (3c16f8a135abc0d4da2dff33804db79b849a7c38),platform=Windows NT 10.0.18362 x86_64) (WARNING: The server did not provide any stacktrace information)
Command duration or timeout: 0 milliseconds
For documentation on this error, please visit: http://seleniumhq.org/exceptions/no_such_element.html
Build info: version: '3.6.0', revision: '6fbf3ec767', time: '2017-09-27T15:28:36.4Z'
System info: host: 'XPITAX-11568', ip: '192.168.0.105', os.name: 'Windows 10', os.arch: 'amd64', os.version: '10.0', java.version: '1.8.0_191'
Driver info: org.openqa.selenium.remote.RemoteWebDriver
Capabilities [{mobileEmulationEnabled=false, timeouts={implicit=0, pageLoad=300000, script=30000}, hasTouchScreen=false, platform=XP, acceptSslCerts=false, goog:chromeOptions={debuggerAddress=localhost:51619}, acceptInsecureCerts=false, webStorageEnabled=true, browserName=chrome, takesScreenshot=true, javascriptEnabled=true, platformName=XP, setWindowRect=true, unexpectedAlertBehaviour=ignore, applicationCacheEnabled=false, rotatable=false, networkConnectionEnabled=false, chrome={chromedriverVersion=72.0.3626.69 (3c16f8a135abc0d4da2dff33804db79b849a7c38), userDataDir=C:\Users\NTHIMM~1\AppData\Local\Temp\scoped_dir4512_872}, takesHeapSnapshot=true, unhandledPromptBehavior=ignore, pageLoadStrategy=normal, databaseEnabled=false, handlesAlerts=true, version=86.0.4240.198, browserConnectionEnabled=false, proxy=Proxy(), nativeEvents=true, locationContextEnabled=true, cssSelectorsEnabled=true}]
Session ID: d7c8b9d42c2b4657e2f3c2e6a1199df7
*** Element info: {Using=css selector, value=table[id*='GridViewreportsfirm'] tr:nth-child(0)>td:nth-child(0) input}
Screenshot path: E:\Naveenkumar-11568\REPORTSautomation\ScriptVersions\Script6/SureFireReports/20201119-164031/Screenshots/
8292779 [TestNG] ERROR ./TestResults/2020_11_19_10_10_48_PM/LogFile.log  - Failed to  enter the Fiscal Year
Screenshot path: E:\Naveenkumar-11568\REPORTSautomation\ScriptVersions\Script6/SureFireReports/20201119-164031/Screenshots/
8311793 [TestNG] ERROR ./TestResults/2020_11_19_10_10_48_PM/LogFile.log  - Exception:no such element: Unable to locate element: {"method":"css selector","selector":"table[id*='GridViewreportsfirm'] tr:nth-child(0)>td:nth-child(0) input"}
  (Session info: chrome=86.0.4240.198)
  (Driver info: chromedriver=72.0.3626.69 (3c16f8a135abc0d4da2dff33804db79b849a7c38),platform=Windows NT 10.0.18362 x86_64) (WARNING: The server did not provide any stacktrace information)
Command duration or timeout: 0 milliseconds
For documentation on this error, please visit: http://seleniumhq.org/exceptions/no_such_element.html
Build info: version: '3.6.0', revision: '6fbf3ec767', time: '2017-09-27T15:28:36.4Z'
System info: host: 'XPITAX-11568', ip: '192.168.0.105', os.name: 'Windows 10', os.arch: 'amd64', os.version: '10.0', java.version: '1.8.0_191'
Driver info: org.openqa.selenium.remote.RemoteWebDriver
Capabilities [{mobileEmulationEnabled=false, timeouts={implicit=0, pageLoad=300000, script=30000}, hasTouchScreen=false, platform=XP, acceptSslCerts=false, goog:chromeOptions={debuggerAddress=localhost:51619}, acceptInsecureCerts=false, webStorageEnabled=true, browserName=chrome, takesScreenshot=true, javascriptEnabled=true, platformName=XP, setWindowRect=true, unexpectedAlertBehaviour=ignore, applicationCacheEnabled=false, rotatable=false, networkConnectionEnabled=false, chrome={chromedriverVersion=72.0.3626.69 (3c16f8a135abc0d4da2dff33804db79b849a7c38), userDataDir=C:\Users\NTHIMM~1\AppData\Local\Temp\scoped_dir4512_872}, takesHeapSnapshot=true, unhandledPromptBehavior=ignore, pageLoadStrategy=normal, databaseEnabled=false, handlesAlerts=true, version=86.0.4240.198, browserConnectionEnabled=false, proxy=Proxy(), nativeEvents=true, locationContextEnabled=true, cssSelectorsEnabled=true}]
Session ID: d7c8b9d42c2b4657e2f3c2e6a1199df7
*** Element info: {Using=css selector, value=table[id*='GridViewreportsfirm'] tr:nth-child(0)>td:nth-child(0) input}
Screenshot path: E:\Naveenkumar-11568\REPORTSautomation\ScriptVersions\Script6/SureFireReports/20201119-164031/Screenshots/
8314238 [TestNG] ERROR ./TestResults/2020_11_19_10_10_48_PM/LogFile.log  - Failed to  saved the Fiscal Year
Screenshot path: E:\Naveenkumar-11568\REPORTSautomation\ScriptVersions\Script6/SureFireReports/20201119-164031/Screenshots/
8326978 [TestNG] ERROR ./TestResults/2020_11_19_10_10_48_PM/LogFile.log  - Exception:no such element: Unable to locate element: {"method":"css selector","selector":"table[id*='GridViewreportsfirm'] tr:nth-child(0)>td:nth-child(0) input"}
  (Session info: chrome=86.0.4240.198)
  (Driver info: chromedriver=72.0.3626.69 (3c16f8a135abc0d4da2dff33804db79b849a7c38),platform=Windows NT 10.0.18362 x86_64) (WARNING: The server did not provide any stacktrace information)
Command duration or timeout: 0 milliseconds
For documentation on this error, please visit: http://seleniumhq.org/exceptions/no_such_element.html
Build info: version: '3.6.0', revision: '6fbf3ec767', time: '2017-09-27T15:28:36.4Z'
System info: host: 'XPITAX-11568', ip: '192.168.0.105', os.name: 'Windows 10', os.arch: 'amd64', os.version: '10.0', java.version: '1.8.0_191'
Driver info: org.openqa.selenium.remote.RemoteWebDriver
Capabilities [{mobileEmulationEnabled=false, timeouts={implicit=0, pageLoad=300000, script=30000}, hasTouchScreen=false, platform=XP, acceptSslCerts=false, goog:chromeOptions={debuggerAddress=localhost:51619}, acceptInsecureCerts=false, webStorageEnabled=true, browserName=chrome, takesScreenshot=true, javascriptEnabled=true, platformName=XP, setWindowRect=true, unexpectedAlertBehaviour=ignore, applicationCacheEnabled=false, rotatable=false, networkConnectionEnabled=false, chrome={chromedriverVersion=72.0.3626.69 (3c16f8a135abc0d4da2dff33804db79b849a7c38), userDataDir=C:\Users\NTHIMM~1\AppData\Local\Temp\scoped_dir4512_872}, takesHeapSnapshot=true, unhandledPromptBehavior=ignore, pageLoadStrategy=normal, databaseEnabled=false, handlesAlerts=true, version=86.0.4240.198, browserConnectionEnabled=false, proxy=Proxy(), nativeEvents=true, locationContextEnabled=true, cssSelectorsEnabled=true}]
Session ID: d7c8b9d42c2b4657e2f3c2e6a1199df7
*** Element info: {Using=css selector, value=table[id*='GridViewreportsfirm'] tr:nth-child(0)>td:nth-child(0) input}
Screenshot path: E:\Naveenkumar-11568\REPORTSautomation\ScriptVersions\Script6/SureFireReports/20201119-164031/Screenshots/
8332305 [TestNG] ERROR ./TestResults/2020_11_19_10_10_48_PM/LogFile.log  - The given window "2" is failed to open
Screenshot path: E:\Naveenkumar-11568\REPORTSautomation\ScriptVersions\Script6/SureFireReports/20201119-164031/Screenshots/
8470762 [TestNG] ERROR ./TestResults/2020_11_19_10_10_48_PM/LogFile.log  - Exception:no such element: Unable to locate element: {"method":"xpath","selector":"//input[@type='reset' or @value='Reset']"}
  (Session info: chrome=86.0.4240.198)
  (Driver info: chromedriver=72.0.3626.69 (3c16f8a135abc0d4da2dff33804db79b849a7c38),platform=Windows NT 10.0.18362 x86_64) (WARNING: The server did not provide any stacktrace information)
Command duration or timeout: 0 milliseconds
For documentation on this error, please visit: http://seleniumhq.org/exceptions/no_such_element.html
Build info: version: '3.6.0', revision: '6fbf3ec767', time: '2017-09-27T15:28:36.4Z'
System info: host: 'XPITAX-11568', ip: '192.168.0.105', os.name: 'Windows 10', os.arch: 'amd64', os.version: '10.0', java.version: '1.8.0_191'
Driver info: org.openqa.selenium.remote.RemoteWebDriver
Capabilities [{mobileEmulationEnabled=false, timeouts={implicit=0, pageLoad=300000, script=30000}, hasTouchScreen=false, platform=XP, acceptSslCerts=false, goog:chromeOptions={debuggerAddress=localhost:51619}, acceptInsecureCerts=false, webStorageEnabled=true, browserName=chrome, takesScreenshot=true, javascriptEnabled=true, platformName=XP, setWindowRect=true, unexpectedAlertBehaviour=ignore, applicationCacheEnabled=false, rotatable=false, networkConnectionEnabled=false, chrome={chromedriverVersion=72.0.3626.69 (3c16f8a135abc0d4da2dff33804db79b849a7c38), userDataDir=C:\Users\NTHIMM~1\AppData\Local\Temp\scoped_dir4512_872}, takesHeapSnapshot=true, unhandledPromptBehavior=ignore, pageLoadStrategy=normal, databaseEnabled=false, handlesAlerts=true, version=86.0.4240.198, browserConnectionEnabled=false, proxy=Proxy(), nativeEvents=true, locationContextEnabled=true, cssSelectorsEnabled=true}]
Session ID: d7c8b9d42c2b4657e2f3c2e6a1199df7
*** Element info: {Using=xpath, value=//input[@type='reset' or @value='Reset']}
Screenshot path: E:\Naveenkumar-11568\REPORTSautomation\ScriptVersions\Script6/SureFireReports/20201119-164031/Screenshots/
8473270 [TestNG] ERROR ./TestResults/2020_11_19_10_10_48_PM/LogFile.log  - Unable to find the My Reports radio button label.
Screenshot path: E:\Naveenkumar-11568\REPORTSautomation\ScriptVersions\Script6/SureFireReports/20201119-164031/Screenshots/
8498492 [TestNG] ERROR ./TestResults/2020_11_19_10_10_48_PM/LogFile.log  - Exception:no such element: Unable to locate element: {"method":"css selector","selector":"table[id$='GridViewreports'] tr:nth-child(0)>td:nth-child(0) input"}
  (Session info: chrome=86.0.4240.198)
  (Driver info: chromedriver=72.0.3626.69 (3c16f8a135abc0d4da2dff33804db79b849a7c38),platform=Windows NT 10.0.18362 x86_64) (WARNING: The server did not provide any stacktrace information)
Command duration or timeout: 0 milliseconds
For documentation on this error, please visit: http://seleniumhq.org/exceptions/no_such_element.html
Build info: version: '3.6.0', revision: '6fbf3ec767', time: '2017-09-27T15:28:36.4Z'
System info: host: 'XPITAX-11568', ip: '192.168.0.105', os.name: 'Windows 10', os.arch: 'amd64', os.version: '10.0', java.version: '1.8.0_191'
Driver info: org.openqa.selenium.remote.RemoteWebDriver
Capabilities [{mobileEmulationEnabled=false, timeouts={implicit=0, pageLoad=300000, script=30000}, hasTouchScreen=false, platform=XP, acceptSslCerts=false, goog:chromeOptions={debuggerAddress=localhost:51619}, acceptInsecureCerts=false, webStorageEnabled=true, browserName=chrome, takesScreenshot=true, javascriptEnabled=true, platformName=XP, setWindowRect=true, unexpectedAlertBehaviour=ignore, applicationCacheEnabled=false, rotatable=false, networkConnectionEnabled=false, chrome={chromedriverVersion=72.0.3626.69 (3c16f8a135abc0d4da2dff33804db79b849a7c38), userDataDir=C:\Users\NTHIMM~1\AppData\Local\Temp\scoped_dir4512_872}, takesHeapSnapshot=true, unhandledPromptBehavior=ignore, pageLoadStrategy=normal, databaseEnabled=false, handlesAlerts=true, version=86.0.4240.198, browserConnectionEnabled=false, proxy=Proxy(), nativeEvents=true, locationContextEnabled=true, cssSelectorsEnabled=true}]
Session ID: d7c8b9d42c2b4657e2f3c2e6a1199df7
*** Element info: {Using=css selector, value=table[id$='GridViewreports'] tr:nth-child(0)>td:nth-child(0) input}
Screenshot path: E:\Naveenkumar-11568\REPORTSautomation\ScriptVersions\Script6/SureFireReports/20201119-164031/Screenshots/
8500971 [TestNG] ERROR ./TestResults/2020_11_19_10_10_48_PM/LogFile.log  - Failed to  enter the Fiscal Year
Screenshot path: E:\Naveenkumar-11568\REPORTSautomation\ScriptVersions\Script6/SureFireReports/20201119-164031/Screenshots/
8519962 [TestNG] ERROR ./TestResults/2020_11_19_10_10_48_PM/LogFile.log  - Exception:no such element: Unable to locate element: {"method":"css selector","selector":"table[id$='GridViewreports'] tr:nth-child(0)>td:nth-child(0) input"}
  (Session info: chrome=86.0.4240.198)
  (Driver info: chromedriver=72.0.3626.69 (3c16f8a135abc0d4da2dff33804db79b849a7c38),platform=Windows NT 10.0.18362 x86_64) (WARNING: The server did not provide any stacktrace information)
Command duration or timeout: 0 milliseconds
For documentation on this error, please visit: http://seleniumhq.org/exceptions/no_such_element.html
Build info: version: '3.6.0', revision: '6fbf3ec767', time: '2017-09-27T15:28:36.4Z'
System info: host: 'XPITAX-11568', ip: '192.168.0.105', os.name: 'Windows 10', os.arch: 'amd64', os.version: '10.0', java.version: '1.8.0_191'
Driver info: org.openqa.selenium.remote.RemoteWebDriver
Capabilities [{mobileEmulationEnabled=false, timeouts={implicit=0, pageLoad=300000, script=30000}, hasTouchScreen=false, platform=XP, acceptSslCerts=false, goog:chromeOptions={debuggerAddress=localhost:51619}, acceptInsecureCerts=false, webStorageEnabled=true, browserName=chrome, takesScreenshot=true, javascriptEnabled=true, platformName=XP, setWindowRect=true, unexpectedAlertBehaviour=ignore, applicationCacheEnabled=false, rotatable=false, networkConnectionEnabled=false, chrome={chromedriverVersion=72.0.3626.69 (3c16f8a135abc0d4da2dff33804db79b849a7c38), userDataDir=C:\Users\NTHIMM~1\AppData\Local\Temp\scoped_dir4512_872}, takesHeapSnapshot=true, unhandledPromptBehavior=ignore, pageLoadStrategy=normal, databaseEnabled=false, handlesAlerts=true, version=86.0.4240.198, browserConnectionEnabled=false, proxy=Proxy(), nativeEvents=true, locationContextEnabled=true, cssSelectorsEnabled=true}]
Session ID: d7c8b9d42c2b4657e2f3c2e6a1199df7
*** Element info: {Using=css selector, value=table[id$='GridViewreports'] tr:nth-child(0)>td:nth-child(0) input}
Screenshot path: E:\Naveenkumar-11568\REPORTSautomation\ScriptVersions\Script6/SureFireReports/20201119-164031/Screenshots/
8522377 [TestNG] ERROR ./TestResults/2020_11_19_10_10_48_PM/LogFile.log  - Failed to  saved the Fiscal Year
Screenshot path: E:\Naveenkumar-11568\REPORTSautomation\ScriptVersions\Script6/SureFireReports/20201119-164031/Screenshots/
8535110 [TestNG] ERROR ./TestResults/2020_11_19_10_10_48_PM/LogFile.log  - Exception:no such element: Unable to locate element: {"method":"css selector","selector":"table[id$='GridViewreports'] tr:nth-child(0)>td:nth-child(0) input"}
  (Session info: chrome=86.0.4240.198)
  (Driver info: chromedriver=72.0.3626.69 (3c16f8a135abc0d4da2dff33804db79b849a7c38),platform=Windows NT 10.0.18362 x86_64) (WARNING: The server did not provide any stacktrace information)
Command duration or timeout: 0 milliseconds
For documentation on this error, please visit: http://seleniumhq.org/exceptions/no_such_element.html
Build info: version: '3.6.0', revision: '6fbf3ec767', time: '2017-09-27T15:28:36.4Z'
System info: host: 'XPITAX-11568', ip: '192.168.0.105', os.name: 'Windows 10', os.arch: 'amd64', os.version: '10.0', java.version: '1.8.0_191'
Driver info: org.openqa.selenium.remote.RemoteWebDriver
Capabilities [{mobileEmulationEnabled=false, timeouts={implicit=0, pageLoad=300000, script=30000}, hasTouchScreen=false, platform=XP, acceptSslCerts=false, goog:chromeOptions={debuggerAddress=localhost:51619}, acceptInsecureCerts=false, webStorageEnabled=true, browserName=chrome, takesScreenshot=true, javascriptEnabled=true, platformName=XP, setWindowRect=true, unexpectedAlertBehaviour=ignore, applicationCacheEnabled=false, rotatable=false, networkConnectionEnabled=false, chrome={chromedriverVersion=72.0.3626.69 (3c16f8a135abc0d4da2dff33804db79b849a7c38), userDataDir=C:\Users\NTHIMM~1\AppData\Local\Temp\scoped_dir4512_872}, takesHeapSnapshot=true, unhandledPromptBehavior=ignore, pageLoadStrategy=normal, databaseEnabled=false, handlesAlerts=true, version=86.0.4240.198, browserConnectionEnabled=false, proxy=Proxy(), nativeEvents=true, locationContextEnabled=true, cssSelectorsEnabled=true}]
Session ID: d7c8b9d42c2b4657e2f3c2e6a1199df7
*** Element info: {Using=css selector, value=table[id$='GridViewreports'] tr:nth-child(0)>td:nth-child(0) input}
Screenshot path: E:\Naveenkumar-11568\REPORTSautomation\ScriptVersions\Script6/SureFireReports/20201119-164031/Screenshots/
8540469 [TestNG] ERROR ./TestResults/2020_11_19_10_10_48_PM/LogFile.log  - The given window "2" is failed to open
{} doesn't contain key name -TDR_SBS_008
]]></system-out>
  </testcase>
  <testcase name="TDR_SBS_009" classname="TestCases.TestCases" time="245.007">
    <failure type="java.lang.AssertionError:">java.lang.AssertionError: null
	at TestCases.TestCases.TestEnd(TestCases.java:10774)
	at TestCases.TestCases.TDR_SBS_009(TestCases.java:2267)
</failure>
    <system-out><![CDATA[TDR_SBS_009 Started...
Screenshot path: E:\Naveenkumar-11568\REPORTSautomation\ScriptVersions\Script6/SureFireReports/20201119-164031/Screenshots/
8866230 [TestNG] ERROR ./TestResults/2020_11_19_10_10_48_PM/LogFile.log  - Unable to find the System Wide radio button label.
Screenshot path: E:\Naveenkumar-11568\REPORTSautomation\ScriptVersions\Script6/SureFireReports/20201119-164031/Screenshots/
8895481 [TestNG] ERROR ./TestResults/2020_11_19_10_10_48_PM/LogFile.log  - Exception:no such element: Unable to locate element: {"method":"xpath","selector":"//input[@type='reset' or @value='Reset']"}
  (Session info: chrome=86.0.4240.198)
  (Driver info: chromedriver=72.0.3626.69 (3c16f8a135abc0d4da2dff33804db79b849a7c38),platform=Windows NT 10.0.18362 x86_64) (WARNING: The server did not provide any stacktrace information)
Command duration or timeout: 0 milliseconds
For documentation on this error, please visit: http://seleniumhq.org/exceptions/no_such_element.html
Build info: version: '3.6.0', revision: '6fbf3ec767', time: '2017-09-27T15:28:36.4Z'
System info: host: 'XPITAX-11568', ip: '192.168.0.105', os.name: 'Windows 10', os.arch: 'amd64', os.version: '10.0', java.version: '1.8.0_191'
Driver info: org.openqa.selenium.remote.RemoteWebDriver
Capabilities [{mobileEmulationEnabled=false, timeouts={implicit=0, pageLoad=300000, script=30000}, hasTouchScreen=false, platform=XP, acceptSslCerts=false, goog:chromeOptions={debuggerAddress=localhost:51619}, acceptInsecureCerts=false, webStorageEnabled=true, browserName=chrome, takesScreenshot=true, javascriptEnabled=true, platformName=XP, setWindowRect=true, unexpectedAlertBehaviour=ignore, applicationCacheEnabled=false, rotatable=false, networkConnectionEnabled=false, chrome={chromedriverVersion=72.0.3626.69 (3c16f8a135abc0d4da2dff33804db79b849a7c38), userDataDir=C:\Users\NTHIMM~1\AppData\Local\Temp\scoped_dir4512_872}, takesHeapSnapshot=true, unhandledPromptBehavior=ignore, pageLoadStrategy=normal, databaseEnabled=false, handlesAlerts=true, version=86.0.4240.198, browserConnectionEnabled=false, proxy=Proxy(), nativeEvents=true, locationContextEnabled=true, cssSelectorsEnabled=true}]
Session ID: d7c8b9d42c2b4657e2f3c2e6a1199df7
*** Element info: {Using=xpath, value=//input[@type='reset' or @value='Reset']}
Screenshot path: E:\Naveenkumar-11568\REPORTSautomation\ScriptVersions\Script6/SureFireReports/20201119-164031/Screenshots/
8897938 [TestNG] ERROR ./TestResults/2020_11_19_10_10_48_PM/LogFile.log  - Unable to find the My Reports radio button label.
{} doesn't contain key name -TDR_SBS_009
]]></system-out>
  </testcase>
  <testcase name="TDR_SBS_010" classname="TestCases.TestCases" time="145.98">
    <failure type="java.lang.AssertionError:">java.lang.AssertionError: null
	at TestCases.TestCases.TestEnd(TestCases.java:10774)
	at TestCases.TestCases.TDR_SBS_010(TestCases.java:2282)
</failure>
    <system-out><![CDATA[TDR_SBS_010 Started...
Screenshot path: E:\Naveenkumar-11568\REPORTSautomation\ScriptVersions\Script6/SureFireReports/20201119-164031/Screenshots/
8987455 [TestNG] ERROR ./TestResults/2020_11_19_10_10_48_PM/LogFile.log  - Unable to find the System Wide radio button label.
Screenshot path: E:\Naveenkumar-11568\REPORTSautomation\ScriptVersions\Script6/SureFireReports/20201119-164031/Screenshots/
9029070 [TestNG] ERROR ./TestResults/2020_11_19_10_10_48_PM/LogFile.log  - Exception:no such element: Unable to locate element: {"method":"xpath","selector":"//input[@type='reset' or @value='Reset']"}
  (Session info: chrome=86.0.4240.198)
  (Driver info: chromedriver=72.0.3626.69 (3c16f8a135abc0d4da2dff33804db79b849a7c38),platform=Windows NT 10.0.18362 x86_64) (WARNING: The server did not provide any stacktrace information)
Command duration or timeout: 0 milliseconds
For documentation on this error, please visit: http://seleniumhq.org/exceptions/no_such_element.html
Build info: version: '3.6.0', revision: '6fbf3ec767', time: '2017-09-27T15:28:36.4Z'
System info: host: 'XPITAX-11568', ip: '192.168.0.105', os.name: 'Windows 10', os.arch: 'amd64', os.version: '10.0', java.version: '1.8.0_191'
Driver info: org.openqa.selenium.remote.RemoteWebDriver
Capabilities [{mobileEmulationEnabled=false, timeouts={implicit=0, pageLoad=300000, script=30000}, hasTouchScreen=false, platform=XP, acceptSslCerts=false, goog:chromeOptions={debuggerAddress=localhost:51619}, acceptInsecureCerts=false, webStorageEnabled=true, browserName=chrome, takesScreenshot=true, javascriptEnabled=true, platformName=XP, setWindowRect=true, unexpectedAlertBehaviour=ignore, applicationCacheEnabled=false, rotatable=false, networkConnectionEnabled=false, chrome={chromedriverVersion=72.0.3626.69 (3c16f8a135abc0d4da2dff33804db79b849a7c38), userDataDir=C:\Users\NTHIMM~1\AppData\Local\Temp\scoped_dir4512_872}, takesHeapSnapshot=true, unhandledPromptBehavior=ignore, pageLoadStrategy=normal, databaseEnabled=false, handlesAlerts=true, version=86.0.4240.198, browserConnectionEnabled=false, proxy=Proxy(), nativeEvents=true, locationContextEnabled=true, cssSelectorsEnabled=true}]
Session ID: d7c8b9d42c2b4657e2f3c2e6a1199df7
*** Element info: {Using=xpath, value=//input[@type='reset' or @value='Reset']}
Screenshot path: E:\Naveenkumar-11568\REPORTSautomation\ScriptVersions\Script6/SureFireReports/20201119-164031/Screenshots/
9031458 [TestNG] ERROR ./TestResults/2020_11_19_10_10_48_PM/LogFile.log  - Unable to find the My Reports radio button label.
{} doesn't contain key name -TDR_SBS_010
]]></system-out>
  </testcase>
  <testcase name="TDR_SBS_011" classname="TestCases.TestCases" time="593.541">
    <failure type="java.lang.AssertionError:">java.lang.AssertionError: null
	at TestCases.TestCases.TestEnd(TestCases.java:10774)
	at TestCases.TestCases.TDR_SBS_011(TestCases.java:2297)
</failure>
    <system-out><![CDATA[TDR_SBS_011 Started...
Screenshot path: E:\Naveenkumar-11568\REPORTSautomation\ScriptVersions\Script6/SureFireReports/20201119-164031/Screenshots/
9087328 [TestNG] ERROR ./TestResults/2020_11_19_10_10_48_PM/LogFile.log  - Unable to find the Current radio button label.
Screenshot path: E:\Naveenkumar-11568\REPORTSautomation\ScriptVersions\Script6/SureFireReports/20201119-164031/Screenshots/
9089698 [TestNG] ERROR ./TestResults/2020_11_19_10_10_48_PM/LogFile.log  - Unable to find the Default radio button label.
Screenshot path: E:\Naveenkumar-11568\REPORTSautomation\ScriptVersions\Script6/SureFireReports/20201119-164031/Screenshots/
9093144 [TestNG] ERROR ./TestResults/2020_11_19_10_10_48_PM/LogFile.log  - Exception:no such element: Unable to locate element: {"method":"css selector","selector":"a[id*='chooseid']"}
  (Session info: chrome=86.0.4240.198)
  (Driver info: chromedriver=72.0.3626.69 (3c16f8a135abc0d4da2dff33804db79b849a7c38),platform=Windows NT 10.0.18362 x86_64) (WARNING: The server did not provide any stacktrace information)
Command duration or timeout: 0 milliseconds
For documentation on this error, please visit: http://seleniumhq.org/exceptions/no_such_element.html
Build info: version: '3.6.0', revision: '6fbf3ec767', time: '2017-09-27T15:28:36.4Z'
System info: host: 'XPITAX-11568', ip: '192.168.0.105', os.name: 'Windows 10', os.arch: 'amd64', os.version: '10.0', java.version: '1.8.0_191'
Driver info: org.openqa.selenium.remote.RemoteWebDriver
Capabilities [{mobileEmulationEnabled=false, timeouts={implicit=0, pageLoad=300000, script=30000}, hasTouchScreen=false, platform=XP, acceptSslCerts=false, goog:chromeOptions={debuggerAddress=localhost:51619}, acceptInsecureCerts=false, webStorageEnabled=true, browserName=chrome, takesScreenshot=true, javascriptEnabled=true, platformName=XP, setWindowRect=true, unexpectedAlertBehaviour=ignore, applicationCacheEnabled=false, rotatable=false, networkConnectionEnabled=false, chrome={chromedriverVersion=72.0.3626.69 (3c16f8a135abc0d4da2dff33804db79b849a7c38), userDataDir=C:\Users\NTHIMM~1\AppData\Local\Temp\scoped_dir4512_872}, takesHeapSnapshot=true, unhandledPromptBehavior=ignore, pageLoadStrategy=normal, databaseEnabled=false, handlesAlerts=true, version=86.0.4240.198, browserConnectionEnabled=false, proxy=Proxy(), nativeEvents=true, locationContextEnabled=true, cssSelectorsEnabled=true}]
Session ID: d7c8b9d42c2b4657e2f3c2e6a1199df7
*** Element info: {Using=css selector, value=a[id*='chooseid']}
Screenshot path: E:\Naveenkumar-11568\REPORTSautomation\ScriptVersions\Script6/SureFireReports/20201119-164031/Screenshots/
9098486 [TestNG] ERROR ./TestResults/2020_11_19_10_10_48_PM/LogFile.log  - The given window "2" is failed to open
Screenshot path: E:\Naveenkumar-11568\REPORTSautomation\ScriptVersions\Script6/SureFireReports/20201119-164031/Screenshots/
9107879 [TestNG] ERROR ./TestResults/2020_11_19_10_10_48_PM/LogFile.log  - No Column headers are displayed
Screenshot path: E:\Naveenkumar-11568\REPORTSautomation\ScriptVersions\Script6/SureFireReports/20201119-164031/Screenshots/
9133437 [TestNG] ERROR ./TestResults/2020_11_19_10_10_48_PM/LogFile.log  - The given window "2" is failed to open
Screenshot path: E:\Naveenkumar-11568\REPORTSautomation\ScriptVersions\Script6/SureFireReports/20201119-164031/Screenshots/
9279028 [TestNG] ERROR ./TestResults/2020_11_19_10_10_48_PM/LogFile.log  - Unable to find the Archive radio button label.
Screenshot path: E:\Naveenkumar-11568\REPORTSautomation\ScriptVersions\Script6/SureFireReports/20201119-164031/Screenshots/
9281423 [TestNG] ERROR ./TestResults/2020_11_19_10_10_48_PM/LogFile.log  - Unable to find the Default radio button label.
Screenshot path: E:\Naveenkumar-11568\REPORTSautomation\ScriptVersions\Script6/SureFireReports/20201119-164031/Screenshots/
9284807 [TestNG] ERROR ./TestResults/2020_11_19_10_10_48_PM/LogFile.log  - Exception:no such element: Unable to locate element: {"method":"css selector","selector":"a[id*='chooseid']"}
  (Session info: chrome=86.0.4240.198)
  (Driver info: chromedriver=72.0.3626.69 (3c16f8a135abc0d4da2dff33804db79b849a7c38),platform=Windows NT 10.0.18362 x86_64) (WARNING: The server did not provide any stacktrace information)
Command duration or timeout: 0 milliseconds
For documentation on this error, please visit: http://seleniumhq.org/exceptions/no_such_element.html
Build info: version: '3.6.0', revision: '6fbf3ec767', time: '2017-09-27T15:28:36.4Z'
System info: host: 'XPITAX-11568', ip: '192.168.0.105', os.name: 'Windows 10', os.arch: 'amd64', os.version: '10.0', java.version: '1.8.0_191'
Driver info: org.openqa.selenium.remote.RemoteWebDriver
Capabilities [{mobileEmulationEnabled=false, timeouts={implicit=0, pageLoad=300000, script=30000}, hasTouchScreen=false, platform=XP, acceptSslCerts=false, goog:chromeOptions={debuggerAddress=localhost:51619}, acceptInsecureCerts=false, webStorageEnabled=true, browserName=chrome, takesScreenshot=true, javascriptEnabled=true, platformName=XP, setWindowRect=true, unexpectedAlertBehaviour=ignore, applicationCacheEnabled=false, rotatable=false, networkConnectionEnabled=false, chrome={chromedriverVersion=72.0.3626.69 (3c16f8a135abc0d4da2dff33804db79b849a7c38), userDataDir=C:\Users\NTHIMM~1\AppData\Local\Temp\scoped_dir4512_872}, takesHeapSnapshot=true, unhandledPromptBehavior=ignore, pageLoadStrategy=normal, databaseEnabled=false, handlesAlerts=true, version=86.0.4240.198, browserConnectionEnabled=false, proxy=Proxy(), nativeEvents=true, locationContextEnabled=true, cssSelectorsEnabled=true}]
Session ID: d7c8b9d42c2b4657e2f3c2e6a1199df7
*** Element info: {Using=css selector, value=a[id*='chooseid']}
Screenshot path: E:\Naveenkumar-11568\REPORTSautomation\ScriptVersions\Script6/SureFireReports/20201119-164031/Screenshots/
9290143 [TestNG] ERROR ./TestResults/2020_11_19_10_10_48_PM/LogFile.log  - The given window "2" is failed to open
Screenshot path: E:\Naveenkumar-11568\REPORTSautomation\ScriptVersions\Script6/SureFireReports/20201119-164031/Screenshots/
9299573 [TestNG] ERROR ./TestResults/2020_11_19_10_10_48_PM/LogFile.log  - No Column headers are displayed
Screenshot path: E:\Naveenkumar-11568\REPORTSautomation\ScriptVersions\Script6/SureFireReports/20201119-164031/Screenshots/
9325141 [TestNG] ERROR ./TestResults/2020_11_19_10_10_48_PM/LogFile.log  - The given window "2" is failed to open
Screenshot path: E:\Naveenkumar-11568\REPORTSautomation\ScriptVersions\Script6/SureFireReports/20201119-164031/Screenshots/
9470798 [TestNG] ERROR ./TestResults/2020_11_19_10_10_48_PM/LogFile.log  - Unable to find the Archive radio button label.
Screenshot path: E:\Naveenkumar-11568\REPORTSautomation\ScriptVersions\Script6/SureFireReports/20201119-164031/Screenshots/
9473222 [TestNG] ERROR ./TestResults/2020_11_19_10_10_48_PM/LogFile.log  - Unable to find the Default radio button label.
Screenshot path: E:\Naveenkumar-11568\REPORTSautomation\ScriptVersions\Script6/SureFireReports/20201119-164031/Screenshots/
9476632 [TestNG] ERROR ./TestResults/2020_11_19_10_10_48_PM/LogFile.log  - Exception:no such element: Unable to locate element: {"method":"css selector","selector":"a[id*='chooseid']"}
  (Session info: chrome=86.0.4240.198)
  (Driver info: chromedriver=72.0.3626.69 (3c16f8a135abc0d4da2dff33804db79b849a7c38),platform=Windows NT 10.0.18362 x86_64) (WARNING: The server did not provide any stacktrace information)
Command duration or timeout: 0 milliseconds
For documentation on this error, please visit: http://seleniumhq.org/exceptions/no_such_element.html
Build info: version: '3.6.0', revision: '6fbf3ec767', time: '2017-09-27T15:28:36.4Z'
System info: host: 'XPITAX-11568', ip: '192.168.0.105', os.name: 'Windows 10', os.arch: 'amd64', os.version: '10.0', java.version: '1.8.0_191'
Driver info: org.openqa.selenium.remote.RemoteWebDriver
Capabilities [{mobileEmulationEnabled=false, timeouts={implicit=0, pageLoad=300000, script=30000}, hasTouchScreen=false, platform=XP, acceptSslCerts=false, goog:chromeOptions={debuggerAddress=localhost:51619}, acceptInsecureCerts=false, webStorageEnabled=true, browserName=chrome, takesScreenshot=true, javascriptEnabled=true, platformName=XP, setWindowRect=true, unexpectedAlertBehaviour=ignore, applicationCacheEnabled=false, rotatable=false, networkConnectionEnabled=false, chrome={chromedriverVersion=72.0.3626.69 (3c16f8a135abc0d4da2dff33804db79b849a7c38), userDataDir=C:\Users\NTHIMM~1\AppData\Local\Temp\scoped_dir4512_872}, takesHeapSnapshot=true, unhandledPromptBehavior=ignore, pageLoadStrategy=normal, databaseEnabled=false, handlesAlerts=true, version=86.0.4240.198, browserConnectionEnabled=false, proxy=Proxy(), nativeEvents=true, locationContextEnabled=true, cssSelectorsEnabled=true}]
Session ID: d7c8b9d42c2b4657e2f3c2e6a1199df7
*** Element info: {Using=css selector, value=a[id*='chooseid']}
Screenshot path: E:\Naveenkumar-11568\REPORTSautomation\ScriptVersions\Script6/SureFireReports/20201119-164031/Screenshots/
9481970 [TestNG] ERROR ./TestResults/2020_11_19_10_10_48_PM/LogFile.log  - The given window "2" is failed to open
Screenshot path: E:\Naveenkumar-11568\REPORTSautomation\ScriptVersions\Script6/SureFireReports/20201119-164031/Screenshots/
9491392 [TestNG] ERROR ./TestResults/2020_11_19_10_10_48_PM/LogFile.log  - No Column headers are displayed
Screenshot path: E:\Naveenkumar-11568\REPORTSautomation\ScriptVersions\Script6/SureFireReports/20201119-164031/Screenshots/
9516955 [TestNG] ERROR ./TestResults/2020_11_19_10_10_48_PM/LogFile.log  - The given window "2" is failed to open
{} doesn't contain key name -TDR_SBS_011
]]></system-out>
  </testcase>
  <testcase name="TDR_SBS_012" classname="TestCases.TestCases" time="589.387">
    <failure type="java.lang.AssertionError:">java.lang.AssertionError: null
	at TestCases.TestCases.TestEnd(TestCases.java:10774)
	at TestCases.TestCases.TDR_SBS_012(TestCases.java:2312)
</failure>
    <system-out><![CDATA[TDR_SBS_012 Started...
Screenshot path: E:\Naveenkumar-11568\REPORTSautomation\ScriptVersions\Script6/SureFireReports/20201119-164031/Screenshots/
9844906 [TestNG] ERROR ./TestResults/2020_11_19_10_10_48_PM/LogFile.log  - Unable to find the System Wide radio button label.
Screenshot path: E:\Naveenkumar-11568\REPORTSautomation\ScriptVersions\Script6/SureFireReports/20201119-164031/Screenshots/
9872852 [TestNG] ERROR ./TestResults/2020_11_19_10_10_48_PM/LogFile.log  - The given window "2" is failed to open
Screenshot path: E:\Naveenkumar-11568\REPORTSautomation\ScriptVersions\Script6/SureFireReports/20201119-164031/Screenshots/
9907623 [TestNG] ERROR ./TestResults/2020_11_19_10_10_48_PM/LogFile.log  - The given window "2" is failed to open
Screenshot path: E:\Naveenkumar-11568\REPORTSautomation\ScriptVersions\Script6/SureFireReports/20201119-164031/Screenshots/
10049225 [TestNG] ERROR ./TestResults/2020_11_19_10_10_48_PM/LogFile.log  - Exception:no such element: Unable to locate element: {"method":"xpath","selector":"//input[@type='reset' or @value='Reset']"}
  (Session info: chrome=86.0.4240.198)
  (Driver info: chromedriver=72.0.3626.69 (3c16f8a135abc0d4da2dff33804db79b849a7c38),platform=Windows NT 10.0.18362 x86_64) (WARNING: The server did not provide any stacktrace information)
Command duration or timeout: 0 milliseconds
For documentation on this error, please visit: http://seleniumhq.org/exceptions/no_such_element.html
Build info: version: '3.6.0', revision: '6fbf3ec767', time: '2017-09-27T15:28:36.4Z'
System info: host: 'XPITAX-11568', ip: '192.168.0.105', os.name: 'Windows 10', os.arch: 'amd64', os.version: '10.0', java.version: '1.8.0_191'
Driver info: org.openqa.selenium.remote.RemoteWebDriver
Capabilities [{mobileEmulationEnabled=false, timeouts={implicit=0, pageLoad=300000, script=30000}, hasTouchScreen=false, platform=XP, acceptSslCerts=false, goog:chromeOptions={debuggerAddress=localhost:51619}, acceptInsecureCerts=false, webStorageEnabled=true, browserName=chrome, takesScreenshot=true, javascriptEnabled=true, platformName=XP, setWindowRect=true, unexpectedAlertBehaviour=ignore, applicationCacheEnabled=false, rotatable=false, networkConnectionEnabled=false, chrome={chromedriverVersion=72.0.3626.69 (3c16f8a135abc0d4da2dff33804db79b849a7c38), userDataDir=C:\Users\NTHIMM~1\AppData\Local\Temp\scoped_dir4512_872}, takesHeapSnapshot=true, unhandledPromptBehavior=ignore, pageLoadStrategy=normal, databaseEnabled=false, handlesAlerts=true, version=86.0.4240.198, browserConnectionEnabled=false, proxy=Proxy(), nativeEvents=true, locationContextEnabled=true, cssSelectorsEnabled=true}]
Session ID: d7c8b9d42c2b4657e2f3c2e6a1199df7
*** Element info: {Using=xpath, value=//input[@type='reset' or @value='Reset']}
Screenshot path: E:\Naveenkumar-11568\REPORTSautomation\ScriptVersions\Script6/SureFireReports/20201119-164031/Screenshots/
10051738 [TestNG] ERROR ./TestResults/2020_11_19_10_10_48_PM/LogFile.log  - Unable to find the My Reports radio button label.
Screenshot path: E:\Naveenkumar-11568\REPORTSautomation\ScriptVersions\Script6/SureFireReports/20201119-164031/Screenshots/
10079783 [TestNG] ERROR ./TestResults/2020_11_19_10_10_48_PM/LogFile.log  - The given window "2" is failed to open
Screenshot path: E:\Naveenkumar-11568\REPORTSautomation\ScriptVersions\Script6/SureFireReports/20201119-164031/Screenshots/
10114423 [TestNG] ERROR ./TestResults/2020_11_19_10_10_48_PM/LogFile.log  - The given window "2" is failed to open
{} doesn't contain key name -TDR_SBS_012
]]></system-out>
  </testcase>
  <testcase name="TDR_SBS_013" classname="TestCases.TestCases" time="624.031">
    <failure type="java.lang.AssertionError:">java.lang.AssertionError: null
	at TestCases.TestCases.TestEnd(TestCases.java:10774)
	at TestCases.TestCases.TDR_SBS_013(TestCases.java:2327)
</failure>
    <system-out><![CDATA[TDR_SBS_013 Started...
Screenshot path: E:\Naveenkumar-11568\REPORTSautomation\ScriptVersions\Script6/SureFireReports/20201119-164031/Screenshots/
10387862 [TestNG] ERROR ./TestResults/2020_11_19_10_10_48_PM/LogFile.log  - Unable to find the Current radio button label.
Screenshot path: E:\Naveenkumar-11568\REPORTSautomation\ScriptVersions\Script6/SureFireReports/20201119-164031/Screenshots/
10390249 [TestNG] ERROR ./TestResults/2020_11_19_10_10_48_PM/LogFile.log  - Failed to validate the Fiscal Year
Screenshot path: E:\Naveenkumar-11568\REPORTSautomation\ScriptVersions\Script6/SureFireReports/20201119-164031/Screenshots/
10392653 [TestNG] ERROR ./TestResults/2020_11_19_10_10_48_PM/LogFile.log  - Failed to  enter the Fiscal Year
Screenshot path: E:\Naveenkumar-11568\REPORTSautomation\ScriptVersions\Script6/SureFireReports/20201119-164031/Screenshots/
10395129 [TestNG] ERROR ./TestResults/2020_11_19_10_10_48_PM/LogFile.log  - Failed to  enter the Type of Task
Screenshot path: E:\Naveenkumar-11568\REPORTSautomation\ScriptVersions\Script6/SureFireReports/20201119-164031/Screenshots/
10412907 [TestNG] ERROR ./TestResults/2020_11_19_10_10_48_PM/LogFile.log  - The given window "2" is failed to open
Screenshot path: E:\Naveenkumar-11568\REPORTSautomation\ScriptVersions\Script6/SureFireReports/20201119-164031/Screenshots/
10550463 [TestNG] ERROR ./TestResults/2020_11_19_10_10_48_PM/LogFile.log  - Unable to find the Archive radio button label.
Screenshot path: E:\Naveenkumar-11568\REPORTSautomation\ScriptVersions\Script6/SureFireReports/20201119-164031/Screenshots/
10552902 [TestNG] ERROR ./TestResults/2020_11_19_10_10_48_PM/LogFile.log  - Failed to validate the Fiscal Year
Screenshot path: E:\Naveenkumar-11568\REPORTSautomation\ScriptVersions\Script6/SureFireReports/20201119-164031/Screenshots/
10555376 [TestNG] ERROR ./TestResults/2020_11_19_10_10_48_PM/LogFile.log  - Failed to  enter the Fiscal Year
Screenshot path: E:\Naveenkumar-11568\REPORTSautomation\ScriptVersions\Script6/SureFireReports/20201119-164031/Screenshots/
10557892 [TestNG] ERROR ./TestResults/2020_11_19_10_10_48_PM/LogFile.log  - Failed to  enter the Type of Task
Screenshot path: E:\Naveenkumar-11568\REPORTSautomation\ScriptVersions\Script6/SureFireReports/20201119-164031/Screenshots/
10575660 [TestNG] ERROR ./TestResults/2020_11_19_10_10_48_PM/LogFile.log  - The given window "2" is failed to open
Screenshot path: E:\Naveenkumar-11568\REPORTSautomation\ScriptVersions\Script6/SureFireReports/20201119-164031/Screenshots/
10713294 [TestNG] ERROR ./TestResults/2020_11_19_10_10_48_PM/LogFile.log  - Unable to find the Archive radio button label.
Screenshot path: E:\Naveenkumar-11568\REPORTSautomation\ScriptVersions\Script6/SureFireReports/20201119-164031/Screenshots/
10715758 [TestNG] ERROR ./TestResults/2020_11_19_10_10_48_PM/LogFile.log  - Failed to validate the Fiscal Year
Screenshot path: E:\Naveenkumar-11568\REPORTSautomation\ScriptVersions\Script6/SureFireReports/20201119-164031/Screenshots/
10718256 [TestNG] ERROR ./TestResults/2020_11_19_10_10_48_PM/LogFile.log  - Failed to  enter the Fiscal Year
Screenshot path: E:\Naveenkumar-11568\REPORTSautomation\ScriptVersions\Script6/SureFireReports/20201119-164031/Screenshots/
10720684 [TestNG] ERROR ./TestResults/2020_11_19_10_10_48_PM/LogFile.log  - Failed to  enter the Type of Task
Screenshot path: E:\Naveenkumar-11568\REPORTSautomation\ScriptVersions\Script6/SureFireReports/20201119-164031/Screenshots/
10738458 [TestNG] ERROR ./TestResults/2020_11_19_10_10_48_PM/LogFile.log  - The given window "2" is failed to open
{} doesn't contain key name -TDR_SBS_013
]]></system-out>
  </testcase>
  <testcase name="TDR_SBS_014" classname="TestCases.TestCases" time="318.888">
    <failure type="java.lang.AssertionError:">java.lang.AssertionError: null
	at TestCases.TestCases.TestEnd(TestCases.java:10774)
	at TestCases.TestCases.TDR_SBS_014(TestCases.java:2342)
</failure>
    <system-out><![CDATA[TDR_SBS_014 Started...
Screenshot path: E:\Naveenkumar-11568\REPORTSautomation\ScriptVersions\Script6/SureFireReports/20201119-164031/Screenshots/
11057274 [TestNG] ERROR ./TestResults/2020_11_19_10_10_48_PM/LogFile.log  - The given window "2" is failed to open
{} doesn't contain key name -TDR_SBS_014
]]></system-out>
  </testcase>
  <testcase name="TDR_SBS_015" classname="TestCases.TestCases" time="659.807">
    <failure type="java.lang.AssertionError:">java.lang.AssertionError: null
	at TestCases.TestCases.TestEnd(TestCases.java:10774)
	at TestCases.TestCases.TDR_SBS_015(TestCases.java:2357)
</failure>
    <system-out><![CDATA[TDR_SBS_015 Started...
Screenshot path: E:\Naveenkumar-11568\REPORTSautomation\ScriptVersions\Script6/SureFireReports/20201119-164031/Screenshots/
11376649 [TestNG] ERROR ./TestResults/2020_11_19_10_10_48_PM/LogFile.log  - The given window "2" is failed to open
{} doesn't contain key name -TDR_SBS_015
]]></system-out>
  </testcase>
  <testcase name="TDR_SBS_016" classname="TestCases.TestCases" time="1,000.344">
    <failure type="java.lang.AssertionError:">java.lang.AssertionError: null
	at TestCases.TestCases.TestEnd(TestCases.java:10774)
	at TestCases.TestCases.TDR_SBS_016(TestCases.java:2372)
</failure>
    <system-out><![CDATA[TDR_SBS_016 Started...
Screenshot path: E:\Naveenkumar-11568\REPORTSautomation\ScriptVersions\Script6/SureFireReports/20201119-164031/Screenshots/
12036739 [TestNG] ERROR ./TestResults/2020_11_19_10_10_48_PM/LogFile.log  - The given window "2" is failed to open
{} doesn't contain key name -TDR_SBS_016
]]></system-out>
  </testcase>
  <testcase name="TDR_SBCE_001" classname="TestCases.TestCases" time="160.917"/>
  <testcase name="TDR_SBCE_002" classname="TestCases.TestCases" time="163.377"/>
  <testcase name="TDR_SBCE_003" classname="TestCases.TestCases" time="175.464"/>
  <testcase name="TDR_SBCE_004" classname="TestCases.TestCases" time="149.874"/>
  <testcase name="TDR_SBCE_005" classname="TestCases.TestCases" time="74.751"/>
  <testcase name="TDR_SBCE_006" classname="TestCases.TestCases" time="342.529"/>
  <testcase name="TDR_SBCE_007" classname="TestCases.TestCases" time="186.874"/>
  <testcase name="TDR_SBCE_008" classname="TestCases.TestCases" time="163.813"/>
  <testcase name="TDR_SBCE_009" classname="TestCases.TestCases" time="160.266"/>
  <testcase name="TDR_SBCE_010" classname="TestCases.TestCases" time="84.068"/>
  <testcase name="TDR_SBCE_011" classname="TestCases.TestCases" time="205.501"/>
  <testcase name="TDR_SBCE_012" classname="TestCases.TestCases" time="265.16"/>
  <testcase name="TDR_SBCE_013" classname="TestCases.TestCases" time="251.354"/>
  <testcase name="TDR_SBCE_014" classname="TestCases.TestCases" time="160.592"/>
  <testcase name="TDR_SBCE_015" classname="TestCases.TestCases" time="167.358"/>
  <testcase name="TDR_SBCE_016" classname="TestCases.TestCases" time="174.158"/>
  <testcase name="TDR_SBD_01" classname="TestCases.TestCases" time="160.906"/>
  <testcase name="TDR_SBD_02" classname="TestCases.TestCases" time="163.754"/>
  <testcase name="TDR_SBD_03" classname="TestCases.TestCases" time="171.824"/>
  <testcase name="TDR_SBD_04" classname="TestCases.TestCases" time="163.082"/>
  <testcase name="TDR_SBD_05" classname="TestCases.TestCases" time="88.057"/>
  <testcase name="TDR_SBD_06" classname="TestCases.TestCases" time="366.814"/>
  <testcase name="TDR_SBD_07" classname="TestCases.TestCases" time="185.5"/>
  <testcase name="TDR_SBD_08" classname="TestCases.TestCases" time="163.026"/>
  <testcase name="TDR_SBD_09" classname="TestCases.TestCases" time="161.264"/>
  <testcase name="TDR_SBD_10" classname="TestCases.TestCases" time="84.867"/>
  <testcase name="TDR_SBD_11" classname="TestCases.TestCases" time="206.944"/>
  <testcase name="TDR_SBD_12" classname="TestCases.TestCases" time="265.385"/>
  <testcase name="TDR_SBD_13" classname="TestCases.TestCases" time="255.914"/>
  <testcase name="TDR_SBD_14" classname="TestCases.TestCases" time="161.238"/>
  <testcase name="TDR_SBD_15" classname="TestCases.TestCases" time="168.007"/>
  <testcase name="TDR_SBD_16" classname="TestCases.TestCases" time="174.619"/>
  <testcase name="TDR_OUT_01" classname="TestCases.TestCases" time="164.691"/>
  <testcase name="TDR_OUT_02" classname="TestCases.TestCases" time="164.351"/>
  <testcase name="TDR_OUT_03" classname="TestCases.TestCases" time="169.704"/>
  <testcase name="TDR_OUT_04" classname="TestCases.TestCases" time="154.519"/>
  <testcase name="TDR_OUT_05" classname="TestCases.TestCases" time="78.988"/>
  <testcase name="TDR_OUT_06" classname="TestCases.TestCases" time="313.972"/>
  <testcase name="TDR_OUT_07" classname="TestCases.TestCases" time="188.298"/>
  <testcase name="TDR_OUT_08" classname="TestCases.TestCases" time="164.509"/>
  <testcase name="TDR_OUT_09" classname="TestCases.TestCases" time="161.948"/>
  <testcase name="TDR_OUT_10" classname="TestCases.TestCases" time="85.815"/>
  <testcase name="TDR_OUT_11" classname="TestCases.TestCases" time="200.047"/>
  <testcase name="TDR_OUT_12" classname="TestCases.TestCases" time="266.286"/>
  <testcase name="TDR_OUT_13" classname="TestCases.TestCases" time="656.498"/>
  <testcase name="TDR_OUT_14" classname="TestCases.TestCases" time="160.531"/>
  <testcase name="TDR_OUT_15" classname="TestCases.TestCases" time="167.56"/>
  <testcase name="TDR_OUT_16" classname="TestCases.TestCases" time="174.355"/>
  <testcase name="TDR_TTC_01" classname="TestCases.TestCases" time="161.121"/>
  <testcase name="TDR_TTC_02" classname="TestCases.TestCases" time="209.645"/>
  <testcase name="TDR_TTC_03" classname="TestCases.TestCases" time="260.402"/>
  <testcase name="TDR_TTC_04" classname="TestCases.TestCases" time="147.007"/>
  <testcase name="TDR_TTC_05" classname="TestCases.TestCases" time="71.819"/>
  <testcase name="TDR_TTC_06" classname="TestCases.TestCases" time="446.675"/>
  <testcase name="TDR_TTC_07" classname="TestCases.TestCases" time="192.421"/>
  <testcase name="TDR_TTC_08" classname="TestCases.TestCases" time="169.085"/>
  <testcase name="TDR_TTC_09" classname="TestCases.TestCases" time="163.371"/>
  <testcase name="TDR_TTC_10" classname="TestCases.TestCases" time="87.268"/>
  <testcase name="TDR_TTC_11" classname="TestCases.TestCases" time="206.364"/>
  <testcase name="TDR_TTC_12" classname="TestCases.TestCases" time="268.541"/>
  <testcase name="TDR_TTC_13" classname="TestCases.TestCases" time="266.894"/>
  <testcase name="TDR_TTC_14" classname="TestCases.TestCases" time="161.39"/>
  <testcase name="TDR_TTC_15" classname="TestCases.TestCases" time="168.581"/>
  <testcase name="TDR_TTC_16" classname="TestCases.TestCases" time="175.276"/>
  <testcase name="TDR_TTC_17" classname="TestCases.TestCases" time="109.537"/>
  <testcase name="TDR_BA_01" classname="TestCases.TestCases" time="219.324"/>
  <testcase name="TDR_BS_01" classname="TestCases.TestCases" time="310.104"/>
  <testcase name="TDR_EA_01" classname="TestCases.TestCases" time="215.265"/>
  <testcase name="TDR_TSA_01" classname="TestCases.TestCases" time="88.25"/>
  <testcase name="TDR_TSA_02" classname="TestCases.TestCases" time="172.76"/>
  <testcase name="TDR_TSA_03" classname="TestCases.TestCases" time="174.984"/>
  <testcase name="TDR_TSA_04" classname="TestCases.TestCases" time="156.932"/>
  <testcase name="TDR_TSA_05" classname="TestCases.TestCases" time="81.714"/>
  <testcase name="TDR_TSA_06" classname="TestCases.TestCases" time="359.953"/>
  <testcase name="TDR_TSA_07" classname="TestCases.TestCases" time="196.059"/>
  <testcase name="TDR_TSA_08" classname="TestCases.TestCases" time="175.975"/>
  <testcase name="TDR_TSA_09" classname="TestCases.TestCases" time="164.455"/>
  <testcase name="TDR_TSA_10" classname="TestCases.TestCases" time="89.129"/>
  <testcase name="TDR_TSA_11" classname="TestCases.TestCases" time="206.318"/>
  <testcase name="TDR_TSA_12" classname="TestCases.TestCases" time="273.523"/>
  <testcase name="TDR_TSA_13" classname="TestCases.TestCases" time="258.579"/>
  <testcase name="TDR_TSA_14" classname="TestCases.TestCases" time="163.009"/>
  <testcase name="TDR_TSA_15" classname="TestCases.TestCases" time="171.204"/>
  <testcase name="TDR_TSA_16" classname="TestCases.TestCases" time="178.337"/>
  <testcase name="TDR_CAS_01" classname="TestCases.TestCases" time="163.406"/>
  <testcase name="TDR_CAS_02" classname="TestCases.TestCases" time="170.959"/>
  <testcase name="TDR_CAS_03" classname="TestCases.TestCases" time="176.011"/>
  <testcase name="TDR_CAS_04" classname="TestCases.TestCases" time="158.214"/>
  <testcase name="TDR_CAS_05" classname="TestCases.TestCases" time="184.778">
    <failure type="java.lang.AssertionError:">java.lang.AssertionError: null
	at TestCases.TestCases.TestEnd(TestCases.java:10774)
	at TestCases.TestCases.TDR_CAS_05(TestCases.java:1403)
</failure>
    <system-out><![CDATA[TDR_CAS_05 Started...
Screenshot path: E:\Naveenkumar-11568\REPORTSautomation\ScriptVersions\Script6/SureFireReports/20201119-164031/Screenshots/
29635779 [TestNG] ERROR ./TestResults/2020_11_19_10_10_48_PM/LogFile.log  - Switching to frame Frame path did not happen within 30 seconds
Screenshot path: E:\Naveenkumar-11568\REPORTSautomation\ScriptVersions\Script6/SureFireReports/20201119-164031/Screenshots/
29644693 [TestNG] ERROR ./TestResults/2020_11_19_10_10_48_PM/LogFile.log  - Switching to frame Frame path did not happen within 3 seconds
Screenshot path: E:\Naveenkumar-11568\REPORTSautomation\ScriptVersions\Script6/SureFireReports/20201119-164031/Screenshots/
29653527 [TestNG] ERROR ./TestResults/2020_11_19_10_10_48_PM/LogFile.log  - Switching to frame Frame path did not happen within 3 seconds
Screenshot path: E:\Naveenkumar-11568\REPORTSautomation\ScriptVersions\Script6/SureFireReports/20201119-164031/Screenshots/
29660321 [TestNG] ERROR ./TestResults/2020_11_19_10_10_48_PM/LogFile.log  - Switching to frame Frame path did not happen within 3 seconds
Screenshot path: E:\Naveenkumar-11568\REPORTSautomation\ScriptVersions\Script6/SureFireReports/20201119-164031/Screenshots/
29667222 [TestNG] ERROR ./TestResults/2020_11_19_10_10_48_PM/LogFile.log  - Switching to frame Frame path did not happen within 3 seconds
Screenshot path: E:\Naveenkumar-11568\REPORTSautomation\ScriptVersions\Script6/SureFireReports/20201119-164031/Screenshots/
29674000 [TestNG] ERROR ./TestResults/2020_11_19_10_10_48_PM/LogFile.log  - Switching to frame Frame path did not happen within 3 seconds
Screenshot path: E:\Naveenkumar-11568\REPORTSautomation\ScriptVersions\Script6/SureFireReports/20201119-164031/Screenshots/
29680782 [TestNG] ERROR ./TestResults/2020_11_19_10_10_48_PM/LogFile.log  - Switching to frame Frame path did not happen within 3 seconds
Screenshot path: E:\Naveenkumar-11568\REPORTSautomation\ScriptVersions\Script6/SureFireReports/20201119-164031/Screenshots/
29689542 [TestNG] ERROR ./TestResults/2020_11_19_10_10_48_PM/LogFile.log  - Switching to frame Frame path did not happen within 3 seconds
Screenshot path: E:\Naveenkumar-11568\REPORTSautomation\ScriptVersions\Script6/SureFireReports/20201119-164031/Screenshots/
29696328 [TestNG] ERROR ./TestResults/2020_11_19_10_10_48_PM/LogFile.log  - Switching to frame Frame path did not happen within 3 seconds
Screenshot path: E:\Naveenkumar-11568\REPORTSautomation\ScriptVersions\Script6/SureFireReports/20201119-164031/Screenshots/
29703127 [TestNG] ERROR ./TestResults/2020_11_19_10_10_48_PM/LogFile.log  - Switching to frame Frame path did not happen within 3 seconds
Screenshot path: E:\Naveenkumar-11568\REPORTSautomation\ScriptVersions\Script6/SureFireReports/20201119-164031/Screenshots/
29709986 [TestNG] ERROR ./TestResults/2020_11_19_10_10_48_PM/LogFile.log  - Switching to frame Frame path did not happen within 3 seconds
Screenshot path: E:\Naveenkumar-11568\REPORTSautomation\ScriptVersions\Script6/SureFireReports/20201119-164031/Screenshots/
29716730 [TestNG] ERROR ./TestResults/2020_11_19_10_10_48_PM/LogFile.log  - Switching to frame Frame path did not happen within 3 seconds
Screenshot path: E:\Naveenkumar-11568\REPORTSautomation\ScriptVersions\Script6/SureFireReports/20201119-164031/Screenshots/
29723512 [TestNG] ERROR ./TestResults/2020_11_19_10_10_48_PM/LogFile.log  - Switching to frame Frame path did not happen within 3 seconds
{} doesn't contain key name -TDR_CAS_05
]]></system-out>
  </testcase>
  <testcase name="TDR_CAS_06" classname="TestCases.TestCases" time="143.598">
[...]
{} doesn't contain key name -TDR_CAS_12
]]></system-out>
  </testcase>
  <testcase name="TDR_CAS_13" classname="TestCases.TestCases" time="865.196">
    <failure type="java.lang.AssertionError:">java.lang.AssertionError: null
	at TestCases.TestCases.TestEnd(TestCases.java:10774)
	at TestCases.TestCases.TDR_CAS_13(TestCases.java:1537)
</failure>
    <system-out><![CDATA[TDR_CAS_13 Started...
Screenshot path: E:\Naveenkumar-11568\REPORTSautomation\ScriptVersions\Script6/SureFireReports/20201119-164031/Screenshots/
32808398 [TestNG] ERROR ./TestResults/2020_11_19_10_10_48_PM/LogFile.log  - Exception:no such element: Unable to locate element: {"method":"css selector","selector":"a[id='reportslink']"}
  (Session info: chrome=86.0.4240.198)
  (Driver info: chromedriver=72.0.3626.69 (3c16f8a135abc0d4da2dff33804db79b849a7c38),platform=Windows NT 10.0.18362 x86_64) (WARNING: The server did not provide any stacktrace information)
Command duration or timeout: 0 milliseconds
For documentation on this error, please visit: http://seleniumhq.org/exceptions/no_such_element.html
Build info: version: '3.6.0', revision: '6fbf3ec767', time: '2017-09-27T15:28:36.4Z'
System info: host: 'XPITAX-11568', ip: '192.168.0.105', os.name: 'Windows 10', os.arch: 'amd64', os.version: '10.0', java.version: '1.8.0_191'
Driver info: org.openqa.selenium.remote.RemoteWebDriver
Capabilities [{mobileEmulationEnabled=false, timeouts={implicit=0, pageLoad=300000, script=30000}, hasTouchScreen=false, platform=XP, acceptSslCerts=false, goog:chromeOptions={debuggerAddress=localhost:51619}, acceptInsecureCerts=false, webStorageEnabled=true, browserName=chrome, takesScreenshot=true, javascriptEnabled=true, platformName=XP, setWindowRect=true, unexpectedAlertBehaviour=ignore, applicationCacheEnabled=false, rotatable=false, networkConnectionEnabled=false, chrome={chromedriverVersion=72.0.3626.69 (3c16f8a135abc0d4da2dff33804db79b849a7c38), userDataDir=C:\Users\NTHIMM~1\AppData\Local\Temp\scoped_dir4512_872}, takesHeapSnapshot=true, unhandledPromptBehavior=ignore, pageLoadStrategy=normal, databaseEnabled=false, handlesAlerts=true, version=86.0.4240.198, browserConnectionEnabled=false, proxy=Proxy(), nativeEvents=true, locationContextEnabled=true, cssSelectorsEnabled=true}]
Session ID: d7c8b9d42c2b4657e2f3c2e6a1199df7
*** Element info: {Using=css selector, value=a[id='reportslink']}
Screenshot path: E:\Naveenkumar-11568\REPORTSautomation\ScriptVersions\Script6/SureFireReports/20201119-164031/Screenshots/
32812122 [TestNG] ERROR ./TestResults/2020_11_19_10_10_48_PM/LogFile.log  - Switching to frame Frame path did not happen within 3 seconds
Screenshot path: E:\Naveenkumar-11568\REPORTSautomation\ScriptVersions\Script6/SureFireReports/20201119-164031/Screenshots/
32818992 [TestNG] ERROR ./TestResults/2020_11_19_10_10_48_PM/LogFile.log  - Switching to frame Frame path did not happen within 3 seconds
Screenshot path: E:\Naveenkumar-11568\REPORTSautomation\ScriptVersions\Script6/SureFireReports/20201119-164031/Screenshots/
32829772 [TestNG] ERROR ./TestResults/2020_11_19_10_10_48_PM/LogFile.log  - Switching to frame Frame path did not happen within 3 seconds
Screenshot path: E:\Naveenkumar-11568\REPORTSautomation\ScriptVersions\Script6/SureFireReports/20201119-164031/Screenshots/
32838609 [TestNG] ERROR ./TestResults/2020_11_19_10_10_48_PM/LogFile.log  - Switching to frame Frame path did not happen within 3 seconds
Screenshot path: E:\Naveenkumar-11568\REPORTSautomation\ScriptVersions\Script6/SureFireReports/20201119-164031/Screenshots/
32847369 [TestNG] ERROR ./TestResults/2020_11_19_10_10_48_PM/LogFile.log  - Switching to frame Frame path did not happen within 3 seconds
Screenshot path: E:\Naveenkumar-11568\REPORTSautomation\ScriptVersions\Script6/SureFireReports/20201119-164031/Screenshots/
32854123 [TestNG] ERROR ./TestResults/2020_11_19_10_10_48_PM/LogFile.log  - Switching to frame Frame path did not happen within 3 seconds
Screenshot path: E:\Naveenkumar-11568\REPORTSautomation\ScriptVersions\Script6/SureFireReports/20201119-164031/Screenshots/
32860875 [TestNG] ERROR ./TestResults/2020_11_19_10_10_48_PM/LogFile.log  - Switching to frame Frame path did not happen within 3 seconds
Screenshot path: E:\Naveenkumar-11568\REPORTSautomation\ScriptVersions\Script6/SureFireReports/20201119-164031/Screenshots/
32867603 [TestNG] ERROR ./TestResults/2020_11_19_10_10_48_PM/LogFile.log  - Switching to frame Frame path did not happen within 3 seconds
Screenshot path: E:\Naveenkumar-11568\REPORTSautomation\ScriptVersions\Script6/SureFireReports/20201119-164031/Screenshots/
32874320 [TestNG] ERROR ./TestResults/2020_11_19_10_10_48_PM/LogFile.log  - Switching to frame Frame path did not happen within 3 seconds
Screenshot path: E:\Naveenkumar-11568\REPORTSautomation\ScriptVersions\Script6/SureFireReports/20201119-164031/Screenshots/
32883039 [TestNG] ERROR ./TestResults/2020_11_19_10_10_48_PM/LogFile.log  - The given window "2" is failed to open
Screenshot path: E:\Naveenkumar-11568\REPORTSautomation\ScriptVersions\Script6/SureFireReports/20201119-164031/Screenshots/
33021769 [TestNG] ERROR ./TestResults/2020_11_19_10_10_48_PM/LogFile.log  - Switching to frame Frame path did not happen within 3 seconds
Screenshot path: E:\Naveenkumar-11568\REPORTSautomation\ScriptVersions\Script6/SureFireReports/20201119-164031/Screenshots/
33032569 [TestNG] ERROR ./TestResults/2020_11_19_10_10_48_PM/LogFile.log  - Switching to frame Frame path did not happen within 3 seconds
Screenshot path: E:\Naveenkumar-11568\REPORTSautomation\ScriptVersions\Script6/SureFireReports/20201119-164031/Screenshots/
33041333 [TestNG] ERROR ./TestResults/2020_11_19_10_10_48_PM/LogFile.log  - Switching to frame Frame path did not happen within 3 seconds
Screenshot path: E:\Naveenkumar-11568\REPORTSautomation\ScriptVersions\Script6/SureFireReports/20201119-164031/Screenshots/
33050085 [TestNG] ERROR ./TestResults/2020_11_19_10_10_48_PM/LogFile.log  - Switching to frame Frame path did not happen within 3 seconds
Screenshot path: E:\Naveenkumar-11568\REPORTSautomation\ScriptVersions\Script6/SureFireReports/20201119-164031/Screenshots/
33056866 [TestNG] ERROR ./TestResults/2020_11_19_10_10_48_PM/LogFile.log  - Switching to frame Frame path did not happen within 3 seconds
Screenshot path: E:\Naveenkumar-11568\REPORTSautomation\ScriptVersions\Script6/SureFireReports/20201119-164031/Screenshots/
33063764 [TestNG] ERROR ./TestResults/2020_11_19_10_10_48_PM/LogFile.log  - Switching to frame Frame path did not happen within 3 seconds
Screenshot path: E:\Naveenkumar-11568\REPORTSautomation\ScriptVersions\Script6/SureFireReports/20201119-164031/Screenshots/
33070534 [TestNG] ERROR ./TestResults/2020_11_19_10_10_48_PM/LogFile.log  - Switching to frame Frame path did not happen within 3 seconds
Screenshot path: E:\Naveenkumar-11568\REPORTSautomation\ScriptVersions\Script6/SureFireReports/20201119-164031/Screenshots/
33077309 [TestNG] ERROR ./TestResults/2020_11_19_10_10_48_PM/LogFile.log  - Switching to frame Frame path did not happen within 3 seconds
Screenshot path: E:\Naveenkumar-11568\REPORTSautomation\ScriptVersions\Script6/SureFireReports/20201119-164031/Screenshots/
33085983 [TestNG] ERROR ./TestResults/2020_11_19_10_10_48_PM/LogFile.log  - The given window "2" is failed to open
Screenshot path: E:\Naveenkumar-11568\REPORTSautomation\ScriptVersions\Script6/SureFireReports/20201119-164031/Screenshots/
33224771 [TestNG] ERROR ./TestResults/2020_11_19_10_10_48_PM/LogFile.log  - Switching to frame Frame path did not happen within 3 seconds
Screenshot path: E:\Naveenkumar-11568\REPORTSautomation\ScriptVersions\Script6/SureFireReports/20201119-164031/Screenshots/
33235517 [TestNG] ERROR ./TestResults/2020_11_19_10_10_48_PM/LogFile.log  - Switching to frame Frame path did not happen within 3 seconds
Screenshot path: E:\Naveenkumar-11568\REPORTSautomation\ScriptVersions\Script6/SureFireReports/20201119-164031/Screenshots/
33244269 [TestNG] ERROR ./TestResults/2020_11_19_10_10_48_PM/LogFile.log  - Switching to frame Frame path did not happen within 3 seconds
Screenshot path: E:\Naveenkumar-11568\REPORTSautomation\ScriptVersions\Script6/SureFireReports/20201119-164031/Screenshots/
33253052 [TestNG] ERROR ./TestResults/2020_11_19_10_10_48_PM/LogFile.log  - Switching to frame Frame path did not happen within 3 seconds
Screenshot path: E:\Naveenkumar-11568\REPORTSautomation\ScriptVersions\Script6/SureFireReports/20201119-164031/Screenshots/
33259728 [TestNG] ERROR ./TestResults/2020_11_19_10_10_48_PM/LogFile.log  - Switching to frame Frame path did not happen within 3 seconds
Screenshot path: E:\Naveenkumar-11568\REPORTSautomation\ScriptVersions\Script6/SureFireReports/20201119-164031/Screenshots/
33266464 [TestNG] ERROR ./TestResults/2020_11_19_10_10_48_PM/LogFile.log  - Switching to frame Frame path did not happen within 3 seconds
Screenshot path: E:\Naveenkumar-11568\REPORTSautomation\ScriptVersions\Script6/SureFireReports/20201119-164031/Screenshots/
33273216 [TestNG] ERROR ./TestResults/2020_11_19_10_10_48_PM/LogFile.log  - Switching to frame Frame path did not happen within 3 seconds
Screenshot path: E:\Naveenkumar-11568\REPORTSautomation\ScriptVersions\Script6/SureFireReports/20201119-164031/Screenshots/
33279952 [TestNG] ERROR ./TestResults/2020_11_19_10_10_48_PM/LogFile.log  - Switching to frame Frame path did not happen within 3 seconds
Screenshot path: E:\Naveenkumar-11568\REPORTSautomation\ScriptVersions\Script6/SureFireReports/20201119-164031/Screenshots/
33288758 [TestNG] ERROR ./TestResults/2020_11_19_10_10_48_PM/LogFile.log  - The given window "2" is failed to open
{} doesn't contain key name -TDR_CAS_13
]]></system-out>
  </testcase>
  <testcase name="TDR_CAS_14" classname="TestCases.TestCases" time="398.43">
    <failure type="java.lang.AssertionError:">java.lang.AssertionError: null
	at TestCases.TestCases.TestEnd(TestCases.java:10774)
	at TestCases.TestCases.TDR_CAS_14(TestCases.java:1554)
</failure>
    <system-out><![CDATA[TDR_CAS_14 Started...
Screenshot path: E:\Naveenkumar-11568\REPORTSautomation\ScriptVersions\Script6/SureFireReports/20201119-164031/Screenshots/
33667932 [TestNG] ERROR ./TestResults/2020_11_19_10_10_48_PM/LogFile.log  - Exception:no such element: Unable to locate element: {"method":"css selector","selector":"a[id='reportslink']"}
  (Session info: chrome=86.0.4240.198)
  (Driver info: chromedriver=72.0.3626.69 (3c16f8a135abc0d4da2dff33804db79b849a7c38),platform=Windows NT 10.0.18362 x86_64) (WARNING: The server did not provide any stacktrace information)
Command duration or timeout: 0 milliseconds
For documentation on this error, please visit: http://seleniumhq.org/exceptions/no_such_element.html
Build info: version: '3.6.0', revision: '6fbf3ec767', time: '2017-09-27T15:28:36.4Z'
System info: host: 'XPITAX-11568', ip: '192.168.0.105', os.name: 'Windows 10', os.arch: 'amd64', os.version: '10.0', java.version: '1.8.0_191'
Driver info: org.openqa.selenium.remote.RemoteWebDriver
Capabilities [{mobileEmulationEnabled=false, timeouts={implicit=0, pageLoad=300000, script=30000}, hasTouchScreen=false, platform=XP, acceptSslCerts=false, goog:chromeOptions={debuggerAddress=localhost:51619}, acceptInsecureCerts=false, webStorageEnabled=true, browserName=chrome, takesScreenshot=true, javascriptEnabled=true, platformName=XP, setWindowRect=true, unexpectedAlertBehaviour=ignore, applicationCacheEnabled=false, rotatable=false, networkConnectionEnabled=false, chrome={chromedriverVersion=72.0.3626.69 (3c16f8a135abc0d4da2dff33804db79b849a7c38), userDataDir=C:\Users\NTHIMM~1\AppData\Local\Temp\scoped_dir4512_872}, takesHeapSnapshot=true, unhandledPromptBehavior=ignore, pageLoadStrategy=normal, databaseEnabled=false, handlesAlerts=true, version=86.0.4240.198, browserConnectionEnabled=false, proxy=Proxy(), nativeEvents=true, locationContextEnabled=true, cssSelectorsEnabled=true}]
Session ID: d7c8b9d42c2b4657e2f3c2e6a1199df7
*** Element info: {Using=css selector, value=a[id='reportslink']}
Screenshot path: E:\Naveenkumar-11568\REPORTSautomation\ScriptVersions\Script6/SureFireReports/20201119-164031/Screenshots/
33671617 [TestNG] ERROR ./TestResults/2020_11_19_10_10_48_PM/LogFile.log  - Switching to frame Frame path did not happen within 3 seconds
Screenshot path: E:\Naveenkumar-11568\REPORTSautomation\ScriptVersions\Script6/SureFireReports/20201119-164031/Screenshots/
33678421 [TestNG] ERROR ./TestResults/2020_11_19_10_10_48_PM/LogFile.log  - Switching to frame Frame path did not happen within 3 seconds
Screenshot path: E:\Naveenkumar-11568\REPORTSautomation\ScriptVersions\Script6/SureFireReports/20201119-164031/Screenshots/
33687177 [TestNG] ERROR ./TestResults/2020_11_19_10_10_48_PM/LogFile.log  - The given window "2" is failed to open
{} doesn't contain key name -TDR_CAS_14
]]></system-out>
  </testcase>
  <testcase name="TDR_CAS_15" classname="TestCases.TestCases" time="739.738">
    <failure type="java.lang.AssertionError:">java.lang.AssertionError: null
	at TestCases.TestCases.TestEnd(TestCases.java:10774)
	at TestCases.TestCases.TDR_CAS_15(TestCases.java:1570)
</failure>
    <system-out><![CDATA[TDR_CAS_15 Started...
Screenshot path: E:\Naveenkumar-11568\REPORTSautomation\ScriptVersions\Script6/SureFireReports/20201119-164031/Screenshots/
34067443 [TestNG] ERROR ./TestResults/2020_11_19_10_10_48_PM/LogFile.log  - Exception:no such element: Unable to locate element: {"method":"css selector","selector":"a[id='reportslink']"}
  (Session info: chrome=86.0.4240.198)
  (Driver info: chromedriver=72.0.3626.69 (3c16f8a135abc0d4da2dff33804db79b849a7c38),platform=Windows NT 10.0.18362 x86_64) (WARNING: The server did not provide any stacktrace information)
Command duration or timeout: 0 milliseconds
For documentation on this error, please visit: http://seleniumhq.org/exceptions/no_such_element.html
Build info: version: '3.6.0', revision: '6fbf3ec767', time: '2017-09-27T15:28:36.4Z'
System info: host: 'XPITAX-11568', ip: '192.168.0.105', os.name: 'Windows 10', os.arch: 'amd64', os.version: '10.0', java.version: '1.8.0_191'
Driver info: org.openqa.selenium.remote.RemoteWebDriver
Capabilities [{mobileEmulationEnabled=false, timeouts={implicit=0, pageLoad=300000, script=30000}, hasTouchScreen=false, platform=XP, acceptSslCerts=false, goog:chromeOptions={debuggerAddress=localhost:51619}, acceptInsecureCerts=false, webStorageEnabled=true, browserName=chrome, takesScreenshot=true, javascriptEnabled=true, platformName=XP, setWindowRect=true, unexpectedAlertBehaviour=ignore, applicationCacheEnabled=false, rotatable=false, networkConnectionEnabled=false, chrome={chromedriverVersion=72.0.3626.69 (3c16f8a135abc0d4da2dff33804db79b849a7c38), userDataDir=C:\Users\NTHIMM~1\AppData\Local\Temp\scoped_dir4512_872}, takesHeapSnapshot=true, unhandledPromptBehavior=ignore, pageLoadStrategy=normal, databaseEnabled=false, handlesAlerts=true, version=86.0.4240.198, browserConnectionEnabled=false, proxy=Proxy(), nativeEvents=true, locationContextEnabled=true, cssSelectorsEnabled=true}]
Session ID: d7c8b9d42c2b4657e2f3c2e6a1199df7
*** Element info: {Using=css selector, value=a[id='reportslink']}
Screenshot path: E:\Naveenkumar-11568\REPORTSautomation\ScriptVersions\Script6/SureFireReports/20201119-164031/Screenshots/
34071096 [TestNG] ERROR ./TestResults/2020_11_19_10_10_48_PM/LogFile.log  - Switching to frame Frame path did not happen within 3 seconds
Screenshot path: E:\Naveenkumar-11568\REPORTSautomation\ScriptVersions\Script6/SureFireReports/20201119-164031/Screenshots/
34077786 [TestNG] ERROR ./TestResults/2020_11_19_10_10_48_PM/LogFile.log  - Switching to frame Frame path did not happen within 3 seconds
Screenshot path: E:\Naveenkumar-11568\REPORTSautomation\ScriptVersions\Script6/SureFireReports/20201119-164031/Screenshots/
34086420 [TestNG] ERROR ./TestResults/2020_11_19_10_10_48_PM/LogFile.log  - The given window "2" is failed to open
{} doesn't contain key name -TDR_CAS_15
]]></system-out>
  </testcase>
  <testcase name="TDR_CAS_16" classname="TestCases.TestCases" time="1,081.173">
    <failure type="java.lang.AssertionError:">java.lang.AssertionError: null
	at TestCases.TestCases.TestEnd(TestCases.java:10774)
	at TestCases.TestCases.TDR_CAS_16(TestCases.java:1585)
</failure>
    <system-out><![CDATA[TDR_CAS_16 Started...
Screenshot path: E:\Naveenkumar-11568\REPORTSautomation\ScriptVersions\Script6/SureFireReports/20201119-164031/Screenshots/
34807844 [TestNG] ERROR ./TestResults/2020_11_19_10_10_48_PM/LogFile.log  - Exception:no such element: Unable to locate element: {"method":"css selector","selector":"a[id='reportslink']"}
  (Session info: chrome=86.0.4240.198)
  (Driver info: chromedriver=72.0.3626.69 (3c16f8a135abc0d4da2dff33804db79b849a7c38),platform=Windows NT 10.0.18362 x86_64) (WARNING: The server did not provide any stacktrace information)
Command duration or timeout: 0 milliseconds
For documentation on this error, please visit: http://seleniumhq.org/exceptions/no_such_element.html
Build info: version: '3.6.0', revision: '6fbf3ec767', time: '2017-09-27T15:28:36.4Z'
System info: host: 'XPITAX-11568', ip: '192.168.0.105', os.name: 'Windows 10', os.arch: 'amd64', os.version: '10.0', java.version: '1.8.0_191'
Driver info: org.openqa.selenium.remote.RemoteWebDriver
Capabilities [{mobileEmulationEnabled=false, timeouts={implicit=0, pageLoad=300000, script=30000}, hasTouchScreen=false, platform=XP, acceptSslCerts=false, goog:chromeOptions={debuggerAddress=localhost:51619}, acceptInsecureCerts=false, webStorageEnabled=true, browserName=chrome, takesScreenshot=true, javascriptEnabled=true, platformName=XP, setWindowRect=true, unexpectedAlertBehaviour=ignore, applicationCacheEnabled=false, rotatable=false, networkConnectionEnabled=false, chrome={chromedriverVersion=72.0.3626.69 (3c16f8a135abc0d4da2dff33804db79b849a7c38), userDataDir=C:\Users\NTHIMM~1\AppData\Local\Temp\scoped_dir4512_872}, takesHeapSnapshot=true, unhandledPromptBehavior=ignore, pageLoadStrategy=normal, databaseEnabled=false, handlesAlerts=true, version=86.0.4240.198, browserConnectionEnabled=false, proxy=Proxy(), nativeEvents=true, locationContextEnabled=true, cssSelectorsEnabled=true}]
Session ID: d7c8b9d42c2b4657e2f3c2e6a1199df7
*** Element info: {Using=css selector, value=a[id='reportslink']}
Screenshot path: E:\Naveenkumar-11568\REPORTSautomation\ScriptVersions\Script6/SureFireReports/20201119-164031/Screenshots/
34811504 [TestNG] ERROR ./TestResults/2020_11_19_10_10_48_PM/LogFile.log  - Switching to frame Frame path did not happen within 3 seconds
Screenshot path: E:\Naveenkumar-11568\REPORTSautomation\ScriptVersions\Script6/SureFireReports/20201119-164031/Screenshots/
34818332 [TestNG] ERROR ./TestResults/2020_11_19_10_10_48_PM/LogFile.log  - Switching to frame Frame path did not happen within 3 seconds
Screenshot path: E:\Naveenkumar-11568\REPORTSautomation\ScriptVersions\Script6/SureFireReports/20201119-164031/Screenshots/
34827007 [TestNG] ERROR ./TestResults/2020_11_19_10_10_48_PM/LogFile.log  - The given window "2" is failed to open
{} doesn't contain key name -TDR_CAS_16
]]></system-out>
  </testcase>
  <testcase name="TC_Logout" classname="TestCases.TestCases" time="123.03">
    <failure type="java.lang.AssertionError:">java.lang.AssertionError: null
	at TestCases.TestCases.TestEnd(TestCases.java:10774)
	at TestCases.TestCases.TC_Logout(TestCases.java:10766)
</failure>
    <system-out><![CDATA[TC_Logout Started...
Screenshot path: E:\Naveenkumar-11568\REPORTSautomation\ScriptVersions\Script6/SureFireReports/20201119-164031/Screenshots/
35766210 [TestNG] ERROR ./TestResults/2020_11_19_10_10_48_PM/LogFile.log  - Profile link failed to display in Home page
{} doesn't contain key name -TC_Logout
]]></system-out>
  </testcase>
</testsuite>