-------------------------------------------------------------------------------
Test set: TestSuite
-------------------------------------------------------------------------------
Tests run: 4, Failures: 1, Errors: 0, Skipped: 0, Time elapsed: 388.998 s <<< FAILURE! - in TestSuite
TDR_SBS_001(TestCases.TestCases)  Time elapsed: 202.188 s  <<< FAILURE!
java.lang.AssertionError: null
	at TestCases.TestCases.TestEnd(TestCases.java:10774)
	at TestCases.TestCases.TDR_SBS_001(TestCases.java:2147)

