<?xml version="1.0" encoding="UTF-8"?>
<testsuite xmlns:xsi="http://www.w3.org/2001/XMLSchema-instance" xsi:noNamespaceSchemaLocation="https://maven.apache.org/surefire/maven-surefire-plugin/xsd/surefire-test-report-3.0.xsd" version="3.0" name="TestSuite" time="7,230.804" tests="43" errors="0" skipped="0" failures="5">
  <properties>
[...]
</properties>
  <testcase name="TC_Login" classname="TestCases.TestCases" time="6.515"/>
  <testcase name="UR_IPA_01" classname="TestCases.TestCases" time="117.158">
    <failure type="java.lang.AssertionError:">java.lang.AssertionError: null
	at TestCases.TestCases.TestEnd(TestCases.java:10774)
	at TestCases.TestCases.UR_IPA_01(TestCases.java:150)
</failure>
    <system-out><![CDATA[UR_IPA_01 Started...
Screenshot path: E:\Naveenkumar-11568\REPORTSautomation\ScriptVersions\Script6/SureFireReports/20201104-163716/Screenshots/
105991 [TestNG] ERROR ./TestResults/2020_11_04_10_07_29_PM/LogFile.log  - Switching to frame Frame path did not happen within 30 seconds
Screenshot path: E:\Naveenkumar-11568\REPORTSautomation\ScriptVersions\Script6/SureFireReports/20201104-163716/Screenshots/
112446 [TestNG] ERROR ./TestResults/2020_11_04_10_07_29_PM/LogFile.log  - Switching to frame Frame path did not happen within 3 seconds
Screenshot path: E:\Naveenkumar-11568\REPORTSautomation\ScriptVersions\Script6/SureFireReports/20201104-163716/Screenshots/
112834 [TestNG] ERROR ./TestResults/2020_11_04_10_07_29_PM/LogFile.log  - Not able to find Run Report
Screenshot path: E:\Naveenkumar-11568\REPORTSautomation\ScriptVersions\Script6/SureFireReports/20201104-163716/Screenshots/
118213 [TestNG] ERROR ./TestResults/2020_11_04_10_07_29_PM/LogFile.log  - The given window "2" is failed to open
Screenshot path: E:\Naveenkumar-11568\REPORTSautomation\ScriptVersions\Script6/SureFireReports/20201104-163716/Screenshots/
128756 [TestNG] ERROR ./TestResults/2020_11_04_10_07_29_PM/LogFile.log  - Issues/Points - AllReport not generated -Issue in the Report.
{} doesn't contain key name -UR_IPA_01
]]></system-out>
  </testcase>
  <testcase name="UR_IPO_01" classname="TestCases.TestCases" time="229.882">
    <failure type="java.lang.AssertionError:">java.lang.AssertionError: null
	at TestCases.TestCases.TestEnd(TestCases.java:10774)
	at TestCases.TestCases.UR_IPO_01(TestCases.java:3532)
</failure>
    <system-out><![CDATA[UR_IPO_01 Started...
Screenshot path: E:\Naveenkumar-11568\REPORTSautomation\ScriptVersions\Script6/SureFireReports/20201104-163716/Screenshots/
358592 [TestNG] ERROR ./TestResults/2020_11_04_10_07_29_PM/LogFile.log  - Issues/Points - OpenReport not generated -Issue in the Report.
{} doesn't contain key name -UR_IPO_01
]]></system-out>
  </testcase>
  <testcase name="UR_CLS_01" classname="TestCases.TestCases" time="160.449"/>
  <testcase name="UR_CLD_01" classname="TestCases.TestCases" time="161.368"/>
  <testcase name="UR_MCT_01" classname="TestCases.TestCases" time="281.198">
    <failure type="java.lang.AssertionError:">java.lang.AssertionError: null
	at TestCases.TestCases.TestEnd(TestCases.java:10774)
	at TestCases.TestCases.UR_MCT_01(TestCases.java:3813)
</failure>
    <system-out><![CDATA[UR_MCT_01 Started...
Screenshot path: E:\Naveenkumar-11568\REPORTSautomation\ScriptVersions\Script6/SureFireReports/20201104-163716/Screenshots/
826302 [TestNG] ERROR ./TestResults/2020_11_04_10_07_29_PM/LogFile.log  - Not able to find Run Report
Screenshot path: E:\Naveenkumar-11568\REPORTSautomation\ScriptVersions\Script6/SureFireReports/20201104-163716/Screenshots/
831658 [TestNG] ERROR ./TestResults/2020_11_04_10_07_29_PM/LogFile.log  - The given window "2" is failed to open
{} doesn't contain key name -UR_MCT_01
]]></system-out>
  </testcase>
  <testcase name="UR_TIM_01" classname="TestCases.TestCases" time="159.981"/>
  <testcase name="DDR_BD_01" classname="TestCases.TestCases" time="162.192"/>
  <testcase name="DDR_BDDF_01" classname="TestCases.TestCases" time="160.359"/>
  <testcase name="DDR_BDDS_01" classname="TestCases.TestCases" time="162.532"/>
  <testcase name="DDR_EXT_01" classname="TestCases.TestCases" time="160.622"/>
  <testcase name="DDR_SDF_01" classname="TestCases.TestCases" time="160.388"/>
  <testcase name="DDR_SUM_01" classname="TestCases.TestCases" time="161.228"/>
  <testcase name="TDR_CAS_01" classname="TestCases.TestCases" time="161.363"/>
  <testcase name="TDR_DET_01" classname="TestCases.TestCases" time="162.567"/>
  <testcase name="TDR_EFS_01" classname="TestCases.TestCases" time="159.772"/>
  <testcase name="TDR_OUT_01" classname="TestCases.TestCases" time="159.665"/>
  <testcase name="TDR_SBCE_001" classname="TestCases.TestCases" time="159.962"/>
  <testcase name="TDR_SBS_001" classname="TestCases.TestCases" time="275.142">
    <failure type="java.lang.AssertionError:">java.lang.AssertionError: null
	at TestCases.TestCases.TestEnd(TestCases.java:10774)
	at TestCases.TestCases.TDR_SBS_001(TestCases.java:2147)
</failure>
    <system-out><![CDATA[TDR_SBS_001 Started...
Screenshot path: E:\Naveenkumar-11568\REPORTSautomation\ScriptVersions\Script6/SureFireReports/20201104-163716/Screenshots/
3037390 [TestNG] ERROR ./TestResults/2020_11_04_10_07_29_PM/LogFile.log  - The given window "2" is failed to open
{} doesn't contain key name -TDR_SBS_001
]]></system-out>
  </testcase>
  <testcase name="TDR_SBD_01" classname="TestCases.TestCases" time="160.243"/>
  <testcase name="TDR_TTC_01" classname="TestCases.TestCases" time="281.739">
    <failure type="java.lang.AssertionError:">java.lang.AssertionError: null
	at TestCases.TestCases.TestEnd(TestCases.java:10774)
	at TestCases.TestCases.TDR_TTC_01(TestCases.java:3262)
</failure>
    <system-out><![CDATA[TDR_TTC_01 Started...
Screenshot path: E:\Naveenkumar-11568\REPORTSautomation\ScriptVersions\Script6/SureFireReports/20201104-163716/Screenshots/
3474034 [TestNG] ERROR ./TestResults/2020_11_04_10_07_29_PM/LogFile.log  - Not able to find Run Report
Screenshot path: E:\Naveenkumar-11568\REPORTSautomation\ScriptVersions\Script6/SureFireReports/20201104-163716/Screenshots/
3479436 [TestNG] ERROR ./TestResults/2020_11_04_10_07_29_PM/LogFile.log  - The given window "2" is failed to open
{} doesn't contain key name -TDR_TTC_01
]]></system-out>
  </testcase>
  <testcase name="TDR_TSA_01" classname="TestCases.TestCases" time="161.858"/>
  <testcase name="TDR_BA_01" classname="TestCases.TestCases" time="212.661"/>
  <testcase name="TDR_EA_01" classname="TestCases.TestCases" time="210.03"/>
  <testcase name="TDR_BS_01" classname="TestCases.TestCases" time="303.742"/>
  <testcase name="SR_UW_01" classname="TestCases.TestCases" time="110.719"/>
  <testcase name="SR_BUD_01" classname="TestCases.TestCases" time="160.391"/>
  <testcase name="SR_TTT_01" classname="TestCases.TestCases" time="160.154"/>
  <testcase name="SR_TBS_01" classname="TestCases.TestCases" time="160.941"/>
  <testcase name="CR_ED_01" classname="TestCases.TestCases" time="161.111"/>
  <testcase name="CR_EDTL_01" classname="TestCases.TestCases" time="161.906"/>
  <testcase name="CR_ESR_01" classname="TestCases.TestCases" time="163.693"/>
  <testcase name="CR_SO_01" classname="TestCases.TestCases" time="162.391"/>
  <testcase name="CR_SOD_01" classname="TestCases.TestCases" time="160.357"/>
  <testcase name="AR_CED_01" classname="TestCases.TestCases" time="161.289"/>
  <testcase name="AR_GD_01" classname="TestCases.TestCases" time="161.362"/>
  <testcase name="AR_OB_01" classname="TestCases.TestCases" time="160.954"/>
  <testcase name="AR_RT_01" classname="TestCases.TestCases" time="160.119"/>
  <testcase name="AR_SA_01" classname="TestCases.TestCases" time="173.334"/>
  <testcase name="AR_UD_01" classname="TestCases.TestCases" time="165.565"/>
  <testcase name="AR_WSM_01" classname="TestCases.TestCases" time="160.089"/>
  <testcase name="AR_YTCR_01" classname="TestCases.TestCases" time="172.089"/>
  <testcase name="TC_Logout" classname="TestCases.TestCases" time="1.596"/>
</testsuite>