<?xml version="1.0" encoding="UTF-8"?>
<testng-results skipped="0" failed="4" ignored="617" total="660" passed="39">
  <reporter-output>
    <line>
      <![CDATA[<font color='green'>Open Browser : chrome</font>]]>
    </line>
    <line>
      <![CDATA[<font color='green'>Navigate to : https://qat.xcmsolutions.com/xcmv2</font>]]>
    </line>
    <line>
      <![CDATA[<font color='blue'>################################DataSet: 1################################</font>]]>
    </line>
    <line>
      <![CDATA[<font color='blue'>Server Details : BLR-QA-FE-1</font>]]>
    </line>
    <line>
      <![CDATA[<font color='green'>Type '117web@xcmsolutions.com' in : Username </font>]]>
    </line>
    <line>
      <![CDATA[<font color='green'>Type 'Xpitax@789' in : Password </font>]]>
    </line>
    <line>
      <![CDATA[<font color='green'>Click on: Login button </font>]]>
    </line>
    <line>
      <![CDATA[<font color='green'>Home page is displayed</font>]]>
    </line>
    <line>
      <![CDATA[<font color='blue'>################################DataSet: 1################################</font>]]>
    </line>
    <line>
      <![CDATA[<font color='blue'>Reports page is displayed successfully</font>]]>
    </line>
    <line>
      <![CDATA[<font color='green'>Click on: Reports tab </font>]]>
    </line>
    <line>
      <![CDATA[<font color='green'>The page  loaded successfully</font>]]>
    </line>
    <line>
      <![CDATA[<font color='blue'>Issues & Points - All Report link is clicked Successfully</font>]]>
    </line>
    <line>
      <![CDATA[<a href='Screenshots/TestFailure1.png'><font color='red'>Not able to find Run Report</font> </a>]]>
    </line>
    <line>
      <![CDATA[<a href='Screenshots/TestFailure2.png'><font color='red'>The given window "2" is failed to open</font> </a>]]>
    </line>
    <line>
      <![CDATA[<font color='blue'>################################DataSet: 1################################</font>]]>
    </line>
    <line>
      <![CDATA[<font color='blue'>Reports page is displayed successfully</font>]]>
    </line>
    <line>
      <![CDATA[<font color='green'>Click on: Reports tab </font>]]>
    </line>
    <line>
      <![CDATA[<font color='green'>The page  loaded successfully</font>]]>
    </line>
    <line>
      <![CDATA[<font color='blue'>Issues & Points - Open Report link is clicked Successfully</font>]]>
    </line>
    <line>
      <![CDATA[<font color='green'>"Run Report" button is clicked Successfully.</font>]]>
    </line>
    <line>
      <![CDATA[<font color='green'>"Run Report" button is present in Reports page.</font>]]>
    </line>
    <line>
      <![CDATA[<font color='green'>The page  loaded successfully</font>]]>
    </line>
    <line>
      <![CDATA[<font color='green'>Issues/Points - Open Report Window has opened Successfully.</font>]]>
    </line>
    <line>
      <![CDATA[<font color='blue'>################################DataSet: 1################################</font>]]>
    </line>
    <line>
      <![CDATA[<font color='blue'>Reports page is displayed successfully</font>]]>
    </line>
    <line>
      <![CDATA[<font color='green'>Click on: Reports tab </font>]]>
    </line>
    <line>
      <![CDATA[<font color='green'>The page  loaded successfully</font>]]>
    </line>
    <line>
      <![CDATA[<font color='blue'>CheckList Status Report link is clicked Successfully</font>]]>
    </line>
    <line>
      <![CDATA[<font color='green'>"Run Report" button is clicked Successfully.</font>]]>
    </line>
    <line>
      <![CDATA[<font color='green'>"Run Report" button is present in Reports page.</font>]]>
    </line>
    <line>
      <![CDATA[<font color='green'>The page  loaded successfully</font>]]>
    </line>
    <line>
      <![CDATA[<font color='green'>Checklist Report Report Window has opened Successfully.</font>]]>
    </line>
    <line>
      <![CDATA[<font color='blue'>################################DataSet: 1################################</font>]]>
    </line>
    <line>
      <![CDATA[<font color='blue'>Reports page is displayed successfully</font>]]>
    </line>
    <line>
      <![CDATA[<font color='green'>Click on: Reports tab </font>]]>
    </line>
    <line>
      <![CDATA[<font color='green'>The page  loaded successfully</font>]]>
    </line>
    <line>
      <![CDATA[<font color='blue'>CheckList Details Report link is clicked Successfully</font>]]>
    </line>
    <line>
      <![CDATA[<font color='green'>"Run Report" button is clicked Successfully.</font>]]>
    </line>
    <line>
      <![CDATA[<font color='green'>"Run Report" button is present in Reports page.</font>]]>
    </line>
    <line>
      <![CDATA[<font color='green'>The page  loaded successfully</font>]]>
    </line>
    <line>
      <![CDATA[<font color='green'>CheckList Details Report Window has opened Successfully.</font>]]>
    </line>
    <line>
      <![CDATA[<font color='blue'>################################DataSet: 1################################</font>]]>
    </line>
    <line>
      <![CDATA[<font color='blue'>Reports page is displayed successfully</font>]]>
    </line>
    <line>
      <![CDATA[<font color='green'>Click on: Reports tab </font>]]>
    </line>
    <line>
      <![CDATA[<font color='green'>The page  loaded successfully</font>]]>
    </line>
    <line>
      <![CDATA[<font color='blue'>My Clients/Entities - Tasks Report link is clicked Successfully</font>]]>
    </line>
    <line>
      <![CDATA[<font color='green'>"Run Report" button is clicked Successfully.</font>]]>
    </line>
    <line>
      <![CDATA[<font color='green'>"Run Report" button is present in Reports page.</font>]]>
    </line>
    <line>
      <![CDATA[<font color='green'>The page  loaded successfully</font>]]>
    </line>
    <line>
      <![CDATA[<font color='green'>My Clients - Tasks Report Window has opened Successfully.</font>]]>
    </line>
    <line>
      <![CDATA[<font color='blue'>################################DataSet: 1################################</font>]]>
    </line>
    <line>
      <![CDATA[<font color='blue'>Reports page is displayed successfully</font>]]>
    </line>
    <line>
      <![CDATA[<font color='green'>Click on: Reports tab </font>]]>
    </line>
    <line>
      <![CDATA[<font color='green'>The page  loaded successfully</font>]]>
    </line>
    <line>
      <![CDATA[<font color='blue'>Tasks I Moved Report link is clicked Successfully</font>]]>
    </line>
    <line>
      <![CDATA[<font color='green'>"Run Report" button is clicked Successfully.</font>]]>
    </line>
    <line>
      <![CDATA[<font color='green'>"Run Report" button is present in Reports page.</font>]]>
    </line>
    <line>
      <![CDATA[<font color='green'>The page  loaded successfully</font>]]>
    </line>
    <line>
      <![CDATA[<font color='green'>Tasks I Moved by Date Report Window has opened Successfully.</font>]]>
    </line>
    <line>
      <![CDATA[<font color='blue'>################################DataSet: 1################################</font>]]>
    </line>
    <line>
      <![CDATA[<font color='blue'>Reports page is displayed successfully</font>]]>
    </line>
    <line>
      <![CDATA[<font color='green'>Click on: Reports tab </font>]]>
    </line>
    <line>
      <![CDATA[<font color='green'>The page  loaded successfully</font>]]>
    </line>
    <line>
      <![CDATA[<font color='blue'>By Deliverables Report link is clicked Successfully</font>]]>
    </line>
    <line>
      <![CDATA[<font color='green'>"Run Report" button is clicked Successfully.</font>]]>
    </line>
    <line>
      <![CDATA[<font color='green'>"Run Report" button is present in Reports page.</font>]]>
    </line>
    <line>
      <![CDATA[<font color='green'>The page  loaded successfully</font>]]>
    </line>
    <line>
      <![CDATA[<font color='green'>Due Date - Jurisdictions Report Window has opened Successfully.</font>]]>
    </line>
    <line>
      <![CDATA[<font color='blue'>################################DataSet: 1################################</font>]]>
    </line>
    <line>
      <![CDATA[<font color='blue'>Reports page is displayed successfully</font>]]>
    </line>
    <line>
      <![CDATA[<font color='green'>Click on: Reports tab </font>]]>
    </line>
    <line>
      <![CDATA[<font color='green'>The page  loaded successfully</font>]]>
    </line>
    <line>
      <![CDATA[<font color='blue'>By Deliverables - Distributable Format Report link is clicked Successfully</font>]]>
    </line>
    <line>
      <![CDATA[<font color='green'>"Run Report" button is clicked Successfully.</font>]]>
    </line>
    <line>
      <![CDATA[<font color='green'>"Run Report" button is present in Reports page.</font>]]>
    </line>
    <line>
      <![CDATA[<font color='green'>The page  loaded successfully</font>]]>
    </line>
    <line>
      <![CDATA[<font color='green'>Custom Jurisdiction Report Report Window has opened Successfully.</font>]]>
    </line>
    <line>
      <![CDATA[<font color='blue'>################################DataSet: 1################################</font>]]>
    </line>
    <line>
      <![CDATA[<font color='blue'>Reports page is displayed successfully</font>]]>
    </line>
    <line>
      <![CDATA[<font color='green'>Click on: Reports tab </font>]]>
    </line>
    <line>
      <![CDATA[<font color='green'>The page  loaded successfully</font>]]>
    </line>
    <line>
      <![CDATA[<font color='blue'>Billing - Due Date Summary with Deliverable Count Report link is clicked Successfully</font>]]>
    </line>
    <line>
      <![CDATA[<font color='green'>"Run Report" button is clicked Successfully.</font>]]>
    </line>
    <line>
      <![CDATA[<font color='green'>"Run Report" button is present in Reports page.</font>]]>
    </line>
    <line>
      <![CDATA[<font color='green'>The page  loaded successfully</font>]]>
    </line>
    <line>
      <![CDATA[<font color='green'>Billing - Due Date Summary with Jurisdiction Count Report Window has opened Successfully.</font>]]>
    </line>
    <line>
      <![CDATA[<font color='blue'>################################DataSet: 1################################</font>]]>
    </line>
    <line>
      <![CDATA[<font color='blue'>Reports page is displayed successfully</font>]]>
    </line>
    <line>
      <![CDATA[<font color='green'>Click on: Reports tab </font>]]>
    </line>
    <line>
      <![CDATA[<font color='green'>The page  loaded successfully</font>]]>
    </line>
    <line>
      <![CDATA[<font color='blue'>Extension Report link is clicked Successfully</font>]]>
    </line>
    <line>
      <![CDATA[<a href='Screenshots/TestFailure3.png'><font color='red'>Not able to find Run Report</font> </a>]]>
    </line>
    <line>
      <![CDATA[<a href='Screenshots/TestFailure4.png'><font color='red'>The given window "2" is failed to open</font> </a>]]>
    </line>
    <line>
      <![CDATA[<font color='blue'>################################DataSet: 1################################</font>]]>
    </line>
    <line>
      <![CDATA[<font color='blue'>Reports page is displayed successfully</font>]]>
    </line>
    <line>
      <![CDATA[<font color='green'>Click on: Reports tab </font>]]>
    </line>
    <line>
      <![CDATA[<font color='green'>The page  loaded successfully</font>]]>
    </line>
    <line>
      <![CDATA[<font color='blue'>Summary - Distributable Format Report link is clicked Successfully</font>]]>
    </line>
    <line>
      <![CDATA[<font color='green'>"Run Report" button is clicked Successfully.</font>]]>
    </line>
    <line>
      <![CDATA[<font color='green'>"Run Report" button is present in Reports page.</font>]]>
    </line>
    <line>
      <![CDATA[<font color='green'>The page  loaded successfully</font>]]>
    </line>
    <line>
      <![CDATA[<font color='green'>Custom Summary Report Report Window has opened Successfully.</font>]]>
    </line>
    <line>
      <![CDATA[<font color='blue'>################################DataSet: 1################################</font>]]>
    </line>
    <line>
      <![CDATA[<font color='blue'>Reports page is displayed successfully</font>]]>
    </line>
    <line>
      <![CDATA[<font color='green'>Click on: Reports tab </font>]]>
    </line>
    <line>
      <![CDATA[<font color='green'>The page  loaded successfully</font>]]>
    </line>
    <line>
      <![CDATA[<font color='blue'>Summary Report link is clicked Successfully</font>]]>
    </line>
    <line>
      <![CDATA[<font color='green'>"Run Report" button is clicked Successfully.</font>]]>
    </line>
    <line>
      <![CDATA[<font color='green'>"Run Report" button is present in Reports page.</font>]]>
    </line>
    <line>
      <![CDATA[<font color='green'>The page  loaded successfully</font>]]>
    </line>
    <line>
      <![CDATA[<font color='green'>Due Date - Summary Report Window has opened Successfully.</font>]]>
    </line>
    <line>
      <![CDATA[<font color='blue'>################################DataSet: 1################################</font>]]>
    </line>
    <line>
      <![CDATA[<font color='blue'>Reports page is displayed successfully</font>]]>
    </line>
    <line>
      <![CDATA[<font color='green'>Click on: Reports tab </font>]]>
    </line>
    <line>
      <![CDATA[<font color='green'>The page  loaded successfully</font>]]>
    </line>
    <line>
      <![CDATA[<font color='blue'>Combined Assembly and Shipping Report link is clicked Successfully</font>]]>
    </line>
    <line>
      <![CDATA[<font color='green'>"Run Report" button is clicked Successfully.</font>]]>
    </line>
    <line>
      <![CDATA[<font color='green'>"Run Report" button is present in Reports page.</font>]]>
    </line>
    <line>
      <![CDATA[<font color='green'>The page  loaded successfully</font>]]>
    </line>
    <line>
      <![CDATA[<font color='green'>Assembly and Shipping Report Report Window has opened Successfully.</font>]]>
    </line>
    <line>
      <![CDATA[<font color='blue'>################################DataSet: 1################################</font>]]>
    </line>
    <line>
      <![CDATA[<font color='blue'>Reports page is displayed successfully</font>]]>
    </line>
    <line>
      <![CDATA[<font color='green'>Click on: Reports tab </font>]]>
    </line>
    <line>
      <![CDATA[<font color='green'>The page  loaded successfully</font>]]>
    </line>
    <line>
      <![CDATA[<font color='blue'>Detailed Report link is clicked Successfully</font>]]>
    </line>
    <line>
      <![CDATA[<font color='green'>"Run Report" button is clicked Successfully.</font>]]>
    </line>
    <line>
      <![CDATA[<font color='green'>"Run Report" button is present in Reports page.</font>]]>
    </line>
    <line>
      <![CDATA[<font color='green'>The page  loaded successfully</font>]]>
    </line>
    <line>
      <![CDATA[<font color='green'>Task Details - Large Report Window has opened Successfully.</font>]]>
    </line>
    <line>
      <![CDATA[<font color='blue'>################################DataSet: 1################################</font>]]>
    </line>
    <line>
      <![CDATA[<font color='blue'>Reports page is displayed successfully</font>]]>
    </line>
    <line>
      <![CDATA[<font color='green'>Click on: Reports tab </font>]]>
    </line>
    <line>
      <![CDATA[<font color='green'>The page  loaded successfully</font>]]>
    </line>
    <line>
      <![CDATA[<font color='blue'>eFile Status Report link is clicked Successfully</font>]]>
    </line>
    <line>
      <![CDATA[<font color='green'>"Run Report" button is clicked Successfully.</font>]]>
    </line>
    <line>
      <![CDATA[<font color='green'>"Run Report" button is present in Reports page.</font>]]>
    </line>
    <line>
      <![CDATA[<font color='green'>The page  loaded successfully</font>]]>
    </line>
    <line>
      <![CDATA[<font color='green'>Task Details - eFile Status Report Window has opened Successfully.</font>]]>
    </line>
    <line>
      <![CDATA[<font color='blue'>################################DataSet: 1################################</font>]]>
    </line>
    <line>
      <![CDATA[<font color='blue'>Reports page is displayed successfully</font>]]>
    </line>
    <line>
      <![CDATA[<font color='green'>Click on: Reports tab </font>]]>
    </line>
    <line>
      <![CDATA[<font color='green'>The page  loaded successfully</font>]]>
    </line>
    <line>
      <![CDATA[<font color='blue'>Outsourced Report link is clicked Successfully</font>]]>
    </line>
    <line>
      <![CDATA[<font color='green'>"Run Report" button is clicked Successfully.</font>]]>
    </line>
    <line>
      <![CDATA[<font color='green'>"Run Report" button is present in Reports page.</font>]]>
    </line>
    <line>
      <![CDATA[<font color='green'>The page  loaded successfully</font>]]>
    </line>
    <line>
      <![CDATA[<font color='green'>Task Details - Outsourced Report Window has opened Successfully.</font>]]>
    </line>
    <line>
      <![CDATA[<font color='blue'>################################DataSet: 1################################</font>]]>
    </line>
    <line>
      <![CDATA[<font color='blue'>Reports page is displayed successfully</font>]]>
    </line>
    <line>
      <![CDATA[<font color='green'>Click on: Reports tab </font>]]>
    </line>
    <line>
      <![CDATA[<font color='green'>The page  loaded successfully</font>]]>
    </line>
    <line>
      <![CDATA[<font color='blue'>Search By Client/Entity Report link is clicked Successfully</font>]]>
    </line>
    <line>
      <![CDATA[<font color='green'>"Run Report" button is clicked Successfully.</font>]]>
    </line>
    <line>
      <![CDATA[<font color='green'>"Run Report" button is present in Reports page.</font>]]>
    </line>
    <line>
      <![CDATA[<font color='green'>The page  loaded successfully</font>]]>
    </line>
    <line>
      <![CDATA[<font color='green'>Task Details - By Client Report Window has opened Successfully.</font>]]>
    </line>
    <line>
      <![CDATA[<font color='blue'>################################DataSet: 1################################</font>]]>
    </line>
    <line>
      <![CDATA[<font color='blue'>Reports page is displayed successfully</font>]]>
    </line>
    <line>
      <![CDATA[<font color='green'>Click on: Reports tab </font>]]>
    </line>
    <line>
      <![CDATA[<font color='green'>The page  loaded successfully</font>]]>
    </line>
    <line>
      <![CDATA[<font color='blue'>Search By Status Report link is clicked Successfully</font>]]>
    </line>
    <line>
      <![CDATA[<font color='green'>"" button is clicked Successfully.</font>]]>
    </line>
    <line>
      <![CDATA[<font color='green'>"" button is present in Reports page.</font>]]>
    </line>
    <line>
      <![CDATA[<font color='green'>The page  loaded successfully</font>]]>
    </line>
    <line>
      <![CDATA[<a href='Screenshots/TestFailure5.png'><font color='red'>The given window "2" is failed to open</font> </a>]]>
    </line>
    <line>
      <![CDATA[<font color='blue'>################################DataSet: 1################################</font>]]>
    </line>
    <line>
      <![CDATA[<font color='blue'>Reports page is displayed successfully</font>]]>
    </line>
    <line>
      <![CDATA[<font color='green'>Click on: Reports tab </font>]]>
    </line>
    <line>
      <![CDATA[<font color='green'>The page  loaded successfully</font>]]>
    </line>
    <line>
      <![CDATA[<font color='blue'>Search By Date Report link is clicked Successfully</font>]]>
    </line>
    <line>
      <![CDATA[<font color='green'>"Run Report" button is clicked Successfully.</font>]]>
    </line>
    <line>
      <![CDATA[<font color='green'>"Run Report" button is present in Reports page.</font>]]>
    </line>
    <line>
      <![CDATA[<font color='green'>The page  loaded successfully</font>]]>
    </line>
    <line>
      <![CDATA[<font color='green'>Task Details - By Date Report Window has opened Successfully.</font>]]>
    </line>
    <line>
      <![CDATA[<font color='blue'>################################DataSet: 1################################</font>]]>
    </line>
    <line>
      <![CDATA[<font color='blue'>Reports page is displayed successfully</font>]]>
    </line>
    <line>
      <![CDATA[<font color='green'>Click on: Reports tab </font>]]>
    </line>
    <line>
      <![CDATA[<font color='green'>The page  loaded successfully</font>]]>
    </line>
    <line>
      <![CDATA[<font color='blue'>Time Taken To Complete Report link is clicked Successfully</font>]]>
    </line>
    <line>
      <![CDATA[<font color='green'>"Run Report" button is clicked Successfully.</font>]]>
    </line>
    <line>
      <![CDATA[<font color='green'>"Run Report" button is present in Reports page.</font>]]>
    </line>
    <line>
      <![CDATA[<font color='green'>The page  loaded successfully</font>]]>
    </line>
    <line>
      <![CDATA[<font color='green'>Task Details - Time Taken to Complete Report Window has opened Successfully.</font>]]>
    </line>
    <line>
      <![CDATA[<font color='blue'>################################DataSet: 1################################</font>]]>
    </line>
    <line>
      <![CDATA[<font color='blue'>Reports page is displayed successfully</font>]]>
    </line>
    <line>
      <![CDATA[<font color='green'>Click on: Reports tab </font>]]>
    </line>
    <line>
      <![CDATA[<font color='green'>The page  loaded successfully</font>]]>
    </line>
    <line>
      <![CDATA[<font color='blue'>Task Status Aging Report link is clicked Successfully</font>]]>
    </line>
    <line>
      <![CDATA[<font color='green'>"Run Report" button is clicked Successfully.</font>]]>
    </line>
    <line>
      <![CDATA[<font color='green'>"Run Report" button is present in Reports page.</font>]]>
    </line>
    <line>
      <![CDATA[<font color='green'>The page  loaded successfully</font>]]>
    </line>
    <line>
      <![CDATA[<font color='green'>Task Status Aging Report Report Window has opened Successfully.</font>]]>
    </line>
    <line>
      <![CDATA[<font color='blue'>################################DataSet: 1################################</font>]]>
    </line>
    <line>
      <![CDATA[<font color='green'>Utilites icon is successfully clicked.</font>]]>
    </line>
    <line>
      <![CDATA[<font color='green'>Click on: Utilities button icon </font>]]>
    </line>
    <line>
      <![CDATA[<font color='green'>The page  loaded successfully</font>]]>
    </line>
    <line>
      <![CDATA[<font color='green'>Move the mouse over 'Manage settings and defaults'</font>]]>
    </line>
    <line>
      <![CDATA[<font color='green'>Click on: Manage settings and defaults</font>]]>
    </line>
    <line>
      <![CDATA[<font color='green'>Click on: Edit Role Names </font>]]>
    </line>
    <line>
      <![CDATA[<font color='green'>Use Defaults Radio Button is selected in utilities Page</font>]]>
    </line>
    <line>
      <![CDATA[<font color='green'>The page  loaded successfully</font>]]>
    </line>
    <line>
      <![CDATA[<font color='green'>Click on: Save role name </font>]]>
    </line>
    <line>
      <![CDATA[<font color='green'>Click on Alert OK button</font>]]>
    </line>
    <line>
      <![CDATA[<font color='green'>Save role name button is clicked successfully.</font>]]>
    </line>
    <line>
      <![CDATA[<font color='blue'>Reports page is displayed successfully</font>]]>
    </line>
    <line>
      <![CDATA[<font color='green'>Click on: Reports tab </font>]]>
    </line>
    <line>
      <![CDATA[<font color='green'>The page  loaded successfully</font>]]>
    </line>
    <line>
      <![CDATA[<font color='blue'>Budget & Actual Report link is clicked Successfully</font>]]>
    </line>
    <line>
      <![CDATA[<font color='green'>Dropdown value is Selected Successfully</font>]]>
    </line>
    <line>
      <![CDATA[<font color='green'>Dropdown value is Selected Successfully</font>]]>
    </line>
    <line>
      <![CDATA[<font color='green'>Tax - 1040 Individual is selected from Dropdown list.</font>]]>
    </line>
    <line>
      <![CDATA[<font color='green'>Tax - 1040 Individual is selected from dropdown list.</font>]]>
    </line>
    <line>
      <![CDATA[<font color='blue'>Size of Fiscal Year Dropdown is : 11</font>]]>
    </line>
    <line>
      <![CDATA[<font color='blue'>Fiscal Year dropdown values are : [2015, 2016, 2017, 2018, 2019, 2020, 2021, 2022, 2023, 2024, 2025]</font>]]>
    </line>
    <line>
      <![CDATA[<font color='green'>Fiscal Year is entered Successfully</font>]]>
    </line>
    <line>
      <![CDATA[<font color='green'>Dropdown value is Selected Successfully</font>]]>
    </line>
    <line>
      <![CDATA[<font color='green'>Dropdown value is Selected Successfully</font>]]>
    </line>
    <line>
      <![CDATA[<font color='green'>Dropdown value is Selected Successfully</font>]]>
    </line>
    <line>
      <![CDATA[<font color='blue'>Export button is displayed successfully</font>]]>
    </line>
    <line>
      <![CDATA[<font color='green'>Click on: Export Button </font>]]>
    </line>
    <line>
      <![CDATA[<font color='green'>The page  loaded successfully</font>]]>
    </line>
    <line>
      <![CDATA[<font color='green'>  File has downloaded successfully.</font>]]>
    </line>
    <line>
      <![CDATA[<font color='blue'>Time taken to open the  report is: 4066 Milli Seconds.</font>]]>
    </line>
    <line>
      <![CDATA[<font color='blue'>################################DataSet: 1################################</font>]]>
    </line>
    <line>
      <![CDATA[<font color='green'>Utilites icon is successfully clicked.</font>]]>
    </line>
    <line>
      <![CDATA[<font color='green'>Click on: Utilities button icon </font>]]>
    </line>
    <line>
      <![CDATA[<font color='green'>The page  loaded successfully</font>]]>
    </line>
    <line>
      <![CDATA[<font color='green'>Move the mouse over 'Manage settings and defaults'</font>]]>
    </line>
    <line>
      <![CDATA[<font color='green'>Click on: Manage settings and defaults</font>]]>
    </line>
    <line>
      <![CDATA[<font color='green'>Click on: Edit Role Names </font>]]>
    </line>
    <line>
      <![CDATA[<font color='green'>Use Defaults Radio Button is selected in utilities Page</font>]]>
    </line>
    <line>
      <![CDATA[<font color='green'>The page  loaded successfully</font>]]>
    </line>
    <line>
      <![CDATA[<font color='green'>Click on: Save role name </font>]]>
    </line>
    <line>
      <![CDATA[<font color='green'>Click on Alert OK button</font>]]>
    </line>
    <line>
      <![CDATA[<font color='green'>Save role name button is clicked successfully.</font>]]>
    </line>
    <line>
      <![CDATA[<font color='blue'>Reports page is displayed successfully</font>]]>
    </line>
    <line>
      <![CDATA[<font color='green'>Click on: Reports tab </font>]]>
    </line>
    <line>
      <![CDATA[<font color='green'>The page  loaded successfully</font>]]>
    </line>
    <line>
      <![CDATA[<font color='blue'>Export Actual Report link is clicked Successfully</font>]]>
    </line>
    <line>
      <![CDATA[<font color='green'>Dropdown value is Selected Successfully</font>]]>
    </line>
    <line>
      <![CDATA[<font color='green'>Tax - 1040 Individual is selected from Dropdown list.</font>]]>
    </line>
    <line>
      <![CDATA[<font color='green'>Tax - 1040 Individual is selected from dropdown list.</font>]]>
    </line>
    <line>
      <![CDATA[<font color='green'>Fiscal Year is entered Successfully</font>]]>
    </line>
    <line>
      <![CDATA[<font color='blue'>Size of Fiscal Year Dropdown is : 11</font>]]>
    </line>
    <line>
      <![CDATA[<font color='blue'>Fiscal Year dropdown values are : [2015, 2016, 2017, 2018, 2019, 2020, 2021, 2022, 2023, 2024, 2025]</font>]]>
    </line>
    <line>
      <![CDATA[<font color='green'>Dropdown value is Selected Successfully</font>]]>
    </line>
    <line>
      <![CDATA[<font color='green'>Dropdown value is Selected Successfully</font>]]>
    </line>
    <line>
      <![CDATA[<font color='green'>Dropdown value is Selected Successfully</font>]]>
    </line>
    <line>
      <![CDATA[<font color='blue'>Export button is displayed successfully</font>]]>
    </line>
    <line>
      <![CDATA[<font color='green'>Click on: Export Button </font>]]>
    </line>
    <line>
      <![CDATA[<font color='green'>The page  loaded successfully</font>]]>
    </line>
    <line>
      <![CDATA[<font color='green'>  File has downloaded successfully.</font>]]>
    </line>
    <line>
      <![CDATA[<font color='blue'>Time taken to open the  report is: 4060 Milli Seconds.</font>]]>
    </line>
    <line>
      <![CDATA[<font color='blue'>################################DataSet: 1################################</font>]]>
    </line>
    <line>
      <![CDATA[<font color='green'>Utilites icon is successfully clicked.</font>]]>
    </line>
    <line>
      <![CDATA[<font color='green'>Click on: Utilities button icon </font>]]>
    </line>
    <line>
      <![CDATA[<font color='green'>The page  loaded successfully</font>]]>
    </line>
    <line>
      <![CDATA[<font color='green'>Move the mouse over 'Manage settings and defaults'</font>]]>
    </line>
    <line>
      <![CDATA[<font color='green'>Click on: Manage settings and defaults</font>]]>
    </line>
    <line>
      <![CDATA[<font color='green'>Click on: Edit Role Names </font>]]>
    </line>
    <line>
      <![CDATA[<font color='green'>Use Defaults Radio Button is selected in utilities Page</font>]]>
    </line>
    <line>
      <![CDATA[<font color='green'>The page  loaded successfully</font>]]>
    </line>
    <line>
      <![CDATA[<font color='green'>Click on: Save role name </font>]]>
    </line>
    <line>
      <![CDATA[<font color='green'>Click on Alert OK button</font>]]>
    </line>
    <line>
      <![CDATA[<font color='green'>Save role name button is clicked successfully.</font>]]>
    </line>
    <line>
      <![CDATA[<font color='blue'>Reports page is displayed successfully</font>]]>
    </line>
    <line>
      <![CDATA[<font color='green'>Click on: Reports tab </font>]]>
    </line>
    <line>
      <![CDATA[<font color='green'>The page  loaded successfully</font>]]>
    </line>
    <line>
      <![CDATA[<font color='blue'>Budget & Staff Report link is clicked Successfully</font>]]>
    </line>
    <line>
      <![CDATA[<font color='green'>Tax - 1040 Individual is selected from Dropdown list.</font>]]>
    </line>
    <line>
      <![CDATA[<font color='green'>Tax - 1040 Individual is selected from dropdown list.</font>]]>
    </line>
    <line>
      <![CDATA[<font color='blue'>Size of Fiscal Year Dropdown is : 11</font>]]>
    </line>
    <line>
      <![CDATA[<font color='blue'>Fiscal Year dropdown values are : [2015, 2016, 2017, 2018, 2019, 2020, 2021, 2022, 2023, 2024, 2025]</font>]]>
    </line>
    <line>
      <![CDATA[<font color='green'>Fiscal Year is entered Successfully</font>]]>
    </line>
    <line>
      <![CDATA[<font color='green'>Dropdown value is Selected Successfully</font>]]>
    </line>
    <line>
      <![CDATA[<font color='green'>Dropdown value is Selected Successfully</font>]]>
    </line>
    <line>
      <![CDATA[<font color='green'>Dropdown value is Selected Successfully</font>]]>
    </line>
    <line>
      <![CDATA[<font color='blue'>Export button is displayed successfully</font>]]>
    </line>
    <line>
      <![CDATA[<font color='green'>Click on: Export Button </font>]]>
    </line>
    <line>
      <![CDATA[<font color='green'>The page  loaded successfully</font>]]>
    </line>
    <line>
      <![CDATA[<font color='green'>  File has downloaded successfully.</font>]]>
    </line>
    <line>
      <![CDATA[<font color='blue'>Time taken to open the  report is: 4068 Milli Seconds.</font>]]>
    </line>
    <line>
      <![CDATA[<font color='blue'>################################DataSet: 1################################</font>]]>
    </line>
    <line>
      <![CDATA[<font color='blue'>Reports page is displayed successfully</font>]]>
    </line>
    <line>
      <![CDATA[<font color='green'>Click on: Reports tab </font>]]>
    </line>
    <line>
      <![CDATA[<font color='green'>The page  loaded successfully</font>]]>
    </line>
    <line>
      <![CDATA[<font color='blue'>User Workload Report link is clicked Successfully</font>]]>
    </line>
    <line>
      <![CDATA[<font color='green'>"Run Report" button is clicked Successfully.</font>]]>
    </line>
    <line>
      <![CDATA[<font color='green'>"Run Report" button is present in Reports page.</font>]]>
    </line>
    <line>
      <![CDATA[<font color='green'>The page  loaded successfully</font>]]>
    </line>
    <line>
      <![CDATA[<font color='blue'>User Workload Report not generated .</font>]]>
    </line>
    <line>
      <![CDATA[<a href='Screenshots/TestFailure6.png'><font color='red'>User WorkloadReport not generated -Issue in the Report.</font> </a>]]>
    </line>
    <line>
      <![CDATA[<font color='blue'>################################DataSet: 1################################</font>]]>
    </line>
    <line>
      <![CDATA[<font color='blue'>Reports page is displayed successfully</font>]]>
    </line>
    <line>
      <![CDATA[<font color='green'>Click on: Reports tab </font>]]>
    </line>
    <line>
      <![CDATA[<font color='green'>The page  loaded successfully</font>]]>
    </line>
    <line>
      <![CDATA[<font color='blue'>Budgeting Report link is clicked Successfully</font>]]>
    </line>
    <line>
      <![CDATA[<font color='green'>"Run Report" button is clicked Successfully.</font>]]>
    </line>
    <line>
      <![CDATA[<font color='green'>"Run Report" button is present in Reports page.</font>]]>
    </line>
    <line>
      <![CDATA[<font color='green'>The page  loaded successfully</font>]]>
    </line>
    <line>
      <![CDATA[<font color='blue'>Budgeting Details Report not generated .</font>]]>
    </line>
    <line>
      <![CDATA[<a href='Screenshots/TestFailure7.png'><font color='red'>Budgeting DetailsReport not generated -Issue in the Report.</font> </a>]]>
    </line>
    <line>
      <![CDATA[<font color='blue'>################################DataSet: 1################################</font>]]>
    </line>
    <line>
      <![CDATA[<font color='blue'>Reports page is displayed successfully</font>]]>
    </line>
    <line>
      <![CDATA[<font color='green'>Click on: Reports tab </font>]]>
    </line>
    <line>
      <![CDATA[<font color='green'>The page  loaded successfully</font>]]>
    </line>
    <line>
      <![CDATA[<font color='blue'>Tasks By Task Type Report link is clicked Successfully</font>]]>
    </line>
    <line>
      <![CDATA[<font color='green'>"Run Report" button is clicked Successfully.</font>]]>
    </line>
    <line>
      <![CDATA[<font color='green'>"Run Report" button is present in Reports page.</font>]]>
    </line>
    <line>
      <![CDATA[<font color='green'>The page  loaded successfully</font>]]>
    </line>
    <line>
      <![CDATA[<font color='green'>Summary - By Task Type Report Window has opened Successfully.</font>]]>
    </line>
    <line>
      <![CDATA[<font color='blue'>################################DataSet: 1################################</font>]]>
    </line>
    <line>
      <![CDATA[<font color='blue'>Reports page is displayed successfully</font>]]>
    </line>
    <line>
      <![CDATA[<font color='green'>Click on: Reports tab </font>]]>
    </line>
    <line>
      <![CDATA[<font color='green'>The page  loaded successfully</font>]]>
    </line>
    <line>
      <![CDATA[<font color='blue'>Tasks By Status Report link is clicked Successfully</font>]]>
    </line>
    <line>
      <![CDATA[<font color='green'>"Run Report" button is clicked Successfully.</font>]]>
    </line>
    <line>
      <![CDATA[<font color='green'>"Run Report" button is present in Reports page.</font>]]>
    </line>
    <line>
      <![CDATA[<font color='green'>The page  loaded successfully</font>]]>
    </line>
    <line>
      <![CDATA[<font color='green'>Summary - By Status Report Window has opened Successfully.</font>]]>
    </line>
    <line>
      <![CDATA[<font color='blue'>################################DataSet: 1################################</font>]]>
    </line>
    <line>
      <![CDATA[<font color='blue'>Reports page is displayed successfully</font>]]>
    </line>
    <line>
      <![CDATA[<font color='green'>Click on: Reports tab </font>]]>
    </line>
    <line>
      <![CDATA[<font color='green'>The page  loaded successfully</font>]]>
    </line>
    <line>
      <![CDATA[<font color='blue'>Engagement Dates Report link is clicked Successfully</font>]]>
    </line>
    <line>
      <![CDATA[<font color='green'>"Run Report" button is clicked Successfully.</font>]]>
    </line>
    <line>
      <![CDATA[<font color='green'>"Run Report" button is present in Reports page.</font>]]>
    </line>
    <line>
      <![CDATA[<font color='green'>The page  loaded successfully</font>]]>
    </line>
    <line>
      <![CDATA[<font color='green'>Task Details - Engagement Dates Report Window has opened Successfully.</font>]]>
    </line>
    <line>
      <![CDATA[<font color='blue'>################################DataSet: 1################################</font>]]>
    </line>
    <line>
      <![CDATA[<font color='blue'>Reports page is displayed successfully</font>]]>
    </line>
    <line>
      <![CDATA[<font color='green'>Click on: Reports tab </font>]]>
    </line>
    <line>
      <![CDATA[<font color='green'>The page  loaded successfully</font>]]>
    </line>
    <line>
      <![CDATA[<font color='blue'>Engagement Details Report link is clicked Successfully</font>]]>
    </line>
    <line>
      <![CDATA[<font color='green'>"Run Report" button is clicked Successfully.</font>]]>
    </line>
    <line>
      <![CDATA[<font color='green'>"Run Report" button is present in Reports page.</font>]]>
    </line>
    <line>
      <![CDATA[<font color='green'>The page  loaded successfully</font>]]>
    </line>
    <line>
      <![CDATA[<font color='green'>Task Details - Engagement Details Report Window has opened Successfully.</font>]]>
    </line>
    <line>
      <![CDATA[<font color='blue'>################################DataSet: 1################################</font>]]>
    </line>
    <line>
      <![CDATA[<font color='blue'>Reports page is displayed successfully</font>]]>
    </line>
    <line>
      <![CDATA[<font color='green'>Click on: Reports tab </font>]]>
    </line>
    <line>
      <![CDATA[<font color='green'>The page  loaded successfully</font>]]>
    </line>
    <line>
      <![CDATA[<font color='blue'>Engagement Summary Report link is clicked Successfully</font>]]>
    </line>
    <line>
      <![CDATA[<font color='green'>"Run Report" button is clicked Successfully.</font>]]>
    </line>
    <line>
      <![CDATA[<font color='green'>"Run Report" button is present in Reports page.</font>]]>
    </line>
    <line>
      <![CDATA[<font color='green'>The page  loaded successfully</font>]]>
    </line>
    <line>
      <![CDATA[<font color='green'>Engagement Summary Report Report Window has opened Successfully.</font>]]>
    </line>
    <line>
      <![CDATA[<font color='blue'>################################DataSet: 1################################</font>]]>
    </line>
    <line>
      <![CDATA[<font color='blue'>Reports page is displayed successfully</font>]]>
    </line>
    <line>
      <![CDATA[<font color='green'>Click on: Reports tab </font>]]>
    </line>
    <line>
      <![CDATA[<font color='green'>The page  loaded successfully</font>]]>
    </line>
    <line>
      <![CDATA[<font color='blue'>SignOffs Report link is clicked Successfully</font>]]>
    </line>
    <line>
      <![CDATA[<font color='green'>"Run Report" button is clicked Successfully.</font>]]>
    </line>
    <line>
      <![CDATA[<font color='green'>"Run Report" button is present in Reports page.</font>]]>
    </line>
    <line>
      <![CDATA[<font color='green'>The page  loaded successfully</font>]]>
    </line>
    <line>
      <![CDATA[<font color='green'>Task Details - Sign Offs Report Window has opened Successfully.</font>]]>
    </line>
    <line>
      <![CDATA[<font color='blue'>################################DataSet: 1################################</font>]]>
    </line>
    <line>
      <![CDATA[<font color='blue'>Reports page is displayed successfully</font>]]>
    </line>
    <line>
      <![CDATA[<font color='green'>Click on: Reports tab </font>]]>
    </line>
    <line>
      <![CDATA[<font color='green'>The page  loaded successfully</font>]]>
    </line>
    <line>
      <![CDATA[<font color='blue'>SignOffs By Date Report link is clicked Successfully</font>]]>
    </line>
    <line>
      <![CDATA[<font color='green'>"Run Report" button is clicked Successfully.</font>]]>
    </line>
    <line>
      <![CDATA[<font color='green'>"Run Report" button is present in Reports page.</font>]]>
    </line>
    <line>
      <![CDATA[<font color='green'>The page  loaded successfully</font>]]>
    </line>
    <line>
      <![CDATA[<font color='green'>Task Details - Sign Offs By Date Report Window has opened Successfully.</font>]]>
    </line>
    <line>
      <![CDATA[<font color='blue'>################################DataSet: 1################################</font>]]>
    </line>
    <line>
      <![CDATA[<font color='blue'>Reports page is displayed successfully</font>]]>
    </line>
    <line>
      <![CDATA[<font color='green'>Click on: Reports tab </font>]]>
    </line>
    <line>
      <![CDATA[<font color='green'>The page  loaded successfully</font>]]>
    </line>
    <line>
      <![CDATA[<font color='blue'>Client/Entity Details Report link is clicked Successfully</font>]]>
    </line>
    <line>
      <![CDATA[<font color='green'>"Run Report" button is clicked Successfully.</font>]]>
    </line>
    <line>
      <![CDATA[<font color='green'>"Run Report" button is present in Reports page.</font>]]>
    </line>
    <line>
      <![CDATA[<font color='green'>The page  loaded successfully</font>]]>
    </line>
    <line>
      <![CDATA[<font color='green'>Client Details Report Window has opened Successfully.</font>]]>
    </line>
    <line>
      <![CDATA[<font color='blue'>################################DataSet: 1################################</font>]]>
    </line>
    <line>
      <![CDATA[<font color='blue'>Reports page is displayed successfully</font>]]>
    </line>
    <line>
      <![CDATA[<font color='green'>Click on: Reports tab </font>]]>
    </line>
    <line>
      <![CDATA[<font color='green'>The page  loaded successfully</font>]]>
    </line>
    <line>
      <![CDATA[<font color='blue'>Group Details Report link is clicked Successfully</font>]]>
    </line>
    <line>
      <![CDATA[<font color='green'>"Run Report" button is clicked Successfully.</font>]]>
    </line>
    <line>
      <![CDATA[<font color='green'>"Run Report" button is present in Reports page.</font>]]>
    </line>
    <line>
      <![CDATA[<font color='green'>The page  loaded successfully</font>]]>
    </line>
    <line>
      <![CDATA[<font color='green'>Group Details Report Window has opened Successfully.</font>]]>
    </line>
    <line>
      <![CDATA[<font color='blue'>################################DataSet: 1################################</font>]]>
    </line>
    <line>
      <![CDATA[<font color='blue'>Reports page is displayed successfully</font>]]>
    </line>
    <line>
      <![CDATA[<font color='green'>Click on: Reports tab </font>]]>
    </line>
    <line>
      <![CDATA[<font color='green'>The page  loaded successfully</font>]]>
    </line>
    <line>
      <![CDATA[<font color='blue'>Outsource Billing Report link is clicked Successfully</font>]]>
    </line>
    <line>
      <![CDATA[<font color='green'>"Run Report" button is clicked Successfully.</font>]]>
    </line>
    <line>
      <![CDATA[<font color='green'>"Run Report" button is present in Reports page.</font>]]>
    </line>
    <line>
      <![CDATA[<font color='green'>The page  loaded successfully</font>]]>
    </line>
    <line>
      <![CDATA[<font color='green'>Task Details - Outsource Billing Report Window has opened Successfully.</font>]]>
    </line>
    <line>
      <![CDATA[<font color='blue'>################################DataSet: 1################################</font>]]>
    </line>
    <line>
      <![CDATA[<font color='blue'>Reports page is displayed successfully</font>]]>
    </line>
    <line>
      <![CDATA[<font color='green'>Click on: Reports tab </font>]]>
    </line>
    <line>
      <![CDATA[<font color='green'>The page  loaded successfully</font>]]>
    </line>
    <line>
      <![CDATA[<font color='blue'>Recurring Tasks Report link is clicked Successfully</font>]]>
    </line>
    <line>
      <![CDATA[<font color='green'>"Run Report" button is clicked Successfully.</font>]]>
    </line>
    <line>
      <![CDATA[<font color='green'>"Run Report" button is present in Reports page.</font>]]>
    </line>
    <line>
      <![CDATA[<font color='green'>The page  loaded successfully</font>]]>
    </line>
    <line>
      <![CDATA[<font color='green'>Recurring Tasks Report Window has opened Successfully.</font>]]>
    </line>
    <line>
      <![CDATA[<font color='blue'>################################DataSet: 1################################</font>]]>
    </line>
    <line>
      <![CDATA[<font color='blue'>Reports page is displayed successfully</font>]]>
    </line>
    <line>
      <![CDATA[<font color='green'>Click on: Reports tab </font>]]>
    </line>
    <line>
      <![CDATA[<font color='green'>The page  loaded successfully</font>]]>
    </line>
    <line>
      <![CDATA[<font color='blue'>Staffing Assignments Report link is clicked Successfully</font>]]>
    </line>
    <line>
      <![CDATA[<font color='green'>"Run Report" button is clicked Successfully.</font>]]>
    </line>
    <line>
      <![CDATA[<font color='green'>"Run Report" button is present in Reports page.</font>]]>
    </line>
    <line>
      <![CDATA[<font color='green'>The page  loaded successfully</font>]]>
    </line>
    <line>
      <![CDATA[<font color='green'>Manage Staffing - By Client & Task Report Window has opened Successfully.</font>]]>
    </line>
    <line>
      <![CDATA[<font color='blue'>################################DataSet: 1################################</font>]]>
    </line>
    <line>
      <![CDATA[<font color='blue'>Reports page is displayed successfully</font>]]>
    </line>
    <line>
      <![CDATA[<font color='green'>Click on: Reports tab </font>]]>
    </line>
    <line>
      <![CDATA[<font color='green'>The page  loaded successfully</font>]]>
    </line>
    <line>
      <![CDATA[<font color='blue'>User Details Report link is clicked Successfully</font>]]>
    </line>
    <line>
      <![CDATA[<font color='green'>"Run Report" button is clicked Successfully.</font>]]>
    </line>
    <line>
      <![CDATA[<font color='green'>"Run Report" button is present in Reports page.</font>]]>
    </line>
    <line>
      <![CDATA[<font color='green'>The page  loaded successfully</font>]]>
    </line>
    <line>
      <![CDATA[<font color='green'>User Details Report Window has opened Successfully.</font>]]>
    </line>
    <line>
      <![CDATA[<font color='blue'>################################DataSet: 1################################</font>]]>
    </line>
    <line>
      <![CDATA[<font color='blue'>Reports page is displayed successfully</font>]]>
    </line>
    <line>
      <![CDATA[<font color='green'>Click on: Reports tab </font>]]>
    </line>
    <line>
      <![CDATA[<font color='green'>The page  loaded successfully</font>]]>
    </line>
    <line>
      <![CDATA[<font color='blue'>Workflow Status Mapping Report link is clicked Successfully</font>]]>
    </line>
    <line>
      <![CDATA[<font color='green'>"Run Report" button is clicked Successfully.</font>]]>
    </line>
    <line>
      <![CDATA[<font color='green'>"Run Report" button is present in Reports page.</font>]]>
    </line>
    <line>
      <![CDATA[<font color='green'>The page  loaded successfully</font>]]>
    </line>
    <line>
      <![CDATA[<font color='green'>Workflow Mapping Report Report Window has opened Successfully.</font>]]>
    </line>
    <line>
      <![CDATA[<font color='blue'>################################DataSet: 1################################</font>]]>
    </line>
    <line>
      <![CDATA[<font color='blue'>Reports page is displayed successfully</font>]]>
    </line>
    <line>
      <![CDATA[<font color='green'>Click on: Reports tab </font>]]>
    </line>
    <line>
      <![CDATA[<font color='green'>The page  loaded successfully</font>]]>
    </line>
    <line>
      <![CDATA[<font color='blue'>Yearly Tax Comparison Report Report link is clicked Successfully</font>]]>
    </line>
    <line>
      <![CDATA[<font color='green'>Period End is entered Successfully aganist </font>]]>
    </line>
    <line>
      <![CDATA[<font color='green'>5/8/19 is entered in date field.</font>]]>
    </line>
    <line>
      <![CDATA[<font color='green'>Report as of is entered Successfully aganist </font>]]>
    </line>
    <line>
      <![CDATA[<font color='green'>8/9/19 is entered in date field.</font>]]>
    </line>
    <line>
      <![CDATA[<font color='green'>"Run Report" button is clicked Successfully.</font>]]>
    </line>
    <line>
      <![CDATA[<font color='green'>"Run Report" button is present in Reports page.</font>]]>
    </line>
    <line>
      <![CDATA[<font color='green'>The page  loaded successfully</font>]]>
    </line>
    <line>
      <![CDATA[<font color='green'>Yearly Tax Comparison Report Report Window has opened Successfully.</font>]]>
    </line>
    <line>
      <![CDATA[<font color='blue'>################################DataSet: 1################################</font>]]>
    </line>
    <line>
      <![CDATA[<font color='green'>Click on: Profile link </font>]]>
    </line>
    <line>
      <![CDATA[<font color='green'>Click on: Log off </font>]]>
    </line>
  </reporter-output>
  <suite name="Suite" duration-ms="7203135" started-at="2020-12-09T17:11:59Z" finished-at="2020-12-09T19:12:02Z">
    <groups>
    </groups>
    <test name="Desktop1" duration-ms="7203135" started-at="2020-12-09T17:11:59Z" finished-at="2020-12-09T19:12:02Z">
      <class name="TestCases.TestCases">
        <test-method status="PASS" signature="init()[pri:0, instance:TestCases.TestCases@2c9f9fb0]" name="init" is-config="true" duration-ms="1015" started-at="2020-12-09T22:41:58Z" finished-at="2020-12-09T22:41:59Z">
          <reporter-output>
          </reporter-output>
        </test-method> <!-- init -->
        <test-method status="PASS" signature="precondition(java.lang.String, java.lang.String, java.lang.String, java.lang.String, java.lang.String, java.lang.String, java.lang.String, java.lang.String)[pri:0, instance:TestCases.TestCases@2c9f9fb0]" name="precondition" is-config="true" duration-ms="20297" started-at="2020-12-09T22:41:59Z" finished-at="2020-12-09T22:42:19Z">
          <params>
            <param index="0">
              <value>
                <![CDATA[Desktop1]]>
              </value>
            </param>
            <param index="1">
              <value>
                <![CDATA[localhost]]>
              </value>
            </param>
            <param index="2">
              <value>
                <![CDATA[7851]]>
              </value>
            </param>
            <param index="3">
              <value>
                <![CDATA[chrome]]>
              </value>
            </param>
            <param index="4">
              <value>
                <![CDATA[Windows]]>
              </value>
            </param>
            <param index="5">
              <value>
                <![CDATA[60]]>
              </value>
            </param>
            <param index="6">
              <value>
                <![CDATA[10]]>
              </value>
            </param>
            <param index="7">
              <value>
                <![CDATA[1]]>
              </value>
            </param>
          </params>
          <reporter-output>
            <line>
              <![CDATA[<font color='green'>Open Browser : chrome</font>]]>
            </line>
            <line>
              <![CDATA[<font color='green'>Navigate to : https://qat.xcmsolutions.com/xcmv2</font>]]>
            </line>
          </reporter-output>
        </test-method> <!-- precondition -->
        <test-method status="PASS" signature="before()[pri:0, instance:TestCases.TestCases@2c9f9fb0]" name="before" is-config="true" duration-ms="0" started-at="2020-12-09T22:42:19Z" finished-at="2020-12-09T22:42:19Z">
          <reporter-output>
          </reporter-output>
        </test-method> <!-- before -->
        <test-method status="PASS" signature="TC_Login(java.lang.reflect.Method)[pri:0, instance:TestCases.TestCases@2c9f9fb0]" name="TC_Login" duration-ms="23218" started-at="2020-12-09T22:42:19Z" finished-at="2020-12-09T22:42:42Z">
          <params>
            <param index="0">
              <value>
                <![CDATA[public void TestCases.TestCases.TC_Login(java.lang.reflect.Method)]]>
              </value>
            </param>
          </params>
          <reporter-output>
            <line>
              <![CDATA[<font color='blue'>################################DataSet: 1################################</font>]]>
            </line>
            <line>
              <![CDATA[<font color='blue'>Server Details : BLR-QA-FE-1</font>]]>
            </line>
            <line>
              <![CDATA[<font color='green'>Type '117web@xcmsolutions.com' in : Username </font>]]>
            </line>
            <line>
              <![CDATA[<font color='green'>Type 'Xpitax@789' in : Password </font>]]>
            </line>
            <line>
              <![CDATA[<font color='green'>Click on: Login button </font>]]>
            </line>
            <line>
              <![CDATA[<font color='green'>Home page is displayed</font>]]>
            </line>
          </reporter-output>
        </test-method> <!-- TC_Login -->
        <test-method status="FAIL" signature="UR_IPA_01(java.lang.reflect.Method)[pri:0, instance:TestCases.TestCases@2c9f9fb0]" name="UR_IPA_01" duration-ms="207961" started-at="2020-12-09T22:42:42Z" finished-at="2020-12-09T22:46:10Z">
          <params>
            <param index="0">
              <value>
                <![CDATA[public void TestCases.TestCases.UR_IPA_01(java.lang.reflect.Method)]]>
              </value>
            </param>
          </params>
          <exception class="java.lang.AssertionError">
            <message>
              <![CDATA[null]]>
            </message>
            <full-stacktrace>
              <![CDATA[java.lang.AssertionError: null
	at org.testng.Assert.fail(Assert.java:94)
	at org.testng.Assert.fail(Assert.java:101)
	at utilities.Common.testFailed(Common.java:148)
	at TestCases.TestCases.TestEnd(TestCases.java:10774)
	at TestCases.TestCases.UR_IPA_01(TestCases.java:150)
	at sun.reflect.NativeMethodAccessorImpl.invoke0(Native Method)
	at sun.reflect.NativeMethodAccessorImpl.invoke(Unknown Source)
	at sun.reflect.DelegatingMethodAccessorImpl.invoke(Unknown Source)
	at java.lang.reflect.Method.invoke(Unknown Source)
	at org.testng.internal.MethodInvocationHelper.invokeMethod(MethodInvocationHelper.java:104)
	at org.testng.internal.Invoker.invokeMethod(Invoker.java:645)
	at org.testng.internal.Invoker.invokeTestMethod(Invoker.java:851)
	at org.testng.internal.Invoker.invokeTestMethods(Invoker.java:1177)
	at org.testng.internal.TestMethodWorker.invokeTestMethods(TestMethodWorker.java:129)
	at org.testng.internal.TestMethodWorker.run(TestMethodWorker.java:112)
	at org.testng.TestRunner.privateRun(TestRunner.java:756)
	at org.testng.TestRunner.run(TestRunner.java:610)
	at org.testng.SuiteRunner.runTest(SuiteRunner.java:387)
	at org.testng.SuiteRunner.access$000(SuiteRunner.java:39)
	at org.testng.SuiteRunner$SuiteWorker.run(SuiteRunner.java:421)
	at org.testng.internal.thread.ThreadUtil$2.call(ThreadUtil.java:64)
	at java.util.concurrent.FutureTask.run(Unknown Source)
	at java.util.concurrent.ThreadPoolExecutor.runWorker(Unknown Source)
	at java.util.concurrent.ThreadPoolExecutor$Worker.run(Unknown Source)
	at java.lang.Thread.run(Unknown Source)
]]>
            </full-stacktrace>
          </exception> <!-- java.lang.AssertionError -->
          <reporter-output>
            <line>
              <![CDATA[<font color='blue'>################################DataSet: 1################################</font>]]>
            </line>
            <line>
              <![CDATA[<font color='blue'>Reports page is displayed successfully</font>]]>
            </line>
            <line>
              <![CDATA[<font color='green'>Click on: Reports tab </font>]]>
            </line>
            <line>
              <![CDATA[<font color='green'>The page  loaded successfully</font>]]>
            </line>
            <line>
              <![CDATA[<font color='blue'>Issues & Points - All Report link is clicked Successfully</font>]]>
            </line>
            <line>
              <![CDATA[<a href='Screenshots/TestFailure1.png'><font color='red'>Not able to find Run Report</font> </a>]]>
            </line>
            <line>
              <![CDATA[<a href='Screenshots/TestFailure2.png'><font color='red'>The given window "2" is failed to open</font> </a>]]>
            </line>
          </reporter-output>
        </test-method> <!-- UR_IPA_01 -->
        <test-method status="PASS" signature="before()[pri:0, instance:TestCases.TestCases@2c9f9fb0]" name="before" is-config="true" duration-ms="0" started-at="2020-12-09T22:42:42Z" finished-at="2020-12-09T22:42:42Z">
          <reporter-output>
          </reporter-output>
        </test-method> <!-- before -->
        <test-method status="PASS" signature="before()[pri:0, instance:TestCases.TestCases@2c9f9fb0]" name="before" is-config="true" duration-ms="0" started-at="2020-12-09T22:46:10Z" finished-at="2020-12-09T22:46:10Z">
          <reporter-output>
          </reporter-output>
        </test-method> <!-- before -->
        <test-method status="PASS" signature="UR_IPO_01(java.lang.reflect.Method)[pri:0, instance:TestCases.TestCases@2c9f9fb0]" name="UR_IPO_01" duration-ms="160425" started-at="2020-12-09T22:46:10Z" finished-at="2020-12-09T22:48:51Z">
          <params>
            <param index="0">
              <value>
                <![CDATA[public void TestCases.TestCases.UR_IPO_01(java.lang.reflect.Method)]]>
              </value>
            </param>
          </params>
          <reporter-output>
            <line>
              <![CDATA[<font color='blue'>################################DataSet: 1################################</font>]]>
            </line>
            <line>
              <![CDATA[<font color='blue'>Reports page is displayed successfully</font>]]>
            </line>
            <line>
              <![CDATA[<font color='green'>Click on: Reports tab </font>]]>
            </line>
            <line>
              <![CDATA[<font color='green'>The page  loaded successfully</font>]]>
            </line>
            <line>
              <![CDATA[<font color='blue'>Issues & Points - Open Report link is clicked Successfully</font>]]>
            </line>
            <line>
              <![CDATA[<font color='green'>"Run Report" button is clicked Successfully.</font>]]>
            </line>
            <line>
              <![CDATA[<font color='green'>"Run Report" button is present in Reports page.</font>]]>
            </line>
            <line>
              <![CDATA[<font color='green'>The page  loaded successfully</font>]]>
            </line>
            <line>
              <![CDATA[<font color='green'>Issues/Points - Open Report Window has opened Successfully.</font>]]>
            </line>
          </reporter-output>
        </test-method> <!-- UR_IPO_01 -->
        <test-method status="PASS" signature="UR_CLS_01(java.lang.reflect.Method)[pri:0, instance:TestCases.TestCases@2c9f9fb0]" name="UR_CLS_01" duration-ms="160088" started-at="2020-12-09T22:48:51Z" finished-at="2020-12-09T22:51:31Z">
          <params>
            <param index="0">
              <value>
                <![CDATA[public void TestCases.TestCases.UR_CLS_01(java.lang.reflect.Method)]]>
              </value>
            </param>
          </params>
          <reporter-output>
            <line>
              <![CDATA[<font color='blue'>################################DataSet: 1################################</font>]]>
            </line>
            <line>
              <![CDATA[<font color='blue'>Reports page is displayed successfully</font>]]>
            </line>
            <line>
              <![CDATA[<font color='green'>Click on: Reports tab </font>]]>
            </line>
            <line>
              <![CDATA[<font color='green'>The page  loaded successfully</font>]]>
            </line>
            <line>
              <![CDATA[<font color='blue'>CheckList Status Report link is clicked Successfully</font>]]>
            </line>
            <line>
              <![CDATA[<font color='green'>"Run Report" button is clicked Successfully.</font>]]>
            </line>
            <line>
              <![CDATA[<font color='green'>"Run Report" button is present in Reports page.</font>]]>
            </line>
            <line>
              <![CDATA[<font color='green'>The page  loaded successfully</font>]]>
            </line>
            <line>
              <![CDATA[<font color='green'>Checklist Report Report Window has opened Successfully.</font>]]>
            </line>
          </reporter-output>
        </test-method> <!-- UR_CLS_01 -->
        <test-method status="PASS" signature="before()[pri:0, instance:TestCases.TestCases@2c9f9fb0]" name="before" is-config="true" duration-ms="0" started-at="2020-12-09T22:48:51Z" finished-at="2020-12-09T22:48:51Z">
          <reporter-output>
          </reporter-output>
        </test-method> <!-- before -->
        <test-method status="PASS" signature="before()[pri:0, instance:TestCases.TestCases@2c9f9fb0]" name="before" is-config="true" duration-ms="1" started-at="2020-12-09T22:51:31Z" finished-at="2020-12-09T22:51:31Z">
          <reporter-output>
          </reporter-output>
        </test-method> <!-- before -->
        <test-method status="PASS" signature="UR_CLD_01(java.lang.reflect.Method)[pri:0, instance:TestCases.TestCases@2c9f9fb0]" name="UR_CLD_01" duration-ms="161346" started-at="2020-12-09T22:51:31Z" finished-at="2020-12-09T22:54:12Z">
          <params>
            <param index="0">
              <value>
                <![CDATA[public void TestCases.TestCases.UR_CLD_01(java.lang.reflect.Method)]]>
              </value>
            </param>
          </params>
          <reporter-output>
            <line>
              <![CDATA[<font color='blue'>################################DataSet: 1################################</font>]]>
            </line>
            <line>
              <![CDATA[<font color='blue'>Reports page is displayed successfully</font>]]>
            </line>
            <line>
              <![CDATA[<font color='green'>Click on: Reports tab </font>]]>
            </line>
            <line>
              <![CDATA[<font color='green'>The page  loaded successfully</font>]]>
            </line>
            <line>
              <![CDATA[<font color='blue'>CheckList Details Report link is clicked Successfully</font>]]>
            </line>
            <line>
              <![CDATA[<font color='green'>"Run Report" button is clicked Successfully.</font>]]>
            </line>
            <line>
              <![CDATA[<font color='green'>"Run Report" button is present in Reports page.</font>]]>
            </line>
            <line>
              <![CDATA[<font color='green'>The page  loaded successfully</font>]]>
            </line>
            <line>
              <![CDATA[<font color='green'>CheckList Details Report Window has opened Successfully.</font>]]>
            </line>
          </reporter-output>
        </test-method> <!-- UR_CLD_01 -->
        <test-method status="PASS" signature="before()[pri:0, instance:TestCases.TestCases@2c9f9fb0]" name="before" is-config="true" duration-ms="1" started-at="2020-12-09T22:54:12Z" finished-at="2020-12-09T22:54:12Z">
          <reporter-output>
          </reporter-output>
        </test-method> <!-- before -->
        <test-method status="PASS" signature="UR_MCT_01(java.lang.reflect.Method)[pri:0, instance:TestCases.TestCases@2c9f9fb0]" name="UR_MCT_01" duration-ms="160549" started-at="2020-12-09T22:54:12Z" finished-at="2020-12-09T22:56:53Z">
          <params>
            <param index="0">
              <value>
                <![CDATA[public void TestCases.TestCases.UR_MCT_01(java.lang.reflect.Method)]]>
              </value>
            </param>
          </params>
          <reporter-output>
            <line>
              <![CDATA[<font color='blue'>################################DataSet: 1################################</font>]]>
            </line>
            <line>
              <![CDATA[<font color='blue'>Reports page is displayed successfully</font>]]>
            </line>
            <line>
              <![CDATA[<font color='green'>Click on: Reports tab </font>]]>
            </line>
            <line>
              <![CDATA[<font color='green'>The page  loaded successfully</font>]]>
            </line>
            <line>
              <![CDATA[<font color='blue'>My Clients/Entities - Tasks Report link is clicked Successfully</font>]]>
            </line>
            <line>
              <![CDATA[<font color='green'>"Run Report" button is clicked Successfully.</font>]]>
            </line>
            <line>
              <![CDATA[<font color='green'>"Run Report" button is present in Reports page.</font>]]>
            </line>
            <line>
              <![CDATA[<font color='green'>The page  loaded successfully</font>]]>
            </line>
            <line>
              <![CDATA[<font color='green'>My Clients - Tasks Report Window has opened Successfully.</font>]]>
            </line>
          </reporter-output>
        </test-method> <!-- UR_MCT_01 -->
        <test-method status="PASS" signature="before()[pri:0, instance:TestCases.TestCases@2c9f9fb0]" name="before" is-config="true" duration-ms="0" started-at="2020-12-09T22:56:53Z" finished-at="2020-12-09T22:56:53Z">
          <reporter-output>
          </reporter-output>
        </test-method> <!-- before -->
        <test-method status="PASS" signature="UR_TIM_01(java.lang.reflect.Method)[pri:0, instance:TestCases.TestCases@2c9f9fb0]" name="UR_TIM_01" duration-ms="159983" started-at="2020-12-09T22:56:53Z" finished-at="2020-12-09T22:59:33Z">
          <params>
            <param index="0">
              <value>
                <![CDATA[public void TestCases.TestCases.UR_TIM_01(java.lang.reflect.Method)]]>
              </value>
            </param>
          </params>
          <reporter-output>
            <line>
              <![CDATA[<font color='blue'>################################DataSet: 1################################</font>]]>
            </line>
            <line>
              <![CDATA[<font color='blue'>Reports page is displayed successfully</font>]]>
            </line>
            <line>
              <![CDATA[<font color='green'>Click on: Reports tab </font>]]>
            </line>
            <line>
              <![CDATA[<font color='green'>The page  loaded successfully</font>]]>
            </line>
            <line>
              <![CDATA[<font color='blue'>Tasks I Moved Report link is clicked Successfully</font>]]>
            </line>
            <line>
              <![CDATA[<font color='green'>"Run Report" button is clicked Successfully.</font>]]>
            </line>
            <line>
              <![CDATA[<font color='green'>"Run Report" button is present in Reports page.</font>]]>
            </line>
            <line>
              <![CDATA[<font color='green'>The page  loaded successfully</font>]]>
            </line>
            <line>
              <![CDATA[<font color='green'>Tasks I Moved by Date Report Window has opened Successfully.</font>]]>
            </line>
          </reporter-output>
        </test-method> <!-- UR_TIM_01 -->
        <test-method status="PASS" signature="before()[pri:0, instance:TestCases.TestCases@2c9f9fb0]" name="before" is-config="true" duration-ms="0" started-at="2020-12-09T22:59:33Z" finished-at="2020-12-09T22:59:33Z">
          <reporter-output>
          </reporter-output>
        </test-method> <!-- before -->
        <test-method status="PASS" signature="DDR_BD_01(java.lang.reflect.Method)[pri:0, instance:TestCases.TestCases@2c9f9fb0]" name="DDR_BD_01" duration-ms="161334" started-at="2020-12-09T22:59:33Z" finished-at="2020-12-09T23:02:14Z">
          <params>
            <param index="0">
              <value>
                <![CDATA[public void TestCases.TestCases.DDR_BD_01(java.lang.reflect.Method)]]>
              </value>
            </param>
          </params>
          <reporter-output>
            <line>
              <![CDATA[<font color='blue'>################################DataSet: 1################################</font>]]>
            </line>
            <line>
              <![CDATA[<font color='blue'>Reports page is displayed successfully</font>]]>
            </line>
            <line>
              <![CDATA[<font color='green'>Click on: Reports tab </font>]]>
            </line>
            <line>
              <![CDATA[<font color='green'>The page  loaded successfully</font>]]>
            </line>
            <line>
              <![CDATA[<font color='blue'>By Deliverables Report link is clicked Successfully</font>]]>
            </line>
            <line>
              <![CDATA[<font color='green'>"Run Report" button is clicked Successfully.</font>]]>
            </line>
            <line>
              <![CDATA[<font color='green'>"Run Report" button is present in Reports page.</font>]]>
            </line>
            <line>
              <![CDATA[<font color='green'>The page  loaded successfully</font>]]>
            </line>
            <line>
              <![CDATA[<font color='green'>Due Date - Jurisdictions Report Window has opened Successfully.</font>]]>
            </line>
          </reporter-output>
        </test-method> <!-- DDR_BD_01 -->
        <test-method status="PASS" signature="before()[pri:0, instance:TestCases.TestCases@2c9f9fb0]" name="before" is-config="true" duration-ms="0" started-at="2020-12-09T23:02:14Z" finished-at="2020-12-09T23:02:14Z">
          <reporter-output>
          </reporter-output>
        </test-method> <!-- before -->
        <test-method status="PASS" signature="DDR_BDDF_01(java.lang.reflect.Method)[pri:0, instance:TestCases.TestCases@2c9f9fb0]" name="DDR_BDDF_01" duration-ms="160225" started-at="2020-12-09T23:02:14Z" finished-at="2020-12-09T23:04:54Z">
          <params>
            <param index="0">
              <value>
                <![CDATA[public void TestCases.TestCases.DDR_BDDF_01(java.lang.reflect.Method)]]>
              </value>
            </param>
          </params>
          <reporter-output>
            <line>
              <![CDATA[<font color='blue'>################################DataSet: 1################################</font>]]>
            </line>
            <line>
              <![CDATA[<font color='blue'>Reports page is displayed successfully</font>]]>
            </line>
            <line>
              <![CDATA[<font color='green'>Click on: Reports tab </font>]]>
            </line>
            <line>
              <![CDATA[<font color='green'>The page  loaded successfully</font>]]>
            </line>
            <line>
              <![CDATA[<font color='blue'>By Deliverables - Distributable Format Report link is clicked Successfully</font>]]>
            </line>
            <line>
              <![CDATA[<font color='green'>"Run Report" button is clicked Successfully.</font>]]>
            </line>
            <line>
              <![CDATA[<font color='green'>"Run Report" button is present in Reports page.</font>]]>
            </line>
            <line>
              <![CDATA[<font color='green'>The page  loaded successfully</font>]]>
            </line>
            <line>
              <![CDATA[<font color='green'>Custom Jurisdiction Report Report Window has opened Successfully.</font>]]>
            </line>
          </reporter-output>
        </test-method> <!-- DDR_BDDF_01 -->
        <test-method status="PASS" signature="DDR_BDDS_01(java.lang.reflect.Method)[pri:0, instance:TestCases.TestCases@2c9f9fb0]" name="DDR_BDDS_01" duration-ms="161897" started-at="2020-12-09T23:04:54Z" finished-at="2020-12-09T23:07:36Z">
          <params>
            <param index="0">
              <value>
                <![CDATA[public void TestCases.TestCases.DDR_BDDS_01(java.lang.reflect.Method)]]>
              </value>
            </param>
          </params>
          <reporter-output>
            <line>
              <![CDATA[<font color='blue'>################################DataSet: 1################################</font>]]>
            </line>
            <line>
              <![CDATA[<font color='blue'>Reports page is displayed successfully</font>]]>
            </line>
            <line>
              <![CDATA[<font color='green'>Click on: Reports tab </font>]]>
            </line>
            <line>
              <![CDATA[<font color='green'>The page  loaded successfully</font>]]>
            </line>
            <line>
              <![CDATA[<font color='blue'>Billing - Due Date Summary with Deliverable Count Report link is clicked Successfully</font>]]>
            </line>
            <line>
              <![CDATA[<font color='green'>"Run Report" button is clicked Successfully.</font>]]>
            </line>
            <line>
              <![CDATA[<font color='green'>"Run Report" button is present in Reports page.</font>]]>
            </line>
            <line>
              <![CDATA[<font color='green'>The page  loaded successfully</font>]]>
            </line>
            <line>
              <![CDATA[<font color='green'>Billing - Due Date Summary with Jurisdiction Count Report Window has opened Successfully.</font>]]>
            </line>
          </reporter-output>
        </test-method> <!-- DDR_BDDS_01 -->
        <test-method status="PASS" signature="before()[pri:0, instance:TestCases.TestCases@2c9f9fb0]" name="before" is-config="true" duration-ms="0" started-at="2020-12-09T23:04:54Z" finished-at="2020-12-09T23:04:54Z">
          <reporter-output>
          </reporter-output>
        </test-method> <!-- before -->
        <test-method status="PASS" signature="before()[pri:0, instance:TestCases.TestCases@2c9f9fb0]" name="before" is-config="true" duration-ms="0" started-at="2020-12-09T23:07:36Z" finished-at="2020-12-09T23:07:36Z">
          <reporter-output>
          </reporter-output>
        </test-method> <!-- before -->
        <test-method status="PASS" signature="DDR_EXT_01(java.lang.reflect.Method)[pri:0, instance:TestCases.TestCases@2c9f9fb0]" name="DDR_EXT_01" duration-ms="281628" started-at="2020-12-09T23:07:36Z" finished-at="2020-12-09T23:12:18Z">
          <params>
            <param index="0">
              <value>
                <![CDATA[public void TestCases.TestCases.DDR_EXT_01(java.lang.reflect.Method)]]>
              </value>
            </param>
          </params>
          <reporter-output>
            <line>
              <![CDATA[<font color='blue'>################################DataSet: 1################################</font>]]>
            </line>
            <line>
              <![CDATA[<font color='blue'>Reports page is displayed successfully</font>]]>
            </line>
            <line>
              <![CDATA[<font color='green'>Click on: Reports tab </font>]]>
            </line>
            <line>
              <![CDATA[<font color='green'>The page  loaded successfully</font>]]>
            </line>
            <line>
              <![CDATA[<font color='blue'>Extension Report link is clicked Successfully</font>]]>
            </line>
            <line>
              <![CDATA[<a href='Screenshots/TestFailure3.png'><font color='red'>Not able to find Run Report</font> </a>]]>
            </line>
            <line>
              <![CDATA[<a href='Screenshots/TestFailure4.png'><font color='red'>The given window "2" is failed to open</font> </a>]]>
            </line>
          </reporter-output>
        </test-method> <!-- DDR_EXT_01 -->
        <test-method status="PASS" signature="before()[pri:0, instance:TestCases.TestCases@2c9f9fb0]" name="before" is-config="true" duration-ms="0" started-at="2020-12-09T23:12:18Z" finished-at="2020-12-09T23:12:18Z">
          <reporter-output>
          </reporter-output>
        </test-method> <!-- before -->
        <test-method status="PASS" signature="DDR_SDF_01(java.lang.reflect.Method)[pri:0, instance:TestCases.TestCases@2c9f9fb0]" name="DDR_SDF_01" duration-ms="160666" started-at="2020-12-09T23:12:18Z" finished-at="2020-12-09T23:14:58Z">
          <params>
            <param index="0">
              <value>
                <![CDATA[public void TestCases.TestCases.DDR_SDF_01(java.lang.reflect.Method)]]>
              </value>
            </param>
          </params>
          <reporter-output>
            <line>
              <![CDATA[<font color='blue'>################################DataSet: 1################################</font>]]>
            </line>
            <line>
              <![CDATA[<font color='blue'>Reports page is displayed successfully</font>]]>
            </line>
            <line>
[...]
            </line>
            <line>
              <![CDATA[<font color='green'>The page  loaded successfully</font>]]>
            </line>
            <line>
              <![CDATA[<font color='green'>Task Details - Sign Offs By Date Report Window has opened Successfully.</font>]]>
            </line>
          </reporter-output>
        </test-method> <!-- CR_SOD_01 -->
        <test-method status="PASS" signature="AR_CED_01(java.lang.reflect.Method)[pri:0, instance:TestCases.TestCases@2c9f9fb0]" name="AR_CED_01" duration-ms="161166" started-at="2020-12-10T00:20:11Z" finished-at="2020-12-10T00:22:52Z">
          <params>
            <param index="0">
              <value>
                <![CDATA[public void TestCases.TestCases.AR_CED_01(java.lang.reflect.Method)]]>
              </value>
            </param>
          </params>
          <reporter-output>
            <line>
              <![CDATA[<font color='blue'>################################DataSet: 1################################</font>]]>
            </line>
            <line>
              <![CDATA[<font color='blue'>Reports page is displayed successfully</font>]]>
            </line>
            <line>
              <![CDATA[<font color='green'>Click on: Reports tab </font>]]>
            </line>
            <line>
              <![CDATA[<font color='green'>The page  loaded successfully</font>]]>
            </line>
            <line>
              <![CDATA[<font color='blue'>Client/Entity Details Report link is clicked Successfully</font>]]>
            </line>
            <line>
              <![CDATA[<font color='green'>"Run Report" button is clicked Successfully.</font>]]>
            </line>
            <line>
              <![CDATA[<font color='green'>"Run Report" button is present in Reports page.</font>]]>
            </line>
            <line>
              <![CDATA[<font color='green'>The page  loaded successfully</font>]]>
            </line>
            <line>
              <![CDATA[<font color='green'>Client Details Report Window has opened Successfully.</font>]]>
            </line>
          </reporter-output>
        </test-method> <!-- AR_CED_01 -->
        <test-method status="PASS" signature="before()[pri:0, instance:TestCases.TestCases@2c9f9fb0]" name="before" is-config="true" duration-ms="0" started-at="2020-12-10T00:20:11Z" finished-at="2020-12-10T00:20:11Z">
          <reporter-output>
          </reporter-output>
        </test-method> <!-- before -->
        <test-method status="PASS" signature="AR_GD_01(java.lang.reflect.Method)[pri:0, instance:TestCases.TestCases@2c9f9fb0]" name="AR_GD_01" duration-ms="161421" started-at="2020-12-10T00:22:52Z" finished-at="2020-12-10T00:25:34Z">
          <params>
            <param index="0">
              <value>
                <![CDATA[public void TestCases.TestCases.AR_GD_01(java.lang.reflect.Method)]]>
              </value>
            </param>
          </params>
          <reporter-output>
            <line>
              <![CDATA[<font color='blue'>################################DataSet: 1################################</font>]]>
            </line>
            <line>
              <![CDATA[<font color='blue'>Reports page is displayed successfully</font>]]>
            </line>
            <line>
              <![CDATA[<font color='green'>Click on: Reports tab </font>]]>
            </line>
            <line>
              <![CDATA[<font color='green'>The page  loaded successfully</font>]]>
            </line>
            <line>
              <![CDATA[<font color='blue'>Group Details Report link is clicked Successfully</font>]]>
            </line>
            <line>
              <![CDATA[<font color='green'>"Run Report" button is clicked Successfully.</font>]]>
            </line>
            <line>
              <![CDATA[<font color='green'>"Run Report" button is present in Reports page.</font>]]>
            </line>
            <line>
              <![CDATA[<font color='green'>The page  loaded successfully</font>]]>
            </line>
            <line>
              <![CDATA[<font color='green'>Group Details Report Window has opened Successfully.</font>]]>
            </line>
          </reporter-output>
        </test-method> <!-- AR_GD_01 -->
        <test-method status="PASS" signature="before()[pri:0, instance:TestCases.TestCases@2c9f9fb0]" name="before" is-config="true" duration-ms="0" started-at="2020-12-10T00:22:52Z" finished-at="2020-12-10T00:22:52Z">
          <reporter-output>
          </reporter-output>
        </test-method> <!-- before -->
        <test-method status="PASS" signature="before()[pri:0, instance:TestCases.TestCases@2c9f9fb0]" name="before" is-config="true" duration-ms="0" started-at="2020-12-10T00:25:34Z" finished-at="2020-12-10T00:25:34Z">
          <reporter-output>
          </reporter-output>
        </test-method> <!-- before -->
        <test-method status="PASS" signature="AR_OB_01(java.lang.reflect.Method)[pri:0, instance:TestCases.TestCases@2c9f9fb0]" name="AR_OB_01" duration-ms="167436" started-at="2020-12-10T00:25:34Z" finished-at="2020-12-10T00:28:21Z">
          <params>
            <param index="0">
              <value>
                <![CDATA[public void TestCases.TestCases.AR_OB_01(java.lang.reflect.Method)]]>
              </value>
            </param>
          </params>
          <reporter-output>
            <line>
              <![CDATA[<font color='blue'>################################DataSet: 1################################</font>]]>
            </line>
            <line>
              <![CDATA[<font color='blue'>Reports page is displayed successfully</font>]]>
            </line>
            <line>
              <![CDATA[<font color='green'>Click on: Reports tab </font>]]>
            </line>
            <line>
              <![CDATA[<font color='green'>The page  loaded successfully</font>]]>
            </line>
            <line>
              <![CDATA[<font color='blue'>Outsource Billing Report link is clicked Successfully</font>]]>
            </line>
            <line>
              <![CDATA[<font color='green'>"Run Report" button is clicked Successfully.</font>]]>
            </line>
            <line>
              <![CDATA[<font color='green'>"Run Report" button is present in Reports page.</font>]]>
            </line>
            <line>
              <![CDATA[<font color='green'>The page  loaded successfully</font>]]>
            </line>
            <line>
              <![CDATA[<font color='green'>Task Details - Outsource Billing Report Window has opened Successfully.</font>]]>
            </line>
          </reporter-output>
        </test-method> <!-- AR_OB_01 -->
        <test-method status="PASS" signature="before()[pri:0, instance:TestCases.TestCases@2c9f9fb0]" name="before" is-config="true" duration-ms="1" started-at="2020-12-10T00:28:21Z" finished-at="2020-12-10T00:28:21Z">
          <reporter-output>
          </reporter-output>
        </test-method> <!-- before -->
        <test-method status="PASS" signature="AR_RT_01(java.lang.reflect.Method)[pri:0, instance:TestCases.TestCases@2c9f9fb0]" name="AR_RT_01" duration-ms="160428" started-at="2020-12-10T00:28:21Z" finished-at="2020-12-10T00:31:01Z">
          <params>
            <param index="0">
              <value>
                <![CDATA[public void TestCases.TestCases.AR_RT_01(java.lang.reflect.Method)]]>
              </value>
            </param>
          </params>
          <reporter-output>
            <line>
              <![CDATA[<font color='blue'>################################DataSet: 1################################</font>]]>
            </line>
            <line>
              <![CDATA[<font color='blue'>Reports page is displayed successfully</font>]]>
            </line>
            <line>
              <![CDATA[<font color='green'>Click on: Reports tab </font>]]>
            </line>
            <line>
              <![CDATA[<font color='green'>The page  loaded successfully</font>]]>
            </line>
            <line>
              <![CDATA[<font color='blue'>Recurring Tasks Report link is clicked Successfully</font>]]>
            </line>
            <line>
              <![CDATA[<font color='green'>"Run Report" button is clicked Successfully.</font>]]>
            </line>
            <line>
              <![CDATA[<font color='green'>"Run Report" button is present in Reports page.</font>]]>
            </line>
            <line>
              <![CDATA[<font color='green'>The page  loaded successfully</font>]]>
            </line>
            <line>
              <![CDATA[<font color='green'>Recurring Tasks Report Window has opened Successfully.</font>]]>
            </line>
          </reporter-output>
        </test-method> <!-- AR_RT_01 -->
        <test-method status="PASS" signature="before()[pri:0, instance:TestCases.TestCases@2c9f9fb0]" name="before" is-config="true" duration-ms="0" started-at="2020-12-10T00:31:01Z" finished-at="2020-12-10T00:31:01Z">
          <reporter-output>
          </reporter-output>
        </test-method> <!-- before -->
        <test-method status="PASS" signature="AR_SA_01(java.lang.reflect.Method)[pri:0, instance:TestCases.TestCases@2c9f9fb0]" name="AR_SA_01" duration-ms="161532" started-at="2020-12-10T00:31:01Z" finished-at="2020-12-10T00:33:43Z">
          <params>
            <param index="0">
              <value>
                <![CDATA[public void TestCases.TestCases.AR_SA_01(java.lang.reflect.Method)]]>
              </value>
            </param>
          </params>
          <reporter-output>
            <line>
              <![CDATA[<font color='blue'>################################DataSet: 1################################</font>]]>
            </line>
            <line>
              <![CDATA[<font color='blue'>Reports page is displayed successfully</font>]]>
            </line>
            <line>
              <![CDATA[<font color='green'>Click on: Reports tab </font>]]>
            </line>
            <line>
              <![CDATA[<font color='green'>The page  loaded successfully</font>]]>
            </line>
            <line>
              <![CDATA[<font color='blue'>Staffing Assignments Report link is clicked Successfully</font>]]>
            </line>
            <line>
              <![CDATA[<font color='green'>"Run Report" button is clicked Successfully.</font>]]>
            </line>
            <line>
              <![CDATA[<font color='green'>"Run Report" button is present in Reports page.</font>]]>
            </line>
            <line>
              <![CDATA[<font color='green'>The page  loaded successfully</font>]]>
            </line>
            <line>
              <![CDATA[<font color='green'>Manage Staffing - By Client & Task Report Window has opened Successfully.</font>]]>
            </line>
          </reporter-output>
        </test-method> <!-- AR_SA_01 -->
        <test-method status="PASS" signature="AR_UD_01(java.lang.reflect.Method)[pri:0, instance:TestCases.TestCases@2c9f9fb0]" name="AR_UD_01" duration-ms="164297" started-at="2020-12-10T00:33:43Z" finished-at="2020-12-10T00:36:27Z">
          <params>
            <param index="0">
              <value>
                <![CDATA[public void TestCases.TestCases.AR_UD_01(java.lang.reflect.Method)]]>
              </value>
            </param>
          </params>
          <reporter-output>
            <line>
              <![CDATA[<font color='blue'>################################DataSet: 1################################</font>]]>
            </line>
            <line>
              <![CDATA[<font color='blue'>Reports page is displayed successfully</font>]]>
            </line>
            <line>
              <![CDATA[<font color='green'>Click on: Reports tab </font>]]>
            </line>
            <line>
              <![CDATA[<font color='green'>The page  loaded successfully</font>]]>
            </line>
            <line>
              <![CDATA[<font color='blue'>User Details Report link is clicked Successfully</font>]]>
            </line>
            <line>
              <![CDATA[<font color='green'>"Run Report" button is clicked Successfully.</font>]]>
            </line>
            <line>
              <![CDATA[<font color='green'>"Run Report" button is present in Reports page.</font>]]>
            </line>
            <line>
              <![CDATA[<font color='green'>The page  loaded successfully</font>]]>
            </line>
            <line>
              <![CDATA[<font color='green'>User Details Report Window has opened Successfully.</font>]]>
            </line>
          </reporter-output>
        </test-method> <!-- AR_UD_01 -->
        <test-method status="PASS" signature="before()[pri:0, instance:TestCases.TestCases@2c9f9fb0]" name="before" is-config="true" duration-ms="0" started-at="2020-12-10T00:33:43Z" finished-at="2020-12-10T00:33:43Z">
          <reporter-output>
          </reporter-output>
        </test-method> <!-- before -->
        <test-method status="PASS" signature="before()[pri:0, instance:TestCases.TestCases@2c9f9fb0]" name="before" is-config="true" duration-ms="0" started-at="2020-12-10T00:36:27Z" finished-at="2020-12-10T00:36:27Z">
          <reporter-output>
          </reporter-output>
        </test-method> <!-- before -->
        <test-method status="PASS" signature="AR_WSM_01(java.lang.reflect.Method)[pri:0, instance:TestCases.TestCases@2c9f9fb0]" name="AR_WSM_01" duration-ms="160198" started-at="2020-12-10T00:36:27Z" finished-at="2020-12-10T00:39:07Z">
          <params>
            <param index="0">
              <value>
                <![CDATA[public void TestCases.TestCases.AR_WSM_01(java.lang.reflect.Method)]]>
              </value>
            </param>
          </params>
          <reporter-output>
            <line>
              <![CDATA[<font color='blue'>################################DataSet: 1################################</font>]]>
            </line>
            <line>
              <![CDATA[<font color='blue'>Reports page is displayed successfully</font>]]>
            </line>
            <line>
              <![CDATA[<font color='green'>Click on: Reports tab </font>]]>
            </line>
            <line>
              <![CDATA[<font color='green'>The page  loaded successfully</font>]]>
            </line>
            <line>
              <![CDATA[<font color='blue'>Workflow Status Mapping Report link is clicked Successfully</font>]]>
            </line>
            <line>
              <![CDATA[<font color='green'>"Run Report" button is clicked Successfully.</font>]]>
            </line>
            <line>
              <![CDATA[<font color='green'>"Run Report" button is present in Reports page.</font>]]>
            </line>
            <line>
              <![CDATA[<font color='green'>The page  loaded successfully</font>]]>
            </line>
            <line>
              <![CDATA[<font color='green'>Workflow Mapping Report Report Window has opened Successfully.</font>]]>
            </line>
          </reporter-output>
        </test-method> <!-- AR_WSM_01 -->
        <test-method status="PASS" signature="AR_YTCR_01(java.lang.reflect.Method)[pri:0, instance:TestCases.TestCases@2c9f9fb0]" name="AR_YTCR_01" duration-ms="172416" started-at="2020-12-10T00:39:07Z" finished-at="2020-12-10T00:42:00Z">
          <params>
            <param index="0">
              <value>
                <![CDATA[public void TestCases.TestCases.AR_YTCR_01(java.lang.reflect.Method)]]>
              </value>
            </param>
          </params>
          <reporter-output>
            <line>
              <![CDATA[<font color='blue'>################################DataSet: 1################################</font>]]>
            </line>
            <line>
              <![CDATA[<font color='blue'>Reports page is displayed successfully</font>]]>
            </line>
            <line>
              <![CDATA[<font color='green'>Click on: Reports tab </font>]]>
            </line>
            <line>
              <![CDATA[<font color='green'>The page  loaded successfully</font>]]>
            </line>
            <line>
              <![CDATA[<font color='blue'>Yearly Tax Comparison Report Report link is clicked Successfully</font>]]>
            </line>
            <line>
              <![CDATA[<font color='green'>Period End is entered Successfully aganist </font>]]>
            </line>
            <line>
              <![CDATA[<font color='green'>5/8/19 is entered in date field.</font>]]>
            </line>
            <line>
              <![CDATA[<font color='green'>Report as of is entered Successfully aganist </font>]]>
            </line>
            <line>
              <![CDATA[<font color='green'>8/9/19 is entered in date field.</font>]]>
            </line>
            <line>
              <![CDATA[<font color='green'>"Run Report" button is clicked Successfully.</font>]]>
            </line>
            <line>
              <![CDATA[<font color='green'>"Run Report" button is present in Reports page.</font>]]>
            </line>
            <line>
              <![CDATA[<font color='green'>The page  loaded successfully</font>]]>
            </line>
            <line>
              <![CDATA[<font color='green'>Yearly Tax Comparison Report Report Window has opened Successfully.</font>]]>
            </line>
          </reporter-output>
        </test-method> <!-- AR_YTCR_01 -->
        <test-method status="PASS" signature="before()[pri:0, instance:TestCases.TestCases@2c9f9fb0]" name="before" is-config="true" duration-ms="0" started-at="2020-12-10T00:39:07Z" finished-at="2020-12-10T00:39:07Z">
          <reporter-output>
          </reporter-output>
        </test-method> <!-- before -->
        <test-method status="PASS" signature="TC_Logout(java.lang.reflect.Method)[pri:0, instance:TestCases.TestCases@2c9f9fb0]" name="TC_Logout" duration-ms="1796" started-at="2020-12-10T00:42:00Z" finished-at="2020-12-10T00:42:02Z">
          <params>
            <param index="0">
              <value>
                <![CDATA[public void TestCases.TestCases.TC_Logout(java.lang.reflect.Method)]]>
              </value>
            </param>
          </params>
          <reporter-output>
            <line>
              <![CDATA[<font color='blue'>################################DataSet: 1################################</font>]]>
            </line>
            <line>
              <![CDATA[<font color='green'>Click on: Profile link </font>]]>
            </line>
            <line>
              <![CDATA[<font color='green'>Click on: Log off </font>]]>
            </line>
          </reporter-output>
        </test-method> <!-- TC_Logout -->
        <test-method status="PASS" signature="before()[pri:0, instance:TestCases.TestCases@2c9f9fb0]" name="before" is-config="true" duration-ms="0" started-at="2020-12-10T00:42:00Z" finished-at="2020-12-10T00:42:00Z">
          <reporter-output>
          </reporter-output>
        </test-method> <!-- before -->
        <test-method status="PASS" signature="closeSessions()[pri:0, instance:TestCases.TestCases@2c9f9fb0]" name="closeSessions" is-config="true" duration-ms="102" started-at="2020-12-10T00:42:02Z" finished-at="2020-12-10T00:42:02Z">
          <reporter-output>
          </reporter-output>
        </test-method> <!-- closeSessions -->
      </class> <!-- TestCases.TestCases -->
    </test> <!-- Desktop1 -->
  </suite> <!-- Suite -->
</testng-results>
